2021-07-14 13:34:34.029: Dataset name: Amazon-video-games
The number of users: 2816
The number of items: 2141
The number of ratings: 52158
Average actions of users: 18.52
Average actions of items: 24.36
The sparsity of the dataset: 99.134889%
2021-07-14 13:34:34.029: 

NeuRec hyperparameters:
recommender=CDAE
config_dir=./conf
gpu_id=0
gpu_mem=0.5
data.input.path=/content/drive/MyDrive/recommender_datasets/datasets/
data.save.path=/content/drive/MyDrive/recommender_datasets/model_predictions/CDAE/
data.input.dataset=Amazon-video-games
data.rating.format=bin
data.fold=1
data.column.format=UIR
data.convert.separator=','
user_min=0
item_min=0
splitter=given
ratio=0.8
by_time=False
metric=["Precision", "Recall", "NDCG", "MAP", "MRR"]
topk=[10, 20]
group_view=None
rec.evaluate.neg=0
test_batch_size=128
num_thread=8

CDAE's hyperparameters:
lr=0.001
reg=0.001
hidden_dim=64
dropout=0.5
num_neg=5
epochs=250
batch_size=32
hidden_act=sigmoid
loss_func=sigmoid_cross_entropy

2021-07-14 13:34:34.882: metrics:	Precision@10	Precision@20	Recall@10   	Recall@20   	NDCG@10     	NDCG@20     	MAP@10      	MAP@20      	MRR@10      	MRR@20      
2021-07-14 13:34:37.388: epoch 0:	0.01113597  	0.00975788  	0.03300796  	0.05475629  	0.02208693  	0.02973250  	0.01100663  	0.01249814  	0.03243207  	0.03683682  
2021-07-14 13:34:39.589: epoch 1:	0.01191809  	0.01048414  	0.03327309  	0.05919317  	0.02323598  	0.03198480  	0.01159597  	0.01336553  	0.03575952  	0.04053671  
2021-07-14 13:34:41.772: epoch 2:	0.01188085  	0.01001859  	0.03418749  	0.05635564  	0.02387067  	0.03152002  	0.01191099  	0.01343321  	0.03763458  	0.04187046  
2021-07-14 13:34:43.977: epoch 3:	0.01054006  	0.00994410  	0.02957723  	0.05550110  	0.02082603  	0.02991735  	0.01062691  	0.01246594  	0.03211505  	0.03751203  
2021-07-14 13:34:46.184: epoch 4:	0.01128494  	0.00998135  	0.03160336  	0.05547357  	0.02324403  	0.03155170  	0.01205083  	0.01376776  	0.03769871  	0.04251667  
2021-07-14 13:34:48.407: epoch 5:	0.01113597  	0.00945994  	0.03180014  	0.05430007  	0.02362666  	0.03130122  	0.01247657  	0.01398304  	0.03796428  	0.04256408  
2021-07-14 13:34:50.635: epoch 6:	0.01180636  	0.01040964  	0.03354897  	0.05917976  	0.02463538  	0.03333222  	0.01287864  	0.01460665  	0.03964192  	0.04455449  
2021-07-14 13:34:52.842: epoch 7:	0.01128494  	0.01057724  	0.03253254  	0.05848004  	0.02335700  	0.03250736  	0.01185254  	0.01361650  	0.03811460  	0.04369442  
2021-07-14 13:34:55.031: epoch 8:	0.01072628  	0.00960891  	0.02977556  	0.05275859  	0.02101724  	0.02903257  	0.01050969  	0.01210060  	0.03233705  	0.03700183  
2021-07-14 13:34:57.225: epoch 9:	0.01162014  	0.01039102  	0.03267875  	0.05774064  	0.02377179  	0.03245251  	0.01219916  	0.01393940  	0.03819367  	0.04299358  
2021-07-14 13:34:59.427: epoch 10:	0.01195534  	0.01065173  	0.03278118  	0.05857398  	0.02348133  	0.03229070  	0.01181431  	0.01357885  	0.03692087  	0.04167409  
2021-07-14 13:35:01.640: epoch 11:	0.00986967  	0.00994410  	0.02782709  	0.05386185  	0.01947217  	0.02890540  	0.00959776  	0.01151347  	0.03164657  	0.03728830  
2021-07-14 13:35:03.831: epoch 12:	0.01121046  	0.01042827  	0.03161718  	0.05706673  	0.02227745  	0.03133844  	0.01115401  	0.01305289  	0.03497341  	0.03982720  
2021-07-14 13:35:06.010: epoch 13:	0.01072628  	0.00996273  	0.03062921  	0.05532117  	0.02216283  	0.03086977  	0.01121283  	0.01295699  	0.03654210  	0.04175666  
2021-07-14 13:35:08.188: epoch 14:	0.01184360  	0.00999997  	0.03155235  	0.05464188  	0.02227609  	0.03016171  	0.01092893  	0.01255885  	0.03484215  	0.03900070  
2021-07-14 13:35:10.374: epoch 15:	0.01124770  	0.01037240  	0.03068461  	0.05770436  	0.02289144  	0.03215409  	0.01163492  	0.01350305  	0.03811593  	0.04338865  
2021-07-14 13:35:12.571: epoch 16:	0.01094975  	0.00990686  	0.03109461  	0.05420156  	0.02275474  	0.03083898  	0.01186640  	0.01336820  	0.03620614  	0.04111737  
2021-07-14 13:35:14.782: epoch 17:	0.01206707  	0.01044690  	0.03305122  	0.05899613  	0.02346077  	0.03218534  	0.01136697  	0.01320894  	0.03892156  	0.04341048  
2021-07-14 13:35:17.013: epoch 18:	0.01080077  	0.00994411  	0.03127244  	0.05473781  	0.02214559  	0.03051723  	0.01119129  	0.01288818  	0.03539890  	0.04021909  
2021-07-14 13:35:19.201: epoch 19:	0.01202982  	0.01042827  	0.03280463  	0.05699795  	0.02337634  	0.03171117  	0.01144602  	0.01314543  	0.03768331  	0.04213546  
2021-07-14 13:35:21.457: epoch 20:	0.01147116  	0.01054000  	0.03125226  	0.05682258  	0.02248582  	0.03139242  	0.01123339  	0.01295648  	0.03660460  	0.04152111  
2021-07-14 13:35:23.686: epoch 21:	0.01154565  	0.01057725  	0.03320724  	0.05801959  	0.02426086  	0.03301827  	0.01251083  	0.01422543  	0.03969051  	0.04466150  
2021-07-14 13:35:25.861: epoch 22:	0.01176911  	0.01026068  	0.03348889  	0.05613191  	0.02460169  	0.03249861  	0.01276997  	0.01427946  	0.04036874  	0.04504592  
2021-07-14 13:35:28.053: epoch 23:	0.01284918  	0.01117314  	0.03434768  	0.06107568  	0.02583508  	0.03501583  	0.01323600  	0.01511719  	0.04356686  	0.04851184  
2021-07-14 13:35:30.231: epoch 24:	0.01303540  	0.01048414  	0.03599675  	0.05625512  	0.02526981  	0.03231438  	0.01219232  	0.01353391  	0.04122091  	0.04526646  
2021-07-14 13:35:32.404: epoch 25:	0.01236502  	0.01122901  	0.03416026  	0.06068197  	0.02465588  	0.03395019  	0.01242032  	0.01423165  	0.03960938  	0.04498656  
2021-07-14 13:35:34.590: epoch 26:	0.01433892  	0.01216010  	0.03778008  	0.06337796  	0.02861238  	0.03748324  	0.01466646  	0.01632046  	0.04807958  	0.05326110  
2021-07-14 13:35:36.777: epoch 27:	0.01415270  	0.01266289  	0.03772901  	0.06812070  	0.02814106  	0.03854986  	0.01416357  	0.01626981  	0.04718275  	0.05267723  
2021-07-14 13:35:39.005: epoch 28:	0.01445064  	0.01184352  	0.03809152  	0.06329657  	0.02726070  	0.03584846  	0.01348231  	0.01513041  	0.04261474  	0.04764538  
2021-07-14 13:35:41.185: epoch 29:	0.01489757  	0.01299808  	0.03744977  	0.06769077  	0.02864650  	0.03896285  	0.01448256  	0.01655412  	0.04817874  	0.05373627  
2021-07-14 13:35:43.378: epoch 30:	0.01631282  	0.01357535  	0.04301247  	0.07198729  	0.03103740  	0.04084426  	0.01549545  	0.01743442  	0.04850318  	0.05350196  
2021-07-14 13:35:45.563: epoch 31:	0.01672251  	0.01383606  	0.04507377  	0.07416517  	0.03359859  	0.04349485  	0.01721926  	0.01915890  	0.05479769  	0.06015223  
2021-07-14 13:35:47.741: epoch 32:	0.01709494  	0.01443195  	0.04486415  	0.07544793  	0.03270559  	0.04325471  	0.01628449  	0.01838464  	0.05216061  	0.05770658  
2021-07-14 13:35:49.938: epoch 33:	0.01649904  	0.01487887  	0.04432197  	0.08038784  	0.03250096  	0.04486163  	0.01630013  	0.01880900  	0.05352931  	0.05979250  
2021-07-14 13:35:52.155: epoch 34:	0.01802603  	0.01540028  	0.04712017  	0.08238136  	0.03406366  	0.04603714  	0.01682443  	0.01935839  	0.05342643  	0.05919729  
2021-07-14 13:35:54.454: epoch 35:	0.01944128  	0.01540028  	0.05079736  	0.08016882  	0.03686937  	0.04712638  	0.01866855  	0.02082118  	0.05704091  	0.06240464  
2021-07-14 13:35:56.659: epoch 36:	0.02048410  	0.01562374  	0.05389054  	0.08385932  	0.03860294  	0.04857445  	0.01882249  	0.02099669  	0.06097249  	0.06543870  
2021-07-14 13:35:58.857: epoch 37:	0.01977647  	0.01633136  	0.05165264  	0.08629622  	0.03772066  	0.04964702  	0.01891136  	0.02140883  	0.05927298  	0.06536278  
2021-07-14 13:36:01.059: epoch 38:	0.02156416  	0.01728107  	0.05917922  	0.09196503  	0.04207850  	0.05347795  	0.02125260  	0.02361443  	0.06477535  	0.07030073  
2021-07-14 13:36:03.245: epoch 39:	0.02271872  	0.01864047  	0.06074291  	0.09735829  	0.04446609  	0.05732772  	0.02276200  	0.02559462  	0.06943632  	0.07556012  
2021-07-14 13:36:05.470: epoch 40:	0.02383602  	0.01934809  	0.06444880  	0.10156062  	0.04544619  	0.05845779  	0.02248675  	0.02530641  	0.07013197  	0.07628625  
2021-07-14 13:36:07.668: epoch 41:	0.02402224  	0.01934810  	0.06574937  	0.10526759  	0.04584715  	0.05935507  	0.02291869  	0.02587693  	0.06808444  	0.07432010  
2021-07-14 13:36:09.872: epoch 42:	0.02450641  	0.02057713  	0.06582307  	0.11010206  	0.04642037  	0.06175879  	0.02298367  	0.02644966  	0.07043258  	0.07732552  
2021-07-14 13:36:12.075: epoch 43:	0.02499058  	0.02059576  	0.06648476  	0.10902271  	0.04969063  	0.06437690  	0.02610368  	0.02936976  	0.07702436  	0.08370829  
2021-07-14 13:36:14.287: epoch 44:	0.02573544  	0.02182480  	0.07208931  	0.11746934  	0.05035183  	0.06635079  	0.02525472  	0.02890866  	0.07627694  	0.08323357  
2021-07-14 13:36:16.482: epoch 45:	0.02644308  	0.02227172  	0.06937315  	0.11877779  	0.05203951  	0.06898420  	0.02732282  	0.03117952  	0.08143123  	0.08878846  
2021-07-14 13:36:18.677: epoch 46:	0.02629411  	0.02223448  	0.07116929  	0.11822969  	0.05183435  	0.06826515  	0.02678673  	0.03045940  	0.08012107  	0.08736698  
2021-07-14 13:36:20.901: epoch 47:	0.02614512  	0.02234621  	0.07107256  	0.11861337  	0.05370008  	0.07047676  	0.02873876  	0.03258069  	0.08441845  	0.09178104  
2021-07-14 13:36:23.146: epoch 48:	0.02685274  	0.02297934  	0.07392555  	0.12312282  	0.05304081  	0.07034580  	0.02728310  	0.03126245  	0.08060049  	0.08816718  
2021-07-14 13:36:25.322: epoch 49:	0.02752314  	0.02348213  	0.07288340  	0.12558301  	0.05441933  	0.07249893  	0.02867004  	0.03264434  	0.08372957  	0.09179874  
2021-07-14 13:36:27.563: epoch 50:	0.02893839  	0.02378009  	0.07946096  	0.12760997  	0.05631002  	0.07308421  	0.02885919  	0.03268341  	0.08303358  	0.09048767  
2021-07-14 13:36:29.755: epoch 51:	0.02953428  	0.02461810  	0.08004436  	0.13108362  	0.06046883  	0.07826686  	0.03239816  	0.03630699  	0.09426828  	0.10226073  
2021-07-14 13:36:31.922: epoch 52:	0.02916186  	0.02428290  	0.07586306  	0.12792110  	0.05737076  	0.07520004  	0.03028855  	0.03428523  	0.08931071  	0.09695680  
2021-07-14 13:36:34.099: epoch 53:	0.02957154  	0.02547474  	0.07814441  	0.13358308  	0.06080156  	0.08014689  	0.03307831  	0.03745288  	0.09679186  	0.10538712  
2021-07-14 13:36:36.283: epoch 54:	0.03154543  	0.02510229  	0.08700709  	0.13483244  	0.06367201  	0.08021347  	0.03391118  	0.03754520  	0.09489766  	0.10215475  
2021-07-14 13:36:38.557: epoch 55:	0.03161993  	0.02582859  	0.08798609  	0.13922946  	0.06392676  	0.08173402  	0.03421609  	0.03819441  	0.09494673  	0.10285958  
2021-07-14 13:36:40.740: epoch 56:	0.03202960  	0.02560511  	0.08834541  	0.13928086  	0.06699839  	0.08433510  	0.03620479  	0.03992871  	0.10664929  	0.11423549  
2021-07-14 13:36:42.968: epoch 57:	0.03396625  	0.02670382  	0.09385084  	0.14284007  	0.06895455  	0.08602837  	0.03686546  	0.04061349  	0.10358816  	0.11111911  
2021-07-14 13:36:45.165: epoch 58:	0.03251376  	0.02683419  	0.08999456  	0.14524789  	0.06731265  	0.08646428  	0.03639331  	0.04074689  	0.10408531  	0.11238718  
2021-07-14 13:36:47.349: epoch 59:	0.03370555  	0.02677833  	0.09156483  	0.14276844  	0.06841400  	0.08598509  	0.03639414  	0.04033132  	0.10638103  	0.11373729  
2021-07-14 13:36:49.552: epoch 60:	0.03437593  	0.02741150  	0.09217488  	0.14717428  	0.06970429  	0.08853675  	0.03764952  	0.04194698  	0.10782655  	0.11568844  
2021-07-14 13:36:51.749: epoch 61:	0.03437594  	0.02774668  	0.09246881  	0.14868094  	0.07146600  	0.09079721  	0.03989214  	0.04434073  	0.10858153  	0.11677425  
2021-07-14 13:36:53.962: epoch 62:	0.03452491  	0.02776530  	0.09502532  	0.14908423  	0.07371965  	0.09231506  	0.04117548  	0.04502789  	0.11540932  	0.12381788  
2021-07-14 13:36:56.163: epoch 63:	0.03649882  	0.02849159  	0.09922509  	0.15484281  	0.07497887  	0.09385461  	0.04100088  	0.04525964  	0.11488333  	0.12295132  
2021-07-14 13:36:58.368: epoch 64:	0.03471113  	0.02837986  	0.09381023  	0.15375122  	0.07279823  	0.09322727  	0.04063781  	0.04518783  	0.11185963  	0.12060497  
2021-07-14 13:37:00.649: epoch 65:	0.03467388  	0.02810053  	0.09624995  	0.15146394  	0.07431216  	0.09341162  	0.04147415  	0.04568137  	0.11584752  	0.12425987  
2021-07-14 13:37:02.860: epoch 66:	0.03627536  	0.02927371  	0.09956045  	0.15863758  	0.07747892  	0.09774772  	0.04348445  	0.04819476  	0.12068346  	0.12890886  
2021-07-14 13:37:05.055: epoch 67:	0.03679676  	0.02912474  	0.09976309  	0.15478362  	0.07632328  	0.09520753  	0.04228789  	0.04639594  	0.11681500  	0.12489781  
2021-07-14 13:37:07.245: epoch 68:	0.03746715  	0.02865917  	0.10303131  	0.15236586  	0.07746892  	0.09458871  	0.04291550  	0.04659679  	0.11590174  	0.12347300  
2021-07-14 13:37:09.440: epoch 69:	0.03694573  	0.02890127  	0.10193669  	0.15628628  	0.07736027  	0.09616686  	0.04277098  	0.04705670  	0.11800602  	0.12577087  
2021-07-14 13:37:11.715: epoch 70:	0.03705746  	0.02918060  	0.10211084  	0.15734521  	0.07996684  	0.09900474  	0.04542102  	0.04968945  	0.12336871  	0.13164699  
2021-07-14 13:37:13.948: epoch 71:	0.03679676  	0.02918061  	0.10017893  	0.15759949  	0.07712588  	0.09684180  	0.04289317  	0.04742699  	0.11857288  	0.12689605  
2021-07-14 13:37:16.138: epoch 72:	0.03776510  	0.02972065  	0.10287622  	0.15770778  	0.07863202  	0.09772702  	0.04365315  	0.04800621  	0.11996999  	0.12793332  
2021-07-14 13:37:18.319: epoch 73:	0.03757890  	0.03000001  	0.10351883  	0.16085014  	0.08081638  	0.10083576  	0.04614472  	0.05058967  	0.12512530  	0.13381395  
2021-07-14 13:37:20.512: epoch 74:	0.03828650  	0.03003725  	0.10467853  	0.16245133  	0.08098109  	0.10073833  	0.04570957  	0.05021012  	0.12410954  	0.13220026  
2021-07-14 13:37:22.692: epoch 75:	0.03828650  	0.03042832  	0.10631915  	0.16275524  	0.08188546  	0.10157035  	0.04618277  	0.05067654  	0.12486340  	0.13294418  
2021-07-14 13:37:24.879: epoch 76:	0.03936657  	0.03011173  	0.10832250  	0.16063754  	0.08251825  	0.10073937  	0.04640301  	0.05042221  	0.12312648  	0.13109051  
2021-07-14 13:37:27.082: epoch 77:	0.04003695  	0.03085664  	0.11315773  	0.16579628  	0.08572486  	0.10419577  	0.04862799  	0.05277516  	0.12745059  	0.13521725  
2021-07-14 13:37:29.293: epoch 78:	0.03850997  	0.03014901  	0.10532505  	0.16346945  	0.07981744  	0.09970934  	0.04397597  	0.04855601  	0.12157939  	0.12979732  
2021-07-14 13:37:31.497: epoch 79:	0.04018592  	0.03083802  	0.10995834  	0.16509898  	0.08441278  	0.10335542  	0.04788410  	0.05218866  	0.12606709  	0.13381203  
2021-07-14 13:37:33.700: epoch 80:	0.03973901  	0.03089388  	0.10796660  	0.16536349  	0.08281974  	0.10254077  	0.04636534  	0.05099641  	0.12413046  	0.13208139  
2021-07-14 13:37:35.913: epoch 81:	0.03992522  	0.03178778  	0.10900252  	0.17100352  	0.08408241  	0.10539770  	0.04759382  	0.05240126  	0.12752649  	0.13639057  
2021-07-14 13:37:38.150: epoch 82:	0.04052111  	0.03156429  	0.11323204  	0.17116055  	0.08522739  	0.10527049  	0.04792233  	0.05253156  	0.12569837  	0.13386904  
2021-07-14 13:37:40.350: epoch 83:	0.04160119  	0.03202987  	0.11494000  	0.17443074  	0.08660511  	0.10700285  	0.04834636  	0.05314872  	0.12891063  	0.13684247  
2021-07-14 13:37:42.542: epoch 84:	0.04122875  	0.03204850  	0.11322368  	0.17299648  	0.08757211  	0.10816567  	0.04953071  	0.05437311  	0.13317923  	0.14160623  
2021-07-14 13:37:44.729: epoch 85:	0.04100528  	0.03189950  	0.11492293  	0.17335041  	0.08841059  	0.10860898  	0.05082820  	0.05540435  	0.13228145  	0.14058119  
2021-07-14 13:37:46.911: epoch 86:	0.04167567  	0.03186226  	0.11482424  	0.17183192  	0.08727037  	0.10683201  	0.04916966  	0.05358488  	0.12975942  	0.13765490  
2021-07-14 13:37:49.089: epoch 87:	0.04271851  	0.03260716  	0.11702059  	0.17434599  	0.09030688  	0.11007237  	0.05156330  	0.05611143  	0.13415779  	0.14224160  
2021-07-14 13:37:51.288: epoch 88:	0.04089356  	0.03230920  	0.11227287  	0.17234644  	0.08605516  	0.10691517  	0.04848286  	0.05329877  	0.12923501  	0.13770470  
2021-07-14 13:37:53.463: epoch 89:	0.04212260  	0.03283061  	0.11698413  	0.17481159  	0.08939117  	0.10972968  	0.05065957  	0.05532728  	0.13370804  	0.14203857  
2021-07-14 13:37:55.658: epoch 90:	0.04163843  	0.03301683  	0.11469739  	0.17582828  	0.08962224  	0.11117274  	0.05155580  	0.05664162  	0.13554426  	0.14449561  
2021-07-14 13:37:57.827: epoch 91:	0.04290470  	0.03296097  	0.12078481  	0.17720163  	0.09255840  	0.11224164  	0.05267149  	0.05733482  	0.13935032  	0.14691533  
2021-07-14 13:38:00.097: epoch 92:	0.04208536  	0.03318445  	0.11639030  	0.17838840  	0.09006669  	0.11166251  	0.05117934  	0.05626811  	0.13600147  	0.14467801  
2021-07-14 13:38:02.310: epoch 93:	0.04338889  	0.03365000  	0.11979760  	0.17864911  	0.09268559  	0.11330154  	0.05309798  	0.05790677  	0.13916036  	0.14733784  
2021-07-14 13:38:04.506: epoch 94:	0.04323990  	0.03361276  	0.12017820  	0.17962112  	0.09219043  	0.11298653  	0.05227662  	0.05710806  	0.13968378  	0.14803222  
2021-07-14 13:38:06.704: epoch 95:	0.04271849  	0.03314720  	0.11861584  	0.17555913  	0.09199407  	0.11209626  	0.05270001  	0.05733470  	0.13954481  	0.14776130  
2021-07-14 13:38:08.941: epoch 96:	0.04431998  	0.03426454  	0.12096054  	0.18533140  	0.09469309  	0.11645544  	0.05433160  	0.05934773  	0.14472249  	0.15298840  
2021-07-14 13:38:11.146: epoch 97:	0.04357512  	0.03350103  	0.11928276  	0.17870796  	0.09282907  	0.11331601  	0.05329557  	0.05810560  	0.13941860  	0.14747721  
2021-07-14 13:38:13.343: epoch 98:	0.04443171  	0.03383622  	0.12395360  	0.18070456  	0.09617181  	0.11612038  	0.05491219  	0.05944634  	0.14682151  	0.15514815  
2021-07-14 13:38:15.539: epoch 99:	0.04435721  	0.03415280  	0.12324519  	0.18490288  	0.09387577  	0.11511319  	0.05333577  	0.05839358  	0.13905104  	0.14732058  
2021-07-14 13:38:17.747: epoch 100:	0.04502760  	0.03463700  	0.12459477  	0.18659402  	0.09578108  	0.11718054  	0.05452359  	0.05951543  	0.14383546  	0.15244612  
2021-07-14 13:38:19.944: epoch 101:	0.04502759  	0.03432043  	0.12379785  	0.18381923  	0.09778114  	0.11851308  	0.05717298  	0.06199980  	0.14627379  	0.15450478  
2021-07-14 13:38:22.148: epoch 102:	0.04454344  	0.03445076  	0.12184662  	0.18423821  	0.09593578  	0.11735354  	0.05550954  	0.06048277  	0.14486529  	0.15340911  
2021-07-14 13:38:24.351: epoch 103:	0.04517657  	0.03443213  	0.12657295  	0.18472160  	0.09860022  	0.11896411  	0.05708526  	0.06196650  	0.14874263  	0.15659022  
2021-07-14 13:38:26.533: epoch 104:	0.04517657  	0.03517704  	0.12348329  	0.18870609  	0.09575423  	0.11831393  	0.05451503  	0.05987249  	0.14426415  	0.15287735  
2021-07-14 13:38:28.719: epoch 105:	0.04528832  	0.03426454  	0.12566654  	0.18533348  	0.09634200  	0.11687562  	0.05497507  	0.05990223  	0.14311971  	0.15115327  
2021-07-14 13:38:30.905: epoch 106:	0.04614490  	0.03513978  	0.12716852  	0.18786572  	0.09842944  	0.11947487  	0.05633492  	0.06141673  	0.14854991  	0.15628648  
2021-07-14 13:38:33.092: epoch 107:	0.04614490  	0.03605228  	0.12867552  	0.19239169  	0.09929611  	0.12190548  	0.05758800  	0.06327261  	0.14594950  	0.15432629  
2021-07-14 13:38:35.273: epoch 108:	0.04580972  	0.03463696  	0.12851694  	0.18592636  	0.09939802  	0.11954058  	0.05690124  	0.06189720  	0.15073003  	0.15805402  
2021-07-14 13:38:37.520: epoch 109:	0.04618217  	0.03545638  	0.12873255  	0.19181745  	0.09811639  	0.11977812  	0.05597206  	0.06122367  	0.14474054  	0.15290491  
2021-07-14 13:38:39.772: epoch 110:	0.04636838  	0.03519568  	0.12730929  	0.18826759  	0.09909278  	0.12012104  	0.05717478  	0.06198962  	0.14775112  	0.15632106  
2021-07-14 13:38:41.991: epoch 111:	0.04748567  	0.03592191  	0.13385041  	0.19472140  	0.10084385  	0.12193125  	0.05750330  	0.06255885  	0.14655942  	0.15456341  
2021-07-14 13:38:44.176: epoch 112:	0.04670356  	0.03521427  	0.12979886  	0.19085552  	0.09947474  	0.12040616  	0.05699089  	0.06195924  	0.14710721  	0.15514155  
2021-07-14 13:38:46.385: epoch 113:	0.04659186  	0.03616401  	0.12835731  	0.19585624  	0.10102182  	0.12420741  	0.05912263  	0.06463390  	0.15103880  	0.16016953  
2021-07-14 13:38:48.581: epoch 114:	0.04677804  	0.03566119  	0.12769414  	0.19081485  	0.09923488  	0.12101392  	0.05702774  	0.06225260  	0.14843345  	0.15643650  
2021-07-14 13:38:50.802: epoch 115:	0.04722496  	0.03661094  	0.13205478  	0.19772315  	0.10096180  	0.12392265  	0.05764103  	0.06318445  	0.15059112  	0.15952176  
2021-07-14 13:38:53.014: epoch 116:	0.04718773  	0.03577295  	0.13226056  	0.19213460  	0.10151251  	0.12251599  	0.05839735  	0.06360571  	0.14963853  	0.15737875  
2021-07-14 13:38:55.223: epoch 117:	0.04804434  	0.03657371  	0.13072704  	0.20073372  	0.10217296  	0.12570120  	0.05852877  	0.06435820  	0.15544571  	0.16411118  
2021-07-14 13:38:57.420: epoch 118:	0.04711325  	0.03664820  	0.13136367  	0.19740418  	0.10049852  	0.12346740  	0.05743784  	0.06302199  	0.14960271  	0.15835087  
2021-07-14 13:38:59.615: epoch 119:	0.04726223  	0.03640611  	0.13033274  	0.19785434  	0.10029262  	0.12346976  	0.05809404  	0.06368829  	0.14626652  	0.15507856  
2021-07-14 13:39:01.833: epoch 120:	0.04700151  	0.03696480  	0.12918563  	0.20142888  	0.10161406  	0.12649092  	0.05893882  	0.06521018  	0.15373558  	0.16286895  
2021-07-14 13:39:04.025: epoch 121:	0.04718773  	0.03670404  	0.13193102  	0.20157896  	0.10157016  	0.12534484  	0.05876430  	0.06467386  	0.14959769  	0.15830816  
2021-07-14 13:39:06.274: epoch 122:	0.04756017  	0.03659232  	0.13393465  	0.19791485  	0.10306966  	0.12558196  	0.05968011  	0.06529897  	0.15176786  	0.16016284  
2021-07-14 13:39:08.504: epoch 123:	0.04864028  	0.03715099  	0.13736594  	0.20337170  	0.10634371  	0.12919770  	0.06188708  	0.06755318  	0.15817314  	0.16662361  
2021-07-14 13:39:10.702: epoch 124:	0.04860303  	0.03687165  	0.13452812  	0.19699280  	0.10265955  	0.12446552  	0.05836847  	0.06367265  	0.15207914  	0.16034406  
2021-07-14 13:39:12.976: epoch 125:	0.04785813  	0.03733721  	0.13226452  	0.20059891  	0.10420911  	0.12776044  	0.06082610  	0.06640378  	0.15830664  	0.16702344  
2021-07-14 13:39:15.175: epoch 126:	0.04875202  	0.03720686  	0.13740295  	0.20158298  	0.10507139  	0.12753288  	0.06042076  	0.06592231  	0.15567723  	0.16426677  
2021-07-14 13:39:17.358: epoch 127:	0.04882649  	0.03765379  	0.13613155  	0.20342226  	0.10413229  	0.12740175  	0.05982996  	0.06551029  	0.15333132  	0.16175735  
2021-07-14 13:39:19.557: epoch 128:	0.04882650  	0.03715101  	0.13523103  	0.20088625  	0.10400893  	0.12663946  	0.05962378  	0.06521582  	0.15458466  	0.16293603  
2021-07-14 13:39:21.749: epoch 129:	0.04897547  	0.03813796  	0.13743418  	0.20671439  	0.10604779  	0.13013418  	0.06116940  	0.06729505  	0.15864773  	0.16721523  
2021-07-14 13:39:23.944: epoch 130:	0.04890099  	0.03849180  	0.13508636  	0.20786114  	0.10527638  	0.13054499  	0.06034475  	0.06675053  	0.16001661  	0.16899112  
2021-07-14 13:39:26.146: epoch 131:	0.04871473  	0.03757929  	0.13630824  	0.20268948  	0.10592924  	0.12913874  	0.06154866  	0.06745116  	0.15700634  	0.16524343  
2021-07-14 13:39:28.321: epoch 132:	0.04904998  	0.03774691  	0.13723262  	0.20328340  	0.10695076  	0.13005361  	0.06206030  	0.06778169  	0.16160631  	0.17034438  
2021-07-14 13:39:30.503: epoch 133:	0.04927343  	0.03806346  	0.13773717  	0.20522861  	0.10603265  	0.12972632  	0.06156397  	0.06766873  	0.15458670  	0.16297944  
2021-07-14 13:39:32.690: epoch 134:	0.04897546  	0.03784003  	0.13448721  	0.20378700  	0.10479797  	0.12882192  	0.06084928  	0.06685446  	0.15493006  	0.16382988  
2021-07-14 13:39:34.883: epoch 135:	0.04871472  	0.03722549  	0.13509263  	0.20226082  	0.10620448  	0.12933449  	0.06174150  	0.06758054  	0.16132677  	0.16965130  
2021-07-14 13:39:37.073: epoch 136:	0.04919894  	0.03800762  	0.13878879  	0.20631993  	0.10812996  	0.13169999  	0.06324977  	0.06915367  	0.16176920  	0.17032084  
2021-07-14 13:39:39.318: epoch 137:	0.04968313  	0.03806349  	0.13919424  	0.20750733  	0.10767285  	0.13138452  	0.06266018  	0.06868766  	0.15935472  	0.16779256  
2021-07-14 13:39:41.503: epoch 138:	0.05050251  	0.03806350  	0.13848862  	0.20812137  	0.10787053  	0.13136078  	0.06232665  	0.06799237  	0.16118357  	0.16969797  
2021-07-14 13:39:43.695: epoch 139:	0.05039079  	0.03873391  	0.14215444  	0.21010160  	0.10975030  	0.13343167  	0.06413585  	0.06990013  	0.16167945  	0.17033285  
2021-07-14 13:39:45.882: epoch 140:	0.05106119  	0.03880839  	0.14294949  	0.21064499  	0.11137973  	0.13493642  	0.06527157  	0.07111695  	0.16569638  	0.17446481  
2021-07-14 13:39:48.129: epoch 141:	0.04994386  	0.03862219  	0.13912238  	0.21131751  	0.10946696  	0.13417135  	0.06419510  	0.07036186  	0.16498989  	0.17380309  
2021-07-14 13:39:50.325: epoch 142:	0.05009279  	0.03839869  	0.14133337  	0.20796725  	0.11078084  	0.13416895  	0.06545494  	0.07125602  	0.16491598  	0.17332415  
2021-07-14 13:39:52.500: epoch 143:	0.04975764  	0.03914365  	0.13895264  	0.21011049  	0.10722177  	0.13234882  	0.06217006  	0.06858463  	0.15796790  	0.16689691  
2021-07-14 13:39:54.687: epoch 144:	0.04998109  	0.03847318  	0.14109632  	0.21065822  	0.10831331  	0.13245407  	0.06288026  	0.06890475  	0.15877475  	0.16747896  
2021-07-14 13:39:56.893: epoch 145:	0.05039078  	0.03884562  	0.14031272  	0.21112174  	0.10875881  	0.13312852  	0.06302375  	0.06918546  	0.16051330  	0.16890983  
2021-07-14 13:39:59.072: epoch 146:	0.05109843  	0.03918083  	0.14216113  	0.21395014  	0.10899425  	0.13366611  	0.06253652  	0.06880017  	0.16098858  	0.16955401  
2021-07-14 13:40:01.290: epoch 147:	0.05143366  	0.03962780  	0.14306784  	0.21531069  	0.11149581  	0.13632356  	0.06538551  	0.07164307  	0.16414043  	0.17274411  
2021-07-14 13:40:03.494: epoch 148:	0.05031627  	0.03919945  	0.14183077  	0.21460165  	0.11121699  	0.13661209  	0.06513033  	0.07158289  	0.16785224  	0.17692058  
2021-07-14 13:40:05.690: epoch 149:	0.05053976  	0.03905048  	0.14164014  	0.21310496  	0.11080076  	0.13561088  	0.06523594  	0.07158206  	0.16357736  	0.17221695  
2021-07-14 13:40:07.897: epoch 150:	0.05180612  	0.04001885  	0.14367363  	0.21866661  	0.10910342  	0.13494490  	0.06193582  	0.06866651  	0.16069014  	0.16946460  
2021-07-14 13:40:10.116: epoch 151:	0.05109846  	0.03867803  	0.14253709  	0.21174976  	0.10929269  	0.13289329  	0.06240507  	0.06844821  	0.16290572  	0.17081210  
2021-07-14 13:40:12.347: epoch 152:	0.05113570  	0.03942292  	0.14264804  	0.21736136  	0.11190191  	0.13736267  	0.06565836  	0.07206394  	0.16656776  	0.17540394  
2021-07-14 13:40:14.562: epoch 153:	0.05217857  	0.03977676  	0.14626528  	0.21499723  	0.11280493  	0.13680756  	0.06523661  	0.07125674  	0.16734378  	0.17590822  
2021-07-14 13:40:16.788: epoch 154:	0.05154543  	0.03979538  	0.14366283  	0.21573298  	0.11123965  	0.13626400  	0.06424840  	0.07075343  	0.16554356  	0.17400970  
2021-07-14 13:40:19.036: epoch 155:	0.05158264  	0.03912495  	0.14610839  	0.21211880  	0.11214519  	0.13535888  	0.06457409  	0.07064174  	0.16707370  	0.17471382  
2021-07-14 13:40:21.222: epoch 156:	0.05061425  	0.04000023  	0.14228897  	0.21783468  	0.11055347  	0.13689795  	0.06435116  	0.07129935  	0.16469501  	0.17352307  
2021-07-14 13:40:23.410: epoch 157:	0.05121019  	0.03968366  	0.14495113  	0.21697907  	0.11224189  	0.13738455  	0.06554136  	0.07206154  	0.16709794  	0.17593746  
2021-07-14 13:40:25.600: epoch 158:	0.05206684  	0.03977678  	0.14560421  	0.21663980  	0.11321129  	0.13778982  	0.06562841  	0.07192995  	0.16989847  	0.17836854  
2021-07-14 13:40:27.781: epoch 159:	0.05154539  	0.03970227  	0.14426768  	0.21522593  	0.11118115  	0.13592391  	0.06386893  	0.07018456  	0.16620763  	0.17486447  
2021-07-14 13:40:29.958: epoch 160:	0.05240202  	0.04067060  	0.14819847  	0.22193299  	0.11459371  	0.14032191  	0.06675413  	0.07357209  	0.17083058  	0.17924595  
2021-07-14 13:40:32.140: epoch 161:	0.05236479  	0.04039128  	0.14709264  	0.22098939  	0.11487509  	0.14060228  	0.06730277  	0.07409017  	0.17173657  	0.18034640  
2021-07-14 13:40:34.340: epoch 162:	0.05255099  	0.03959054  	0.14916775  	0.21757135  	0.11457525  	0.13825117  	0.06652696  	0.07248300  	0.16890939  	0.17719144  
2021-07-14 13:40:36.526: epoch 163:	0.05284897  	0.04065200  	0.14818591  	0.22267844  	0.11442553  	0.14014575  	0.06601220  	0.07270265  	0.17098624  	0.17967592  
2021-07-14 13:40:38.755: epoch 164:	0.05322142  	0.04098720  	0.14858508  	0.22679941  	0.11550979  	0.14200720  	0.06680757  	0.07363535  	0.17375439  	0.18244226  
2021-07-14 13:40:40.946: epoch 165:	0.05363113  	0.04078237  	0.15002084  	0.22131111  	0.11422347  	0.13902122  	0.06557191  	0.07216458  	0.16708423  	0.17523274  
2021-07-14 13:40:43.134: epoch 166:	0.05229029  	0.04063335  	0.14651012  	0.22139427  	0.11360478  	0.13974600  	0.06632208  	0.07319377  	0.16746734  	0.17638005  
2021-07-14 13:40:45.322: epoch 167:	0.05165710  	0.04029819  	0.14655980  	0.22098966  	0.11412869  	0.14010412  	0.06686401  	0.07369217  	0.17046130  	0.17912039  
2021-07-14 13:40:47.503: epoch 168:	0.05340765  	0.04042851  	0.14982632  	0.22195338  	0.11642265  	0.14126401  	0.06814556  	0.07453766  	0.17202966  	0.18024218  
2021-07-14 13:40:49.701: epoch 169:	0.05344487  	0.04059616  	0.14730014  	0.21948247  	0.11488008  	0.13974127  	0.06668715  	0.07314694  	0.17114131  	0.17962047  
2021-07-14 13:40:51.938: epoch 170:	0.05299793  	0.04096857  	0.14643373  	0.22075702  	0.11274247  	0.13867803  	0.06446523  	0.07127880  	0.16802214  	0.17682296  
2021-07-14 13:40:54.115: epoch 171:	0.05359385  	0.04122927  	0.14870267  	0.22299379  	0.11532640  	0.14102803  	0.06725904  	0.07395827  	0.16995759  	0.17811164  
2021-07-14 13:40:56.295: epoch 172:	0.05195507  	0.04024232  	0.14491464  	0.22017488  	0.11311083  	0.13915287  	0.06578898  	0.07247882  	0.16989419  	0.17904843  
2021-07-14 13:40:58.485: epoch 173:	0.05318417  	0.04091273  	0.14813991  	0.22133616  	0.11545695  	0.14088066  	0.06707130  	0.07368423  	0.17289056  	0.18158637  
2021-07-14 13:41:00.683: epoch 174:	0.05288622  	0.04035408  	0.14910470  	0.22110865  	0.11474722  	0.13977961  	0.06658736  	0.07316209  	0.16907996  	0.17751536  
2021-07-14 13:41:02.868: epoch 175:	0.05322140  	0.04122930  	0.14820087  	0.22276439  	0.11508895  	0.14103656  	0.06685708  	0.07349041  	0.17127888  	0.17994846  
2021-07-14 13:41:05.056: epoch 176:	0.05255097  	0.04048440  	0.14945590  	0.21985675  	0.11433610  	0.13920230  	0.06601180  	0.07251378  	0.16916420  	0.17766589  
2021-07-14 13:41:07.227: epoch 177:	0.05273725  	0.04059613  	0.14924046  	0.22193789  	0.11487381  	0.14023796  	0.06602168  	0.07277270  	0.17304356  	0.18129800  
2021-07-14 13:41:09.411: epoch 178:	0.05296068  	0.04048439  	0.14907303  	0.22156121  	0.11516837  	0.14020272  	0.06661993  	0.07313936  	0.17228115  	0.18029293  
2021-07-14 13:41:11.595: epoch 179:	0.05322140  	0.04113621  	0.15039800  	0.22530265  	0.11573426  	0.14185220  	0.06715227  	0.07392985  	0.17063928  	0.17954858  
2021-07-14 13:41:13.780: epoch 180:	0.05392906  	0.04080098  	0.14971653  	0.22179016  	0.11491878  	0.13976023  	0.06551795  	0.07197230  	0.17088097  	0.17928685  
2021-07-14 13:41:15.975: epoch 181:	0.05292346  	0.04104307  	0.14768989  	0.22285658  	0.11588357  	0.14206612  	0.06776727  	0.07457587  	0.17421804  	0.18288468  
2021-07-14 13:41:18.183: epoch 182:	0.05366836  	0.04106170  	0.15102097  	0.22663788  	0.11492822  	0.14090830  	0.06592387  	0.07266100  	0.16904125  	0.17788872  
2021-07-14 13:41:20.426: epoch 183:	0.05333315  	0.04102443  	0.15122750  	0.22410029  	0.11704542  	0.14253138  	0.06834753  	0.07496385  	0.17418015  	0.18277621  
2021-07-14 13:41:22.605: epoch 184:	0.05333314  	0.04050301  	0.14899796  	0.22199365  	0.11451367  	0.13957193  	0.06624797  	0.07280336  	0.16790889  	0.17615610  
2021-07-14 13:41:24.893: epoch 185:	0.05322143  	0.04119204  	0.14755824  	0.22340958  	0.11426029  	0.14053695  	0.06574748  	0.07267826  	0.17065972  	0.17937440  
2021-07-14 13:41:27.166: epoch 186:	0.05310968  	0.04093133  	0.15065266  	0.22467591  	0.11428195  	0.14018856  	0.06557842  	0.07246553  	0.16843893  	0.17680427  
2021-07-14 13:41:29.399: epoch 187:	0.05407806  	0.04121068  	0.15290791  	0.22875640  	0.11601117  	0.14208847  	0.06688534  	0.07364061  	0.16845328  	0.17730646  
2021-07-14 13:41:31.624: epoch 188:	0.05310971  	0.04134101  	0.14719187  	0.22786462  	0.11468928  	0.14230406  	0.06684090  	0.07408962  	0.16926360  	0.17851803  
2021-07-14 13:41:33.880: epoch 189:	0.05329591  	0.04106169  	0.14906199  	0.22483508  	0.11512674  	0.14130692  	0.06668624  	0.07345451  	0.17069376  	0.17973469  
2021-07-14 13:41:36.079: epoch 190:	0.05370563  	0.04102448  	0.15185603  	0.22271065  	0.11694137  	0.14193714  	0.06797089  	0.07458902  	0.17178763  	0.18039316  
2021-07-14 13:41:38.303: epoch 191:	0.05381736  	0.04111756  	0.15158227  	0.22351681  	0.11593790  	0.14105758  	0.06679714  	0.07328963  	0.17133206  	0.17967334  
2021-07-14 13:41:40.482: epoch 192:	0.05366834  	0.04098721  	0.15136243  	0.22475468  	0.11605591  	0.14152077  	0.06716503  	0.07378040  	0.17093033  	0.17957149  
2021-07-14 13:41:42.681: epoch 193:	0.05445053  	0.04085686  	0.15248086  	0.22442202  	0.11772715  	0.14238665  	0.06834874  	0.07465358  	0.17486717  	0.18320562  
2021-07-14 13:41:44.860: epoch 194:	0.05296069  	0.04130379  	0.15040547  	0.22672589  	0.11469728  	0.14122836  	0.06626754  	0.07315348  	0.16872653  	0.17743570  
2021-07-14 13:41:47.054: epoch 195:	0.05415256  	0.04098718  	0.15449037  	0.22603230  	0.11898700  	0.14398423  	0.06977509  	0.07646906  	0.17501685  	0.18299527  
2021-07-14 13:41:49.228: epoch 196:	0.05374284  	0.04106169  	0.15239710  	0.22667700  	0.11752851  	0.14321415  	0.06806389  	0.07479531  	0.17481261  	0.18332864  
2021-07-14 13:41:51.420: epoch 197:	0.05575409  	0.04085686  	0.15611519  	0.22451133  	0.11745851  	0.14087479  	0.06685266  	0.07275998  	0.17034675  	0.17843410  
2021-07-14 13:41:53.606: epoch 198:	0.05355663  	0.04122933  	0.15039562  	0.22413987  	0.11852562  	0.14443119  	0.07000136  	0.07675972  	0.17710857  	0.18615693  
2021-07-14 13:41:55.781: epoch 199:	0.05415255  	0.04147137  	0.15143642  	0.22794957  	0.11782795  	0.14424676  	0.06863394  	0.07560997  	0.17521054  	0.18413001  
2021-07-14 13:41:58.020: epoch 200:	0.05426428  	0.04113621  	0.15504844  	0.22706354  	0.12070403  	0.14574215  	0.07087459  	0.07757261  	0.18023698  	0.18811540  
2021-07-14 13:42:00.195: epoch 201:	0.05430154  	0.04165758  	0.15216111  	0.22817892  	0.11759818  	0.14383546  	0.06790651  	0.07481251  	0.17562845  	0.18434761  
2021-07-14 13:42:02.383: epoch 202:	0.05437602  	0.04167620  	0.15221341  	0.22841328  	0.11790571  	0.14436422  	0.06875714  	0.07575113  	0.17368618  	0.18250506  
2021-07-14 13:42:04.571: epoch 203:	0.05411530  	0.04176934  	0.15409018  	0.23110186  	0.11742517  	0.14415084  	0.06775277  	0.07476123  	0.17281447  	0.18174040  
2021-07-14 13:42:06.755: epoch 204:	0.05310968  	0.04130379  	0.15179670  	0.22532213  	0.11724678  	0.14320168  	0.06815778  	0.07488552  	0.17531170  	0.18420352  
2021-07-14 13:42:08.941: epoch 205:	0.05344490  	0.04154585  	0.15090598  	0.22804953  	0.11843394  	0.14512044  	0.06957127  	0.07651776  	0.17757906  	0.18630917  
2021-07-14 13:42:11.201: epoch 206:	0.05467398  	0.04195555  	0.15511474  	0.23228703  	0.11812697  	0.14468014  	0.06829893  	0.07536230  	0.17255734  	0.18115769  
2021-07-14 13:42:13.393: epoch 207:	0.05370561  	0.04119208  	0.15257622  	0.22657643  	0.11655960  	0.14233875  	0.06716659  	0.07396580  	0.17160563  	0.18052284  
2021-07-14 13:42:15.570: epoch 208:	0.05433877  	0.04119205  	0.15331468  	0.22395858  	0.11786501  	0.14257240  	0.06797078  	0.07435168  	0.17535025  	0.18372563  
2021-07-14 13:42:17.771: epoch 209:	0.05459948  	0.04176935  	0.15444520  	0.22879918  	0.11881541  	0.14477351  	0.06913828  	0.07593200  	0.17511831  	0.18392964  
2021-07-14 13:42:19.956: epoch 210:	0.05337040  	0.04113622  	0.15333763  	0.22664689  	0.11968555  	0.14532495  	0.07064189  	0.07737781  	0.17876281  	0.18735030  
2021-07-14 13:42:22.142: epoch 211:	0.05374286  	0.04147137  	0.15290268  	0.22692347  	0.11798421  	0.14386450  	0.06877813  	0.07550817  	0.17478096  	0.18348607  
2021-07-14 13:42:24.355: epoch 212:	0.05508368  	0.04225355  	0.15656324  	0.23496488  	0.11872696  	0.14572597  	0.06844943  	0.07554740  	0.17322189  	0.18224108  
2021-07-14 13:42:26.606: epoch 213:	0.05418982  	0.04204868  	0.15443568  	0.23203677  	0.11810794  	0.14513028  	0.06831640  	0.07542306  	0.17412750  	0.18314110  
2021-07-14 13:42:28.778: epoch 214:	0.05445052  	0.04126653  	0.15263513  	0.22720204  	0.11798213  	0.14355505  	0.06845585  	0.07518033  	0.17521405  	0.18366131  
2021-07-14 13:42:31.034: epoch 215:	0.05344487  	0.04167623  	0.15150495  	0.23013456  	0.11804228  	0.14540850  	0.06929319  	0.07647133  	0.17557982  	0.18489303  
2021-07-14 13:42:33.210: epoch 216:	0.05500917  	0.04240252  	0.15676963  	0.23368677  	0.11884809  	0.14564432  	0.06844484  	0.07553652  	0.17333551  	0.18218325  
2021-07-14 13:42:35.398: epoch 217:	0.05445049  	0.04216040  	0.15568413  	0.23131476  	0.11932434  	0.14587559  	0.06950483  	0.07650466  	0.17524205  	0.18414558  
2021-07-14 13:42:37.640: epoch 218:	0.05400356  	0.04150864  	0.15448661  	0.23152226  	0.11823658  	0.14486708  	0.06824820  	0.07525049  	0.17542063  	0.18453868  
2021-07-14 13:42:39.843: epoch 219:	0.05437601  	0.04197419  	0.15301421  	0.23189245  	0.11749168  	0.14482999  	0.06775812  	0.07507076  	0.17371784  	0.18298645  
2021-07-14 13:42:42.123: epoch 220:	0.05433879  	0.04206728  	0.15362430  	0.23089300  	0.11936121  	0.14614698  	0.07009353  	0.07711072  	0.17638516  	0.18511161  
2021-07-14 13:42:44.302: epoch 221:	0.05433878  	0.04160175  	0.15499537  	0.23063917  	0.11973536  	0.14593369  	0.07043920  	0.07736389  	0.17697379  	0.18556066  
2021-07-14 13:42:46.488: epoch 222:	0.05374283  	0.04247699  	0.15331547  	0.23508862  	0.11865424  	0.14713280  	0.06974611  	0.07743302  	0.17436461  	0.18371259  
2021-07-14 13:42:48.671: epoch 223:	0.05448776  	0.04182522  	0.15314494  	0.23010795  	0.11787651  	0.14462876  	0.06829515  	0.07551111  	0.17289054  	0.18184370  
2021-07-14 13:42:50.890: epoch 224:	0.05530715  	0.04182522  	0.15509138  	0.23240817  	0.11914765  	0.14536862  	0.06938482  	0.07631082  	0.17217535  	0.18067308  
2021-07-14 13:42:53.088: epoch 225:	0.05463675  	0.04156451  	0.15345001  	0.23068039  	0.11864679  	0.14505176  	0.06870019  	0.07578554  	0.17590772  	0.18411416  
2021-07-14 13:42:55.296: epoch 226:	0.05474846  	0.04210455  	0.15331790  	0.23504373  	0.11849668  	0.14615318  	0.06885318  	0.07611456  	0.17391625  	0.18295749  
2021-07-14 13:42:57.530: epoch 227:	0.05482296  	0.04210458  	0.15458758  	0.23331252  	0.11870659  	0.14588578  	0.06873025  	0.07606984  	0.17476995  	0.18354709  
2021-07-14 13:42:59.740: epoch 228:	0.05575410  	0.04251426  	0.15731797  	0.23544414  	0.12000811  	0.14694464  	0.06921696  	0.07649115  	0.17586046  	0.18482758  
2021-07-14 13:43:01.929: epoch 229:	0.05526985  	0.04230938  	0.15618210  	0.23243013  	0.11951157  	0.14595568  	0.06930837  	0.07626960  	0.17477959  	0.18353820  
2021-07-14 13:43:04.247: epoch 230:	0.05445050  	0.04189971  	0.15398861  	0.23230769  	0.11931422  	0.14632232  	0.06959391  	0.07678472  	0.17746796  	0.18628116  
2021-07-14 13:43:06.438: epoch 231:	0.05396633  	0.04188108  	0.15273283  	0.23105837  	0.11779404  	0.14507005  	0.06884657  	0.07600009  	0.17223634  	0.18151473  
2021-07-14 13:43:08.629: epoch 232:	0.05519541  	0.04247699  	0.15686092  	0.23434341  	0.12003735  	0.14704153  	0.06960534  	0.07679631  	0.17588976  	0.18514521  
2021-07-14 13:43:10.835: epoch 233:	0.05467398  	0.04188107  	0.15590595  	0.23366131  	0.11996728  	0.14682029  	0.06985729  	0.07714976  	0.17705560  	0.18575525  
2021-07-14 13:43:13.013: epoch 234:	0.05404081  	0.04158314  	0.15398155  	0.22949581  	0.11818051  	0.14462681  	0.06886886  	0.07592528  	0.17340375  	0.18220921  
2021-07-14 13:43:15.201: epoch 235:	0.05407805  	0.04243979  	0.15402560  	0.23658556  	0.11828044  	0.14673530  	0.06851987  	0.07627448  	0.17491725  	0.18385923  
2021-07-14 13:43:17.387: epoch 236:	0.05486022  	0.04186247  	0.15869358  	0.23207733  	0.12018146  	0.14591037  	0.06984338  	0.07663830  	0.17413557  	0.18281065  
2021-07-14 13:43:19.573: epoch 237:	0.05478571  	0.04169486  	0.15640679  	0.23136663  	0.11875239  	0.14469028  	0.06840805  	0.07527392  	0.17359526  	0.18207237  
2021-07-14 13:43:21.776: epoch 238:	0.05441326  	0.04245836  	0.15681122  	0.23779668  	0.11896902  	0.14704750  	0.06922203  	0.07667181  	0.17286371  	0.18199049  
2021-07-14 13:43:23.971: epoch 239:	0.05504643  	0.04167623  	0.15772265  	0.23242971  	0.12056500  	0.14646597  	0.07019487  	0.07703841  	0.17663443  	0.18546790  
2021-07-14 13:43:26.141: epoch 240:	0.05556786  	0.04219764  	0.15959732  	0.23367779  	0.12171090  	0.14758253  	0.07098404  	0.07782652  	0.17701516  	0.18562120  
2021-07-14 13:43:28.340: epoch 241:	0.05337039  	0.04216041  	0.15136589  	0.23618594  	0.11824770  	0.14735544  	0.06979451  	0.07734977  	0.17470230  	0.18480465  
2021-07-14 13:43:30.534: epoch 242:	0.05478572  	0.04208593  	0.15672374  	0.23341076  	0.12026047  	0.14709623  	0.07024257  	0.07732920  	0.17673148  	0.18594320  
2021-07-14 13:43:32.715: epoch 243:	0.05452500  	0.04225349  	0.15659007  	0.23547126  	0.11967314  	0.14718789  	0.06926700  	0.07667687  	0.17622606  	0.18540142  
2021-07-14 13:43:34.908: epoch 244:	0.05515816  	0.04275632  	0.15966405  	0.23696437  	0.12037815  	0.14764945  	0.06938002  	0.07674748  	0.17565131  	0.18470195  
2021-07-14 13:43:37.183: epoch 245:	0.05396632  	0.04208593  	0.15282789  	0.23351230  	0.11811388  	0.14616279  	0.06868923  	0.07627324  	0.17587022  	0.18502542  
2021-07-14 13:43:39.430: epoch 246:	0.05448775  	0.04175073  	0.15484418  	0.23219578  	0.11960229  	0.14623412  	0.06985592  	0.07706533  	0.17673212  	0.18537480  
2021-07-14 13:43:41.619: epoch 247:	0.05504642  	0.04178797  	0.15485317  	0.23278233  	0.11929711  	0.14598614  	0.06918658  	0.07631873  	0.17632125  	0.18503535  
2021-07-14 13:43:43.803: epoch 248:	0.05456221  	0.04230940  	0.15625688  	0.23472264  	0.12052129  	0.14790818  	0.07089975  	0.07807684  	0.17647612  	0.18594106  
2021-07-14 13:43:45.986: epoch 249:	0.05471122  	0.04227217  	0.15536955  	0.23363942  	0.11881816  	0.14601853  	0.06910374  	0.07632778  	0.17296953  	0.18216112  
