2021-07-14 13:12:38.216: Dataset name: Amazon-video-games
The number of users: 2816
The number of items: 2141
The number of ratings: 52158
Average actions of users: 18.52
Average actions of items: 24.36
The sparsity of the dataset: 99.134889%
2021-07-14 13:12:38.216: 

NeuRec hyperparameters:
recommender=CDAE
config_dir=./conf
gpu_id=0
gpu_mem=0.5
data.input.path=/content/drive/MyDrive/recommender_datasets/datasets/
data.input.dataset=Amazon-video-games
data.rating.format=bin
data.fold=1
data.column.format=UIR
data.convert.separator=','
user_min=0
item_min=0
splitter=given
ratio=0.8
by_time=False
metric=["Precision", "Recall", "NDCG", "MAP", "MRR"]
topk=[10, 20]
group_view=None
rec.evaluate.neg=0
test_batch_size=128
num_thread=8

CDAE's hyperparameters:
lr=0.001
reg=0.001
hidden_dim=64
dropout=0.5
num_neg=5
epochs=5000
batch_size=32
hidden_act=sigmoid
loss_func=sigmoid_cross_entropy

2021-07-14 13:12:39.054: metrics:	Precision@10	Precision@20	Recall@10   	Recall@20   	NDCG@10     	NDCG@20     	MAP@10      	MAP@20      	MRR@10      	MRR@20      
2021-07-14 13:12:41.476: epoch 0:	0.01113597  	0.00975788  	0.03300796  	0.05475629  	0.02208693  	0.02973250  	0.01100663  	0.01249814  	0.03243207  	0.03683682  
2021-07-14 13:12:43.629: epoch 1:	0.01191809  	0.01048414  	0.03327309  	0.05919317  	0.02323598  	0.03198480  	0.01159597  	0.01336553  	0.03575952  	0.04053671  
2021-07-14 13:12:45.786: epoch 2:	0.01188085  	0.01001859  	0.03418749  	0.05635564  	0.02387067  	0.03152002  	0.01191099  	0.01343321  	0.03763458  	0.04187046  
2021-07-14 13:12:48.021: epoch 3:	0.01054006  	0.00994410  	0.02957723  	0.05550110  	0.02082603  	0.02991735  	0.01062691  	0.01246594  	0.03211505  	0.03751203  
2021-07-14 13:12:50.182: epoch 4:	0.01128494  	0.00998135  	0.03160336  	0.05547357  	0.02324403  	0.03155170  	0.01205083  	0.01376776  	0.03769871  	0.04251667  
2021-07-14 13:12:52.334: epoch 5:	0.01113597  	0.00945994  	0.03180014  	0.05430007  	0.02362666  	0.03130122  	0.01247657  	0.01398304  	0.03796428  	0.04256408  
2021-07-14 13:12:54.482: epoch 6:	0.01180636  	0.01040964  	0.03354897  	0.05917976  	0.02463538  	0.03333222  	0.01287864  	0.01460665  	0.03964192  	0.04455449  
2021-07-14 13:12:56.637: epoch 7:	0.01128494  	0.01057724  	0.03253254  	0.05848004  	0.02335700  	0.03250736  	0.01185254  	0.01361650  	0.03811460  	0.04369442  
2021-07-14 13:12:58.790: epoch 8:	0.01072628  	0.00960891  	0.02977556  	0.05275859  	0.02101724  	0.02903257  	0.01050969  	0.01210060  	0.03233705  	0.03700183  
2021-07-14 13:13:00.930: epoch 9:	0.01162014  	0.01039102  	0.03267875  	0.05774064  	0.02377179  	0.03245251  	0.01219916  	0.01393940  	0.03819367  	0.04299358  
2021-07-14 13:13:03.078: epoch 10:	0.01195534  	0.01065173  	0.03278118  	0.05857398  	0.02348133  	0.03229070  	0.01181431  	0.01357885  	0.03692087  	0.04167409  
2021-07-14 13:13:05.262: epoch 11:	0.00986967  	0.00994410  	0.02782709  	0.05386185  	0.01947217  	0.02890540  	0.00959776  	0.01151347  	0.03164657  	0.03728830  
2021-07-14 13:13:07.434: epoch 12:	0.01121046  	0.01042827  	0.03161718  	0.05706673  	0.02227745  	0.03133844  	0.01115401  	0.01305289  	0.03497341  	0.03982720  
2021-07-14 13:13:09.617: epoch 13:	0.01072628  	0.00996273  	0.03062921  	0.05532117  	0.02216283  	0.03086977  	0.01121283  	0.01295699  	0.03654210  	0.04175666  
2021-07-14 13:13:11.791: epoch 14:	0.01184360  	0.00999997  	0.03155235  	0.05464188  	0.02227609  	0.03016171  	0.01092893  	0.01255885  	0.03484215  	0.03900070  
2021-07-14 13:13:13.997: epoch 15:	0.01124770  	0.01037240  	0.03068461  	0.05770436  	0.02289144  	0.03215409  	0.01163492  	0.01350305  	0.03811593  	0.04338865  
2021-07-14 13:13:16.163: epoch 16:	0.01094975  	0.00990686  	0.03109461  	0.05420156  	0.02275474  	0.03083898  	0.01186640  	0.01336820  	0.03620614  	0.04111737  
2021-07-14 13:13:18.322: epoch 17:	0.01206707  	0.01044690  	0.03305122  	0.05899613  	0.02346077  	0.03218534  	0.01136697  	0.01320894  	0.03892156  	0.04341048  
2021-07-14 13:13:20.511: epoch 18:	0.01080077  	0.00994411  	0.03127244  	0.05473781  	0.02214559  	0.03051723  	0.01119129  	0.01288818  	0.03539890  	0.04021909  
2021-07-14 13:13:22.669: epoch 19:	0.01202982  	0.01042827  	0.03280463  	0.05699795  	0.02337634  	0.03171117  	0.01144602  	0.01314543  	0.03768331  	0.04213546  
2021-07-14 13:13:24.811: epoch 20:	0.01147116  	0.01054000  	0.03125226  	0.05682258  	0.02248582  	0.03139242  	0.01123339  	0.01295648  	0.03660460  	0.04152111  
2021-07-14 13:13:26.974: epoch 21:	0.01154565  	0.01057725  	0.03320724  	0.05801959  	0.02426086  	0.03301827  	0.01251083  	0.01422543  	0.03969051  	0.04466150  
2021-07-14 13:13:29.127: epoch 22:	0.01176911  	0.01026068  	0.03348889  	0.05613191  	0.02460169  	0.03249861  	0.01276997  	0.01427946  	0.04036874  	0.04504592  
2021-07-14 13:13:31.277: epoch 23:	0.01284918  	0.01117314  	0.03434768  	0.06107568  	0.02583508  	0.03501583  	0.01323600  	0.01511719  	0.04356686  	0.04851184  
2021-07-14 13:13:33.424: epoch 24:	0.01303540  	0.01048414  	0.03599675  	0.05625512  	0.02526981  	0.03231438  	0.01219232  	0.01353391  	0.04122091  	0.04526646  
2021-07-14 13:13:35.619: epoch 25:	0.01236502  	0.01122901  	0.03416026  	0.06068197  	0.02465588  	0.03395019  	0.01242032  	0.01423165  	0.03960938  	0.04498656  
2021-07-14 13:13:37.783: epoch 26:	0.01433892  	0.01216010  	0.03778008  	0.06337796  	0.02861238  	0.03748248  	0.01466646  	0.01632012  	0.04807958  	0.05325906  
2021-07-14 13:13:39.932: epoch 27:	0.01415270  	0.01266289  	0.03772901  	0.06812070  	0.02814106  	0.03854986  	0.01416357  	0.01626981  	0.04718275  	0.05267723  
2021-07-14 13:13:42.100: epoch 28:	0.01445064  	0.01184352  	0.03809152  	0.06329657  	0.02726070  	0.03584846  	0.01348231  	0.01513041  	0.04261474  	0.04764538  
2021-07-14 13:13:44.251: epoch 29:	0.01489757  	0.01299808  	0.03744977  	0.06769077  	0.02864650  	0.03896285  	0.01448256  	0.01655412  	0.04817874  	0.05373627  
2021-07-14 13:13:46.415: epoch 30:	0.01631282  	0.01357535  	0.04301247  	0.07198729  	0.03103740  	0.04084426  	0.01549545  	0.01743442  	0.04850318  	0.05350196  
2021-07-14 13:13:48.601: epoch 31:	0.01672251  	0.01383606  	0.04507377  	0.07416517  	0.03359859  	0.04349485  	0.01721926  	0.01915890  	0.05479769  	0.06015223  
2021-07-14 13:13:50.774: epoch 32:	0.01709494  	0.01443195  	0.04486415  	0.07544793  	0.03270559  	0.04325471  	0.01628449  	0.01838464  	0.05216061  	0.05770658  
2021-07-14 13:13:53.011: epoch 33:	0.01649904  	0.01487887  	0.04432197  	0.08038784  	0.03250096  	0.04486163  	0.01630013  	0.01880900  	0.05352931  	0.05979250  
2021-07-14 13:13:55.168: epoch 34:	0.01802603  	0.01540028  	0.04712017  	0.08238136  	0.03406366  	0.04603714  	0.01682443  	0.01935839  	0.05342643  	0.05919729  
2021-07-14 13:13:57.334: epoch 35:	0.01944128  	0.01540028  	0.05079736  	0.08016882  	0.03686937  	0.04712638  	0.01866855  	0.02082118  	0.05704091  	0.06240464  
2021-07-14 13:13:59.516: epoch 36:	0.02048410  	0.01562374  	0.05389054  	0.08385932  	0.03860294  	0.04857445  	0.01882249  	0.02099669  	0.06097249  	0.06543870  
2021-07-14 13:14:01.670: epoch 37:	0.01977647  	0.01633136  	0.05165264  	0.08629622  	0.03771948  	0.04964417  	0.01891085  	0.02140597  	0.05926781  	0.06535761  
2021-07-14 13:14:03.821: epoch 38:	0.02156416  	0.01728107  	0.05917922  	0.09196503  	0.04207850  	0.05347795  	0.02125260  	0.02361443  	0.06477535  	0.07030073  
2021-07-14 13:14:05.989: epoch 39:	0.02271872  	0.01864047  	0.06074291  	0.09735829  	0.04446609  	0.05732772  	0.02276200  	0.02559462  	0.06943632  	0.07556012  
2021-07-14 13:14:08.160: epoch 40:	0.02383602  	0.01934809  	0.06444880  	0.10156062  	0.04544619  	0.05845890  	0.02248675  	0.02530701  	0.07013197  	0.07628864  
2021-07-14 13:14:10.308: epoch 41:	0.02402224  	0.01934810  	0.06574937  	0.10526759  	0.04584715  	0.05935507  	0.02291869  	0.02587693  	0.06808444  	0.07432010  
2021-07-14 13:14:12.453: epoch 42:	0.02450641  	0.02057713  	0.06582307  	0.11010206  	0.04642037  	0.06175879  	0.02298367  	0.02644966  	0.07043258  	0.07732552  
2021-07-14 13:14:14.610: epoch 43:	0.02499058  	0.02059576  	0.06648476  	0.10902271  	0.04969063  	0.06437644  	0.02610368  	0.02936918  	0.07702436  	0.08370829  
2021-07-14 13:14:16.765: epoch 44:	0.02573544  	0.02182480  	0.07208931  	0.11746934  	0.05033971  	0.06633861  	0.02524438  	0.02889839  	0.07624590  	0.08320322  
2021-07-14 13:14:18.927: epoch 45:	0.02644308  	0.02227172  	0.06937315  	0.11877779  	0.05203951  	0.06898382  	0.02732282  	0.03117925  	0.08143123  	0.08878846  
2021-07-14 13:14:21.156: epoch 46:	0.02629411  	0.02223448  	0.07116929  	0.11822969  	0.05183435  	0.06826515  	0.02678673  	0.03045940  	0.08012107  	0.08736698  
2021-07-14 13:14:23.304: epoch 47:	0.02610788  	0.02232759  	0.07099807  	0.11852026  	0.05368002  	0.07045883  	0.02874093  	0.03259175  	0.08444948  	0.09179345  
2021-07-14 13:14:25.491: epoch 48:	0.02685274  	0.02297934  	0.07392555  	0.12312282  	0.05303681  	0.07034035  	0.02728014  	0.03125810  	0.08059162  	0.08815830  
2021-07-14 13:14:27.661: epoch 49:	0.02752314  	0.02348213  	0.07288340  	0.12558301  	0.05441587  	0.07249527  	0.02866797  	0.03264211  	0.08371715  	0.09178632  
2021-07-14 13:14:29.843: epoch 50:	0.02893839  	0.02378009  	0.07946096  	0.12760997  	0.05631002  	0.07308473  	0.02885919  	0.03268390  	0.08303358  	0.09048767  
2021-07-14 13:14:32.029: epoch 51:	0.02953428  	0.02461810  	0.08004436  	0.13108362  	0.06046609  	0.07826317  	0.03239609  	0.03630444  	0.09426415  	0.10225421  
2021-07-14 13:14:34.202: epoch 52:	0.02916186  	0.02424566  	0.07586306  	0.12767281  	0.05737076  	0.07512012  	0.03028855  	0.03426033  	0.08931071  	0.09693696  
2021-07-14 13:14:36.415: epoch 53:	0.02957154  	0.02547474  	0.07814441  	0.13358308  	0.06080303  	0.08014914  	0.03307979  	0.03745477  	0.09679186  	0.10538834  
2021-07-14 13:14:38.574: epoch 54:	0.03154543  	0.02512091  	0.08700709  	0.13492556  	0.06367920  	0.08025322  	0.03391738  	0.03755518  	0.09490593  	0.10218166  
2021-07-14 13:14:40.792: epoch 55:	0.03161993  	0.02582859  	0.08798609  	0.13922946  	0.06392676  	0.08173384  	0.03421609  	0.03819529  	0.09494673  	0.10285836  
2021-07-14 13:14:42.946: epoch 56:	0.03202960  	0.02560511  	0.08834541  	0.13928086  	0.06698088  	0.08431704  	0.03619196  	0.03991525  	0.10658308  	0.11416927  
2021-07-14 13:14:45.097: epoch 57:	0.03396625  	0.02670382  	0.09385084  	0.14284007  	0.06897203  	0.08604524  	0.03687433  	0.04062199  	0.10365910  	0.11119012  
2021-07-14 13:14:47.258: epoch 58:	0.03251376  	0.02683419  	0.08999456  	0.14524789  	0.06731139  	0.08646498  	0.03639274  	0.04074803  	0.10408014  	0.11238441  
2021-07-14 13:14:49.440: epoch 59:	0.03370555  	0.02677833  	0.09156483  	0.14276844  	0.06841850  	0.08598789  	0.03639613  	0.04033258  	0.10639966  	0.11375309  
2021-07-14 13:14:51.598: epoch 60:	0.03437593  	0.02741150  	0.09217488  	0.14717428  	0.06972618  	0.08855765  	0.03766980  	0.04196665  	0.10788448  	0.11574516  
2021-07-14 13:14:53.821: epoch 61:	0.03437594  	0.02776531  	0.09246881  	0.14886716  	0.07146852  	0.09085069  	0.03989711  	0.04435279  	0.10858153  	0.11679158  
2021-07-14 13:14:55.974: epoch 62:	0.03456216  	0.02776530  	0.09505636  	0.14910492  	0.07374521  	0.09232120  	0.04118648  	0.04502953  	0.11540932  	0.12381265  
2021-07-14 13:14:58.188: epoch 63:	0.03649882  	0.02849159  	0.09922509  	0.15484281  	0.07498219  	0.09385785  	0.04100366  	0.04526229  	0.11488910  	0.12295708  
2021-07-14 13:15:00.370: epoch 64:	0.03471113  	0.02839848  	0.09381023  	0.15379779  	0.07278863  	0.09323764  	0.04063646  	0.04518545  	0.11179858  	0.12055920  
2021-07-14 13:15:02.523: epoch 65:	0.03467388  	0.02810053  	0.09624995  	0.15144798  	0.07431795  	0.09341305  	0.04148356  	0.04569132  	0.11584752  	0.12425820  
2021-07-14 13:15:04.689: epoch 66:	0.03627536  	0.02925509  	0.09956045  	0.15860374  	0.07749306  	0.09774408  	0.04349583  	0.04819975  	0.12071967  	0.12894346  
2021-07-14 13:15:06.844: epoch 67:	0.03679676  	0.02912474  	0.09976309  	0.15478362  	0.07633585  	0.09521851  	0.04230083  	0.04640799  	0.11683467  	0.12491489  
2021-07-14 13:15:09.006: epoch 68:	0.03746715  	0.02865917  	0.10303131  	0.15236586  	0.07751644  	0.09463722  	0.04294834  	0.04663076  	0.11612565  	0.12369692  
2021-07-14 13:15:11.165: epoch 69:	0.03690849  	0.02891989  	0.10175047  	0.15647250  	0.07729684  	0.09621795  	0.04275531  	0.04706631  	0.11796878  	0.12578501  
2021-07-14 13:15:13.317: epoch 70:	0.03705746  	0.02919922  	0.10211084  	0.15746935  	0.07996053  	0.09903875  	0.04541171  	0.04968709  	0.12336871  	0.13166562  
2021-07-14 13:15:15.471: epoch 71:	0.03679676  	0.02918061  	0.10017893  	0.15759949  	0.07712830  	0.09684400  	0.04288852  	0.04742211  	0.11860390  	0.12692709  
2021-07-14 13:15:17.623: epoch 72:	0.03780235  	0.02973927  	0.10289111  	0.15775435  	0.07873588  	0.09783419  	0.04373638  	0.04808487  	0.12022715  	0.12821452  
2021-07-14 13:15:19.773: epoch 73:	0.03754165  	0.03000001  	0.10314639  	0.16085014  	0.08070864  	0.10083215  	0.04610830  	0.05058732  	0.12508142  	0.13380381  
2021-07-14 13:15:21.928: epoch 74:	0.03824926  	0.03003725  	0.10461645  	0.16245133  	0.08094532  	0.10073677  	0.04568636  	0.05020585  	0.12411530  	0.13220848  
2021-07-14 13:15:24.087: epoch 75:	0.03828650  	0.03042832  	0.10631915  	0.16275524  	0.08188368  	0.10156935  	0.04618166  	0.05067620  	0.12485513  	0.13293660  
2021-07-14 13:15:26.249: epoch 76:	0.03936657  	0.03011173  	0.10832250  	0.16063754  	0.08250663  	0.10072795  	0.04639481  	0.05041429  	0.12308658  	0.13105199  
2021-07-14 13:15:28.393: epoch 77:	0.04011143  	0.03085664  	0.11321457  	0.16579628  	0.08577402  	0.10420029  	0.04863575  	0.05277688  	0.12753969  	0.13523921  
2021-07-14 13:15:30.536: epoch 78:	0.03850997  	0.03018625  	0.10532505  	0.16377981  	0.07984030  	0.09982243  	0.04398838  	0.04859220  	0.12166008  	0.12989424  
2021-07-14 13:15:32.753: epoch 79:	0.04018592  	0.03083802  	0.10995834  	0.16509898  	0.08440986  	0.10335306  	0.04787724  	0.05218202  	0.12606044  	0.13380742  
2021-07-14 13:15:34.899: epoch 80:	0.03973901  	0.03089388  	0.10804419  	0.16536349  	0.08285610  	0.10255644  	0.04638096  	0.05100932  	0.12420538  	0.13212524  
2021-07-14 13:15:37.106: epoch 81:	0.03988798  	0.03180640  	0.10896865  	0.17117843  	0.08406106  	0.10545065  	0.04758254  	0.05242041  	0.12752649  	0.13639022  
2021-07-14 13:15:39.266: epoch 82:	0.04048387  	0.03158291  	0.11317883  	0.17123502  	0.08520098  	0.10530098  	0.04791247  	0.05253875  	0.12571332  	0.13388242  
2021-07-14 13:15:41.468: epoch 83:	0.04163843  	0.03204850  	0.11497724  	0.17437901  	0.08662002  	0.10699233  	0.04834558  	0.05313138  	0.12889822  	0.13680960  
2021-07-14 13:15:43.620: epoch 84:	0.04130324  	0.03202988  	0.11342233  	0.17296264  	0.08764345  	0.10812724  	0.04954442  	0.05435359  	0.13317303  	0.14154044  
2021-07-14 13:15:45.769: epoch 85:	0.04104252  	0.03189950  	0.11495680  	0.17335041  	0.08843351  	0.10860620  	0.05083573  	0.05540270  	0.13227169  	0.14056863  
2021-07-14 13:15:47.956: epoch 86:	0.04167567  	0.03186226  	0.11486415  	0.17183192  	0.08723988  	0.10679082  	0.04915229  	0.05355604  	0.12952146  	0.13745461  
2021-07-14 13:15:50.155: epoch 87:	0.04271851  	0.03260716  	0.11702059  	0.17434599  	0.09033418  	0.11010168  	0.05158709  	0.05613647  	0.13423434  	0.14231665  
2021-07-14 13:15:52.323: epoch 88:	0.04089356  	0.03229057  	0.11227287  	0.17229989  	0.08608051  	0.10691859  	0.04850301  	0.05331095  	0.12931925  	0.13778876  
2021-07-14 13:15:54.502: epoch 89:	0.04212260  	0.03284924  	0.11698413  	0.17490469  	0.08938907  	0.10976275  	0.05065699  	0.05533095  	0.13370804  	0.14205994  
2021-07-14 13:15:56.673: epoch 90:	0.04163843  	0.03299822  	0.11469739  	0.17579104  	0.08964311  	0.11117528  	0.05157566  	0.05665560  	0.13559672  	0.14454943  
2021-07-14 13:15:58.884: epoch 91:	0.04286746  	0.03296097  	0.12065785  	0.17720163  	0.09251636  	0.11224880  	0.05265835  	0.05733887  	0.13936791  	0.14693590  
2021-07-14 13:16:01.045: epoch 92:	0.04212261  	0.03320308  	0.11645237  	0.17839794  	0.09007591  	0.11165377  	0.05116166  	0.05625293  	0.13598432  	0.14462954  
2021-07-14 13:16:03.194: epoch 93:	0.04342614  	0.03365000  	0.11989071  	0.17869627  	0.09273002  	0.11332230  	0.05311504  	0.05791686  	0.13916747  	0.14731359  
2021-07-14 13:16:05.404: epoch 94:	0.04320265  	0.03361276  	0.12005406  	0.17962112  	0.09219316  	0.11303863  	0.05231019  	0.05715327  	0.13982905  	0.14820932  
2021-07-14 13:16:07.549: epoch 95:	0.04260676  	0.03314720  	0.11830547  	0.17555913  	0.09184986  	0.11207958  	0.05264812  	0.05732084  	0.13942540  	0.14770879  
2021-07-14 13:16:09.716: epoch 96:	0.04431998  	0.03424592  	0.12096054  	0.18535820  	0.09472777  	0.11648713  	0.05436122  	0.05937664  	0.14484175  	0.15308937  
2021-07-14 13:16:11.863: epoch 97:	0.04364960  	0.03350103  	0.11934228  	0.17856312  	0.09285488  	0.11325872  	0.05329504  	0.05807891  	0.13941342  	0.14741938  
2021-07-14 13:16:14.029: epoch 98:	0.04439446  	0.03383622  	0.12385163  	0.18070456  	0.09611824  	0.11610409  	0.05489780  	0.05943418  	0.14668392  	0.15500613  
2021-07-14 13:16:16.215: epoch 99:	0.04435721  	0.03417142  	0.12324519  	0.18506694  	0.09387974  	0.11516795  	0.05333719  	0.05841324  	0.13906965  	0.14734513  
2021-07-14 13:16:18.386: epoch 100:	0.04495312  	0.03459975  	0.12447062  	0.18649471  	0.09566014  	0.11707016  	0.05446023  	0.05944056  	0.14356336  	0.15223320  
2021-07-14 13:16:20.527: epoch 101:	0.04506483  	0.03432043  	0.12381116  	0.18381923  	0.09783043  	0.11853836  	0.05722144  	0.06202577  	0.14634724  	0.15455954  
2021-07-14 13:16:22.691: epoch 102:	0.04446895  	0.03439489  	0.12177150  	0.18398359  	0.09594225  	0.11732244  	0.05554859  	0.06051854  	0.14500183  	0.15356335  
2021-07-14 13:16:24.852: epoch 103:	0.04521381  	0.03445075  	0.12669709  	0.18477127  	0.09865042  	0.11898053  	0.05711492  	0.06196538  	0.14868367  	0.15654242  
2021-07-14 13:16:27.010: epoch 104:	0.04528831  	0.03519566  	0.12368910  	0.18881707  	0.09583686  	0.11832576  	0.05451829  	0.05984595  	0.14429015  	0.15287426  
2021-07-14 13:16:29.153: epoch 105:	0.04532556  	0.03430179  	0.12590855  	0.18525873  	0.09639925  	0.11685934  	0.05498580  	0.05988294  	0.14304180  	0.15108146  
2021-07-14 13:16:31.301: epoch 106:	0.04614490  	0.03508392  	0.12716852  	0.18765673  	0.09841575  	0.11936636  	0.05632190  	0.06137733  	0.14853732  	0.15622434  
2021-07-14 13:16:33.456: epoch 107:	0.04614490  	0.03601504  	0.12867552  	0.19225205  	0.09931178  	0.12186904  	0.05760606  	0.06326886  	0.14597182  	0.15435278  
2021-07-14 13:16:35.649: epoch 108:	0.04577247  	0.03465558  	0.12842384  	0.18605050  	0.09931595  	0.11954125  	0.05684294  	0.06186975  	0.15062140  	0.15794574  
2021-07-14 13:16:37.854: epoch 109:	0.04618217  	0.03549362  	0.12873255  	0.19198506  	0.09821419  	0.11993888  	0.05608255  	0.06135219  	0.14490856  	0.15307596  
2021-07-14 13:16:40.004: epoch 110:	0.04629389  	0.03521430  	0.12716299  	0.18867107  	0.09899773  	0.12018841  	0.05713373  	0.06198892  	0.14763732  	0.15625575  
2021-07-14 13:16:42.160: epoch 111:	0.04744843  	0.03594054  	0.13377590  	0.19476280  	0.10082909  	0.12197376  	0.05756605  	0.06263816  	0.14641266  	0.15445216  
2021-07-14 13:16:44.322: epoch 112:	0.04666632  	0.03523290  	0.12942642  	0.19095750  	0.09936355  	0.12043515  	0.05695241  	0.06196273  	0.14705533  	0.15512173  
2021-07-14 13:16:46.495: epoch 113:	0.04659186  	0.03612677  	0.12832627  	0.19559556  	0.10101224  	0.12412765  	0.05909630  	0.06460207  	0.15112096  	0.16020191  
2021-07-14 13:16:48.647: epoch 114:	0.04674080  	0.03566119  	0.12760104  	0.19083613  	0.09919742  	0.12101573  	0.05700799  	0.06224391  	0.14848949  	0.15649052  
2021-07-14 13:16:50.836: epoch 115:	0.04707599  	0.03662956  	0.13180678  	0.19775417  	0.10066492  	0.12376345  	0.05736000  	0.06293998  	0.15043241  	0.15941527  
2021-07-14 13:16:53.000: epoch 116:	0.04711324  	0.03573570  	0.13212401  	0.19194838  	0.10146387  	0.12246390  	0.05838998  	0.06360819  	0.14969528  	0.15739129  
2021-07-14 13:16:55.141: epoch 117:	0.04808159  	0.03659233  	0.13085118  	0.20077512  	0.10222182  	0.12571724  	0.05855628  	0.06436256  	0.15542665  	0.16409305  
2021-07-14 13:16:57.298: epoch 118:	0.04707601  	0.03659232  	0.13130160  	0.19688275  	0.10041212  	0.12327293  	0.05736877  	0.06292906  	0.14949067  	0.15823597  
2021-07-14 13:16:59.451: epoch 119:	0.04726223  	0.03640611  	0.13033274  	0.19785197  	0.10029713  	0.12346599  	0.05810892  	0.06370355  	0.14614075  	0.15493402  
2021-07-14 13:17:01.599: epoch 120:	0.04700151  	0.03692755  	0.12920114  	0.20131509  	0.10163355  	0.12645441  	0.05895227  	0.06520105  	0.15383756  	0.16294774  
2021-07-14 13:17:03.770: epoch 121:	0.04718773  	0.03668542  	0.13193102  	0.20181692  	0.10154193  	0.12535061  	0.05873587  	0.06465749  	0.14956298  	0.15827896  
2021-07-14 13:17:06.002: epoch 122:	0.04770915  	0.03662957  	0.13455230  	0.19837108  	0.10330451  	0.12571828  	0.05976750  	0.06533707  	0.15190800  	0.16023019  
2021-07-14 13:17:08.191: epoch 123:	0.04867753  	0.03715099  	0.13744041  	0.20283374  	0.10642516  	0.12913699  	0.06193457  	0.06757244  	0.15838565  	0.16679667  
2021-07-14 13:17:10.379: epoch 124:	0.04852854  	0.03687165  	0.13405015  	0.19707552  	0.10232820  	0.12430922  	0.05808092  	0.06346060  	0.15174188  	0.16000536  
2021-07-14 13:17:12.578: epoch 125:	0.04782088  	0.03731859  	0.13228004  	0.20032582  	0.10412479  	0.12761348  	0.06071631  	0.06632280  	0.15814526  	0.16678998  
2021-07-14 13:17:14.756: epoch 126:	0.04875202  	0.03724410  	0.13746503  	0.20180649  	0.10510129  	0.12761180  	0.06044042  	0.06594431  	0.15569629  	0.16430044  
2021-07-14 13:17:16.938: epoch 127:	0.04882649  	0.03765379  	0.13613155  	0.20336303  	0.10416014  	0.12740631  	0.05985094  	0.06551875  	0.15342990  	0.16185172  
2021-07-14 13:17:19.090: epoch 128:	0.04882650  	0.03718826  	0.13529308  	0.20102282  	0.10415247  	0.12681192  	0.05976172  	0.06535094  	0.15484773  	0.16320573  
2021-07-14 13:17:21.239: epoch 129:	0.04897547  	0.03815658  	0.13713357  	0.20676956  	0.10579579  	0.12997669  	0.06091385  	0.06707339  	0.15836279  	0.16693182  
2021-07-14 13:17:23.387: epoch 130:	0.04882649  	0.03851042  	0.13492498  	0.20783219  	0.10519089  	0.13052917  	0.06029369  	0.06674115  	0.15998779  	0.16893119  
2021-07-14 13:17:25.538: epoch 131:	0.04864024  	0.03759791  	0.13618647  	0.20263667  	0.10588146  	0.12914936  	0.06154867  	0.06746621  	0.15702926  	0.16529395  
2021-07-14 13:17:27.694: epoch 132:	0.04904998  	0.03776553  	0.13690095  	0.20331727  	0.10686691  	0.13006802  	0.06204163  	0.06778972  	0.16154602  	0.17032787  
2021-07-14 13:17:29.845: epoch 133:	0.04934792  	0.03802621  	0.13779166  	0.20496124  	0.10609248  	0.12965597  	0.06160444  	0.06765986  	0.15460563  	0.16299066  
2021-07-14 13:17:31.997: epoch 134:	0.04897546  	0.03784003  	0.13448721  	0.20379281  	0.10481595  	0.12884434  	0.06086688  	0.06688099  	0.15495548  	0.16384317  
2021-07-14 13:17:34.160: epoch 135:	0.04871472  	0.03722548  	0.13498090  	0.20209394  	0.10602498  	0.12915853  	0.06152929  	0.06736043  	0.16114837  	0.16949628  
2021-07-14 13:17:36.371: epoch 136:	0.04919894  	0.03802624  	0.13878879  	0.20641303  	0.10813329  	0.13172986  	0.06325602  	0.06915717  	0.16176413  	0.17032996  
2021-07-14 13:17:38.544: epoch 137:	0.04972038  	0.03811936  	0.13916320  	0.20776154  	0.10764300  	0.13143830  	0.06263152  	0.06867157  	0.15925112  	0.16774322  
2021-07-14 13:17:40.693: epoch 138:	0.05061425  	0.03806350  	0.13858464  	0.20849648  	0.10785844  	0.13134617  	0.06226866  	0.06791141  	0.16102792  	0.16951689  
2021-07-14 13:17:42.851: epoch 139:	0.05057703  	0.03867804  	0.14264217  	0.20984091  	0.10996822  	0.13335726  	0.06421349  	0.06989612  	0.16180541  	0.17030768  
2021-07-14 13:17:45.081: epoch 140:	0.05113568  	0.03882701  	0.14309579  	0.21060878  	0.11142755  	0.13491048  	0.06525991  	0.07108460  	0.16572374  	0.17441855  
2021-07-14 13:17:47.244: epoch 141:	0.04998110  	0.03862220  	0.13924652  	0.21116374  	0.10942134  	0.13404869  	0.06413314  	0.07027730  	0.16472241  	0.17354308  
2021-07-14 13:17:49.394: epoch 142:	0.05009279  	0.03832420  	0.14133337  	0.20755047  	0.11078500  	0.13404474  	0.06545772  	0.07123488  	0.16492382  	0.17328376  
2021-07-14 13:17:51.544: epoch 143:	0.04972039  	0.03914365  	0.13876642  	0.20977426  	0.10703053  	0.13216172  	0.06201220  	0.06843947  	0.15765752  	0.16661391  
2021-07-14 13:17:53.703: epoch 144:	0.05005557  	0.03849180  	0.14117771  	0.21071249  	0.10843948  	0.13254207  	0.06296669  	0.06896546  	0.15904270  	0.16775975  
2021-07-14 13:17:55.862: epoch 145:	0.05031629  	0.03884562  	0.14006440  	0.21100311  	0.10860048  	0.13304201  	0.06293559  	0.06913207  	0.16033742  	0.16875902  
2021-07-14 13:17:58.025: epoch 146:	0.05109843  	0.03921807  	0.14217976  	0.21397594  	0.10896619  	0.13365030  	0.06251599  	0.06878136  	0.16083844  	0.16939218  
2021-07-14 13:18:00.183: epoch 147:	0.05143366  	0.03960918  	0.14303681  	0.21527965  	0.11142664  	0.13624352  	0.06532564  	0.07159152  	0.16397592  	0.17252912  
2021-07-14 13:18:02.354: epoch 148:	0.05027903  	0.03921808  	0.14214873  	0.21470661  	0.11128325  	0.13666508  	0.06513751  	0.07160869  	0.16789612  	0.17694007  
2021-07-14 13:18:04.514: epoch 149:	0.05050252  	0.03908773  	0.14154702  	0.21277462  	0.11072920  	0.13553773  	0.06520209  	0.07156493  	0.16342674  	0.17207673  
2021-07-14 13:18:06.681: epoch 150:	0.05176887  	0.04005610  	0.14363977  	0.21887243  	0.10922047  	0.13513987  	0.06206454  	0.06882094  	0.16109835  	0.16987829  
2021-07-14 13:18:08.853: epoch 151:	0.05091222  	0.03869665  	0.14219114  	0.21196939  	0.10900955  	0.13283911  	0.06222218  	0.06833684  	0.16263720  	0.17061499  
2021-07-14 13:18:11.059: epoch 152:	0.05117295  	0.03942292  	0.14274116  	0.21736136  	0.11200514  	0.13742617  	0.06570632  	0.07210763  	0.16696711  	0.17575783  
2021-07-14 13:18:13.212: epoch 153:	0.05225306  	0.03975814  	0.14639977  	0.21504897  	0.11283085  	0.13676666  	0.06520926  	0.07120693  	0.16729619  	0.17583416  
2021-07-14 13:18:15.372: epoch 154:	0.05154543  	0.03981401  	0.14359500  	0.21623844  	0.11125658  	0.13641284  	0.06426723  	0.07080164  	0.16567066  	0.17416844  
2021-07-14 13:18:17.586: epoch 155:	0.05154539  	0.03912495  	0.14598423  	0.21196359  	0.11202358  	0.13524573  	0.06448597  	0.07055292  	0.16692977  	0.17460139  
2021-07-14 13:18:19.730: epoch 156:	0.05053976  	0.04003748  	0.14206550  	0.21783148  	0.11057907  	0.13703202  	0.06451672  	0.07149077  	0.16459820  	0.17353038  
2021-07-14 13:18:21.876: epoch 157:	0.05124744  	0.03966504  	0.14516836  	0.21658799  	0.11225306  	0.13722982  	0.06549440  	0.07198372  	0.16697276  	0.17570333  
2021-07-14 13:18:24.047: epoch 158:	0.05225306  	0.03977678  	0.14598995  	0.21663980  	0.11344489  	0.13784616  	0.06572414  	0.07198638  	0.17011894  	0.17845674  
2021-07-14 13:18:26.197: epoch 159:	0.05158263  	0.03972089  	0.14430153  	0.21536249  	0.11120816  	0.13595785  	0.06387112  	0.07018482  	0.16626291  	0.17490274  
2021-07-14 13:18:28.363: epoch 160:	0.05243926  	0.04065198  	0.14838468  	0.22199948  	0.11475606  	0.14042564  	0.06692247  	0.07372071  	0.17085348  	0.17923133  
2021-07-14 13:18:30.534: epoch 161:	0.05232754  	0.04037265  	0.14703058  	0.22083466  	0.11490255  	0.14060874  	0.06734886  	0.07412819  	0.17185406  	0.18045728  
2021-07-14 13:18:32.707: epoch 162:	0.05266272  	0.03959054  	0.14943156  	0.21765651  	0.11474374  	0.13833487  	0.06661022  	0.07252769  	0.16914260  	0.17741959  
2021-07-14 13:18:34.896: epoch 163:	0.05292346  	0.04065200  	0.14843500  	0.22273658  	0.11451583  	0.14016366  	0.06600475  	0.07269815  	0.17118768  	0.17980734  
2021-07-14 13:18:37.074: epoch 164:	0.05318417  	0.04096857  	0.14858483  	0.22684729  	0.11541992  	0.14194627  	0.06670251  	0.07356042  	0.17359301  	0.18225965  
2021-07-14 13:18:39.265: epoch 165:	0.05359389  	0.04072651  	0.14986525  	0.22099791  	0.11407291  	0.13881835  	0.06543548  	0.07203913  	0.16682914  	0.17495428  
2021-07-14 13:18:41.418: epoch 166:	0.05217856  	0.04065198  	0.14621839  	0.22168271  	0.11346248  	0.13979584  	0.06628190  	0.07320068  	0.16713953  	0.17610614  
2021-07-14 13:18:43.563: epoch 167:	0.05161985  	0.04027957  	0.14649773  	0.22109830  	0.11402970  	0.14004087  	0.06676869  	0.07360083  	0.17030051  	0.17898825  
2021-07-14 13:18:45.733: epoch 168:	0.05325866  	0.04039127  	0.14951630  	0.22188227  	0.11623289  	0.14118494  	0.06804657  	0.07448415  	0.17177974  	0.18006095  
2021-07-14 13:18:47.896: epoch 169:	0.05340762  	0.04054030  	0.14691217  	0.21901694  	0.11482904  	0.13967322  	0.06668072  	0.07316423  	0.17137510  	0.17988974  
2021-07-14 13:18:50.082: epoch 170:	0.05310967  	0.04094995  	0.14677204  	0.22076897  	0.11283910  	0.13863300  	0.06448466  	0.07125958  	0.16784361  	0.17659891  
2021-07-14 13:18:52.240: epoch 171:	0.05363109  	0.04122927  	0.14885785  	0.22299379  	0.11522267  	0.14086543  	0.06708729  	0.07375130  	0.16963746  	0.17779675  
2021-07-14 13:18:54.393: epoch 172:	0.05176885  	0.04020508  	0.14418581  	0.21996176  	0.11296672  	0.13920277  	0.06580900  	0.07258770  	0.17015742  	0.17934370  
2021-07-14 13:18:56.550: epoch 173:	0.05333316  	0.04093135  	0.14843164  	0.22121558  	0.11554619  	0.14081493  	0.06704857  	0.07363641  	0.17286883  	0.18141189  
2021-07-14 13:18:58.710: epoch 174:	0.05281173  	0.04040994  	0.14892676  	0.22144385  	0.11468123  	0.13990256  	0.06657672  	0.07319218  	0.16907761  	0.17761281  
2021-07-14 13:19:00.870: epoch 175:	0.05310967  	0.04124792  	0.14808533  	0.22278510  	0.11507107  	0.14110357  	0.06687637  	0.07355123  	0.17140007  	0.18009809  
2021-07-14 13:19:03.044: epoch 176:	0.05258821  	0.04052165  	0.14930074  	0.22013131  	0.11449837  	0.13945736  	0.06616598  	0.07267461  	0.16970882  	0.17828128  
2021-07-14 13:19:05.199: epoch 177:	0.05270000  	0.04061475  	0.14916287  	0.22209309  	0.11497638  	0.14042398  	0.06617144  	0.07293827  	0.17322889  	0.18157238  
2021-07-14 13:19:07.344: epoch 178:	0.05296068  	0.04048439  	0.14927098  	0.22148770  	0.11503401  	0.14000097  	0.06646614  	0.07297141  	0.17173843  	0.17969845  
2021-07-14 13:19:09.506: epoch 179:	0.05314692  	0.04113620  	0.15019937  	0.22495089  	0.11555259  	0.14167985  	0.06702186  	0.07382445  	0.17036597  	0.17924158  
2021-07-14 13:19:11.651: epoch 180:	0.05392906  	0.04080099  	0.14972319  	0.22192465  	0.11469974  	0.13957332  	0.06529488  	0.07176759  	0.17033371  	0.17873345  
2021-07-14 13:19:13.806: epoch 181:	0.05292346  	0.04109893  	0.14756574  	0.22322015  	0.11585902  	0.14218308  	0.06777274  	0.07460968  	0.17417973  	0.18289617  
2021-07-14 13:19:15.958: epoch 182:	0.05366836  	0.04104307  	0.15102097  	0.22651035  	0.11493711  	0.14086869  	0.06593776  	0.07266810  	0.16906625  	0.17787415  
2021-07-14 13:19:18.182: epoch 183:	0.05322142  	0.04104305  	0.15099783  	0.22419338  	0.11688767  	0.14250839  	0.06829435  	0.07493605  	0.17386979  	0.18256174  
2021-07-14 13:19:20.330: epoch 184:	0.05333314  	0.04044714  	0.14891727  	0.22129016  	0.11464797  	0.13953632  	0.06639525  	0.07292242  	0.16827515  	0.17644116  
2021-07-14 13:19:22.478: epoch 185:	0.05318418  	0.04117342  	0.14706993  	0.22396056  	0.11405972  	0.14056905  	0.06563529  	0.07261967  	0.17045502  	0.17930305  
2021-07-14 13:19:24.675: epoch 186:	0.05296071  	0.04093133  	0.14992467  	0.22465418  	0.11395612  	0.14009783  	0.06542419  	0.07238742  	0.16814791  	0.17663465  
2021-07-14 13:19:26.825: epoch 187:	0.05407806  	0.04128517  	0.15277489  	0.22915159  	0.11597759  	0.14222541  	0.06686839  	0.07366359  	0.16851416  	0.17741531  
2021-07-14 13:19:28.984: epoch 188:	0.05314696  	0.04139688  	0.14708944  	0.22808863  	0.11464918  	0.14236616  	0.06679665  	0.07407498  	0.16935036  	0.17865679  
2021-07-14 13:19:31.130: epoch 189:	0.05333316  	0.04106169  	0.14895819  	0.22477297  	0.11518277  	0.14135422  	0.06675643  	0.07350960  	0.17091383  	0.17997113  
2021-07-14 13:19:33.308: epoch 190:	0.05366838  	0.04108034  	0.15178820  	0.22321798  	0.11693724  	0.14209533  	0.06797779  	0.07463762  	0.17188960  	0.18053572  
2021-07-14 13:19:35.465: epoch 191:	0.05370562  	0.04111757  	0.15133330  	0.22354320  	0.11594296  	0.14120743  	0.06685473  	0.07340211  	0.17175800  	0.18021187  
2021-07-14 13:19:37.659: epoch 192:	0.05366835  	0.04096859  	0.15157747  	0.22462094  	0.11601628  	0.14140218  	0.06706574  	0.07369166  	0.17072608  	0.17925549  
2021-07-14 13:19:39.819: epoch 193:	0.05448777  	0.04087548  	0.15281586  	0.22447737  	0.11777559  	0.14236754  	0.06837635  	0.07463576  	0.17462184  	0.18292417  
2021-07-14 13:19:41.987: epoch 194:	0.05284895  	0.04128516  	0.15009511  	0.22664680  	0.11455020  	0.14118016  	0.06618427  	0.07309910  	0.16866505  	0.17744532  
2021-07-14 13:19:44.140: epoch 195:	0.05415256  	0.04098719  	0.15435070  	0.22584045  	0.11898467  	0.14395764  	0.06983548  	0.07647602  	0.17499027  	0.18302757  
2021-07-14 13:19:46.315: epoch 196:	0.05389182  	0.04108031  	0.15253747  	0.22671084  	0.11755522  	0.14316007  	0.06803474  	0.07474111  	0.17472409  	0.18318310  
2021-07-14 13:19:48.476: epoch 197:	0.05560510  	0.04076375  	0.15543549  	0.22467695  	0.11726192  	0.14088804  	0.06681849  	0.07278585  	0.17038547  	0.17856868  
2021-07-14 13:19:50.654: epoch 198:	0.05359388  	0.04124795  	0.15039816  	0.22434546  	0.11845660  	0.14439304  	0.06994136  	0.07670920  	0.17681406  	0.18585344  
2021-07-14 13:19:52.841: epoch 199:	0.05407806  	0.04147137  	0.15128122  	0.22771680  	0.11772762  	0.14417671  	0.06857894  	0.07556190  	0.17525400  	0.18418199  
2021-07-14 13:19:55.015: epoch 200:	0.05407806  	0.04108034  	0.15447736  	0.22719656  	0.12040132  	0.14565921  	0.07072638  	0.07750484  	0.17983776  	0.18781196  
2021-07-14 13:19:57.213: epoch 201:	0.05426430  	0.04154585  	0.15209179  	0.22775829  	0.11758704  	0.14370975  	0.06793003  	0.07481383  	0.17559506  	0.18428947  
2021-07-14 13:19:59.389: epoch 202:	0.05448774  	0.04165758  	0.15250516  	0.22801109  	0.11816677  	0.14440538  	0.06893153  	0.07586577  	0.17405669  	0.18279228  
2021-07-14 13:20:01.538: epoch 203:	0.05407806  	0.04173209  	0.15401570  	0.23092732  	0.11748413  	0.14418112  	0.06785692  	0.07485783  	0.17291541  	0.18187216  
2021-07-14 13:20:03.721: epoch 204:	0.05310968  	0.04134103  	0.15162289  	0.22574140  	0.11715728  	0.14326963  	0.06811229  	0.07486878  	0.17521653  	0.18418786  
2021-07-14 13:20:05.885: epoch 205:	0.05337041  	0.04154585  	0.15077828  	0.22765853  	0.11841279  	0.14508057  	0.06957457  	0.07651500  	0.17772849  	0.18647148  
2021-07-14 13:20:08.071: epoch 206:	0.05474847  	0.04197418  	0.15556832  	0.23192954  	0.11825328  	0.14460950  	0.06832314  	0.07534210  	0.17243852  	0.18094857  
2021-07-14 13:20:10.220: epoch 207:	0.05363112  	0.04122933  	0.15242341  	0.22676887  	0.11640181  	0.14230914  	0.06705523  	0.07388643  	0.17135589  	0.18031509  
2021-07-14 13:20:12.386: epoch 208:	0.05430152  	0.04124793  	0.15324017  	0.22436389  	0.11779434  	0.14265221  	0.06794313  	0.07436213  	0.17507462  	0.18349826  
2021-07-14 13:20:14.544: epoch 209:	0.05471122  	0.04175073  	0.15470529  	0.22870605  	0.11884921  	0.14466554  	0.06908887  	0.07584000  	0.17489219  	0.18367004  
2021-07-14 13:20:16.699: epoch 210:	0.05340764  	0.04111759  	0.15331279  	0.22673829  	0.11967310  	0.14531970  	0.07060369  	0.07732954  	0.17874065  	0.18737730  
2021-07-14 13:20:18.878: epoch 211:	0.05370562  	0.04156448  	0.15281339  	0.22767319  	0.11772695  	0.14385912  	0.06849081  	0.07527933  	0.17443052  	0.18317723  
2021-07-14 13:20:21.032: epoch 212:	0.05512092  	0.04227217  	0.15653910  	0.23499872  	0.11874258  	0.14573172  	0.06845541  	0.07554654  	0.17320475  	0.18220696  
2021-07-14 13:20:23.242: epoch 213:	0.05418982  	0.04197419  	0.15455517  	0.23154695  	0.11798518  	0.14480947  	0.06815913  	0.07521555  	0.17380309  	0.18270329  
2021-07-14 13:20:25.401: epoch 214:	0.05441327  	0.04126653  	0.15269138  	0.22718342  	0.11789444  	0.14347930  	0.06836367  	0.07511993  	0.17501438  	0.18345575  
2021-07-14 13:20:27.559: epoch 215:	0.05359385  	0.04169485  	0.15179048  	0.23038596  	0.11816255  	0.14546524  	0.06933980  	0.07650191  	0.17550208  	0.18475784  
2021-07-14 13:20:29.785: epoch 216:	0.05508366  	0.04243976  	0.15693310  	0.23401006  	0.11893554  	0.14574018  	0.06847840  	0.07556058  	0.17339051  	0.18221267  
2021-07-14 13:20:31.964: epoch 217:	0.05448773  	0.04216040  	0.15564422  	0.23136993  	0.11927345  	0.14582899  	0.06946853  	0.07648774  	0.17516507  	0.18399328  
2021-07-14 13:20:34.130: epoch 218:	0.05411530  	0.04145277  	0.15508102  	0.23125714  	0.11858534  	0.14493783  	0.06849456  	0.07542262  	0.17585927  	0.18488610  
2021-07-14 13:20:36.334: epoch 219:	0.05459947  	0.04201143  	0.15343361  	0.23194212  	0.11772006  	0.14488895  	0.06782171  	0.07507636  	0.17391382  	0.18309738  
2021-07-14 13:20:38.514: epoch 220:	0.05430153  	0.04208590  	0.15336953  	0.23110847  	0.11919666  	0.14612834  	0.06991819  	0.07698126  	0.17647089  	0.18523386  
2021-07-14 13:20:40.661: epoch 221:	0.05426428  	0.04160175  	0.15482777  	0.23075607  	0.11978986  	0.14608820  	0.07053101  	0.07749183  	0.17735170  	0.18595886  
2021-07-14 13:20:42.834: epoch 222:	0.05374284  	0.04243974  	0.15340856  	0.23497263  	0.11854016  	0.14693525  	0.06955902  	0.07722684  	0.17417043  	0.18347307  
2021-07-14 13:20:44.994: epoch 223:	0.05445052  	0.04189971  	0.15306011  	0.23082474  	0.11786170  	0.14482635  	0.06831522  	0.07557841  	0.17276937  	0.18176554  
2021-07-14 13:20:47.172: epoch 224:	0.05538165  	0.04188109  	0.15521906  	0.23277926  	0.11915750  	0.14543508  	0.06937686  	0.07628924  	0.17201291  	0.18052079  
2021-07-14 13:20:49.366: epoch 225:	0.05463675  	0.04162037  	0.15340206  	0.23106799  	0.11861079  	0.14514151  	0.06869945  	0.07577536  	0.17575090  	0.18408518  
2021-07-14 13:20:51.570: epoch 226:	0.05474846  	0.04208593  	0.15329660  	0.23546788  	0.11840618  	0.14614268  	0.06878428  	0.07603506  	0.17373684  	0.18287654  
2021-07-14 13:20:53.849: epoch 227:	0.05482296  	0.04219769  	0.15466958  	0.23374982  	0.11864400  	0.14595354  	0.06866023  	0.07602069  	0.17445944  	0.18327588  
2021-07-14 13:20:56.067: epoch 228:	0.05582859  	0.04255151  	0.15739077  	0.23583782  	0.12009274  	0.14708500  	0.06925582  	0.07652984  	0.17600811  	0.18496366  
2021-07-14 13:20:58.264: epoch 229:	0.05515812  	0.04236525  	0.15640967  	0.23277153  	0.11951676  	0.14608438  	0.06929228  	0.07629680  	0.17481567  	0.18361595  
2021-07-14 13:21:00.525: epoch 230:	0.05452499  	0.04193695  	0.15416493  	0.23238908  	0.11930373  	0.14627557  	0.06954257  	0.07674339  	0.17703994  	0.18578251  
2021-07-14 13:21:02.724: epoch 231:	0.05400358  	0.04189970  	0.15276639  	0.23101042  	0.11783070  	0.14507511  	0.06883018  	0.07599199  	0.17242922  	0.18164670  
2021-07-14 13:21:04.894: epoch 232:	0.05534438  	0.04240250  	0.15749717  	0.23401476  	0.12016114  	0.14681537  	0.06957410  	0.07668886  	0.17567281  	0.18476811  
2021-07-14 13:21:07.045: epoch 233:	0.05471123  	0.04182521  	0.15620896  	0.23357716  	0.12013543  	0.14684474  	0.06993588  	0.07717241  	0.17735903  	0.18601666  
2021-07-14 13:21:09.209: epoch 234:	0.05396632  	0.04162039  	0.15381397  	0.22986484  	0.11806261  	0.14468552  	0.06879037  	0.07590745  	0.17326541  	0.18211621  
2021-07-14 13:21:11.401: epoch 235:	0.05392907  	0.04242116  	0.15338624  	0.23655604  	0.11800302  	0.14665428  	0.06838969  	0.07617062  	0.17471285  	0.18378839  
2021-07-14 13:21:13.569: epoch 236:	0.05482298  	0.04186247  	0.15867582  	0.23234424  	0.12011320  	0.14590834  	0.06977783  	0.07661745  	0.17396826  	0.18261521  
2021-07-14 13:21:15.727: epoch 237:	0.05478571  	0.04169486  	0.15647508  	0.23114291  	0.11861528  	0.14446492  	0.06824971  	0.07507667  	0.17332332  	0.18179217  
2021-07-14 13:21:17.914: epoch 238:	0.05430152  	0.04251423  	0.15628542  	0.23794873  	0.11895233  	0.14729372  	0.06929693  	0.07686891  	0.17327605  	0.18241581  
2021-07-14 13:21:20.097: epoch 239:	0.05497193  	0.04167622  	0.15748988  	0.23214871  	0.12030751  	0.14623243  	0.06995578  	0.07681820  	0.17627840  	0.18511270  
2021-07-14 13:21:22.267: epoch 240:	0.05564234  	0.04230937  	0.15956111  	0.23433310  	0.12168427  	0.14774863  	0.07090625  	0.07783016  	0.17699628  	0.18551628  
2021-07-14 13:21:24.432: epoch 241:	0.05329590  	0.04214179  	0.15102853  	0.23588319  	0.11799082  	0.14714137  	0.06958362  	0.07717683  	0.17442712  	0.18453249  
2021-07-14 13:21:26.599: epoch 242:	0.05471123  	0.04208593  	0.15661819  	0.23360407  	0.12024587  	0.14718515  	0.07025693  	0.07737460  	0.17683463  	0.18609278  
2021-07-14 13:21:28.760: epoch 243:	0.05448775  	0.04232798  	0.15635419  	0.23580895  	0.11964612  	0.14733848  	0.06928653  	0.07672843  	0.17639147  	0.18564229  
2021-07-14 13:21:30.933: epoch 244:	0.05515816  	0.04275632  	0.15970649  	0.23736221  	0.12020876  	0.14754686  	0.06915548  	0.07651237  	0.17539269  	0.18448332  
2021-07-14 13:21:33.101: epoch 245:	0.05407805  	0.04208593  	0.15314652  	0.23352091  	0.11825223  	0.14617299  	0.06873565  	0.07628354  	0.17594339  	0.18506075  
2021-07-14 13:21:35.293: epoch 246:	0.05445052  	0.04178799  	0.15479136  	0.23215064  	0.11963620  	0.14630257  	0.06990699  	0.07712819  	0.17695379  	0.18561655  
2021-07-14 13:21:37.480: epoch 247:	0.05508366  	0.04189971  	0.15516073  	0.23317589  	0.11937597  	0.14611548  	0.06915426  	0.07628717  	0.17649917  	0.18521319  
2021-07-14 13:21:39.642: epoch 248:	0.05452496  	0.04223492  	0.15605439  	0.23391846  	0.12047929  	0.14774671  	0.07088845  	0.07805742  	0.17654645  	0.18602462  
2021-07-14 13:21:41.821: epoch 249:	0.05474846  	0.04227217  	0.15548927  	0.23339999  	0.11875781  	0.14585082  	0.06899972  	0.07621345  	0.17272376  	0.18180862  
2021-07-14 13:21:43.977: epoch 250:	0.05400358  	0.04191836  	0.15383802  	0.23374432  	0.11810296  	0.14592530  	0.06890316  	0.07651391  	0.17253387  	0.18166210  
2021-07-14 13:21:46.133: epoch 251:	0.05422704  	0.04225355  	0.15380384  	0.23426600  	0.11780153  	0.14575389  	0.06832530  	0.07596405  	0.17267662  	0.18167253  
2021-07-14 13:21:48.287: epoch 252:	0.05556786  	0.04199282  	0.15802474  	0.23185374  	0.12068997  	0.14648743  	0.07032439  	0.07724077  	0.17570673  	0.18417586  
2021-07-14 13:21:50.457: epoch 253:	0.05519543  	0.04219766  	0.15955369  	0.23443842  	0.12033518  	0.14656052  	0.06948301  	0.07645728  	0.17459209  	0.18324150  
2021-07-14 13:21:52.654: epoch 254:	0.05426424  	0.04201144  	0.15385729  	0.23078454  	0.11919433  	0.14602396  	0.06999991  	0.07703774  	0.17515358  	0.18425958  
2021-07-14 13:21:54.805: epoch 255:	0.05497196  	0.04199284  	0.15708791  	0.23171587  	0.11932096  	0.14549738  	0.06908290  	0.07607994  	0.17394941  	0.18257019  
2021-07-14 13:21:56.962: epoch 256:	0.05381734  	0.04188110  	0.15629558  	0.23350264  	0.11918435  	0.14631930  	0.06935294  	0.07675178  	0.17545870  	0.18450418  
2021-07-14 13:21:59.119: epoch 257:	0.05459945  	0.04288669  	0.15464048  	0.23941459  	0.11889238  	0.14812396  	0.06929079  	0.07719862  	0.17370673  	0.18329816  
2021-07-14 13:22:01.276: epoch 258:	0.05519540  	0.04229077  	0.15748668  	0.23356155  	0.12056778  	0.14713676  	0.06994213  	0.07695089  	0.17758095  	0.18664919  
2021-07-14 13:22:03.491: epoch 259:	0.05504644  	0.04184386  	0.15671837  	0.23338805  	0.11972595  	0.14625411  	0.06944844  	0.07639485  	0.17544572  	0.18475676  
2021-07-14 13:22:05.666: epoch 260:	0.05486019  	0.04214180  	0.15772021  	0.23285310  	0.12065986  	0.14705142  	0.07024139  	0.07716069  	0.17713083  	0.18607150  
2021-07-14 13:22:07.833: epoch 261:	0.05392907  	0.04189970  	0.15461121  	0.23285651  	0.11918321  	0.14642949  	0.06978089  	0.07720795  	0.17507558  	0.18395975  
2021-07-14 13:22:09.983: epoch 262:	0.05392909  	0.04160171  	0.15400679  	0.23073514  	0.11844846  	0.14534697  	0.06918025  	0.07647723  	0.17421319  	0.18320717  
2021-07-14 13:22:12.193: epoch 263:	0.05530714  	0.04186248  	0.15672791  	0.23376144  	0.12074668  	0.14722577  	0.07049923  	0.07730164  	0.17718670  	0.18660226  
2021-07-14 13:22:14.438: epoch 264:	0.05404080  	0.04178797  	0.15503997  	0.23323427  	0.11901899  	0.14635298  	0.06979973  	0.07708048  	0.17387098  	0.18327442  
2021-07-14 13:22:16.606: epoch 265:	0.05463669  	0.04214180  	0.15483139  	0.23502558  	0.11958618  	0.14729190  	0.06981874  	0.07731067  	0.17579749  	0.18499093  
2021-07-14 13:22:18.756: epoch 266:	0.05456222  	0.04204866  	0.15735954  	0.23518901  	0.11986204  	0.14696863  	0.06979658  	0.07698478  	0.17498797  	0.18423311  
2021-07-14 13:22:20.918: epoch 267:	0.05445048  	0.04214178  	0.15487282  	0.23432204  	0.12023798  	0.14777429  	0.07043463  	0.07783150  	0.17778115  	0.18714011  
2021-07-14 13:22:23.084: epoch 268:	0.05512092  	0.04208592  	0.15822557  	0.23421615  	0.11986831  	0.14627737  	0.06909809  	0.07631153  	0.17528453  	0.18375385  
2021-07-14 13:22:25.240: epoch 269:	0.05418980  	0.04176934  	0.15565224  	0.23343772  	0.11834349  	0.14551954  	0.06830713  	0.07568089  	0.17385545  	0.18286069  
2021-07-14 13:22:27.396: epoch 270:	0.05407804  	0.04176933  	0.15312579  	0.23299412  	0.11805990  	0.14560178  	0.06861224  	0.07587324  	0.17455384  	0.18397617  
2021-07-14 13:22:29.540: epoch 271:	0.05586582  	0.04188108  	0.16032471  	0.23307925  	0.12151189  	0.14675303  	0.07000867  	0.07676867  	0.17791249  	0.18617442  
2021-07-14 13:22:31.692: epoch 272:	0.05448773  	0.04195558  	0.15763420  	0.23319076  	0.11928131  	0.14579120  	0.06893933  	0.07615299  	0.17463957  	0.18330969  
2021-07-14 13:22:33.875: epoch 273:	0.05497193  	0.04175074  	0.15787382  	0.23222242  	0.12014630  	0.14605720  	0.06965419  	0.07665744  	0.17594887  	0.18430899  
2021-07-14 13:22:36.074: epoch 274:	0.05426426  	0.04206729  	0.15631233  	0.23435843  	0.11876381  	0.14607617  	0.06875395  	0.07609765  	0.17470214  	0.18376118  
2021-07-14 13:22:38.259: epoch 275:	0.05489744  	0.04197421  	0.15759234  	0.23398261  	0.11892591  	0.14544286  	0.06867336  	0.07563784  	0.17268142  	0.18198827  
2021-07-14 13:22:40.436: epoch 276:	0.05430150  	0.04227215  	0.15628217  	0.23341510  	0.11970984  	0.14690757  	0.06989514  	0.07733505  	0.17639810  	0.18533529  
2021-07-14 13:22:42.664: epoch 277:	0.05430151  	0.04178797  	0.15369290  	0.23269556  	0.11750969  	0.14466555  	0.06786344  	0.07510857  	0.17305946  	0.18205251  
2021-07-14 13:22:44.818: epoch 278:	0.05430149  	0.04182520  	0.15476625  	0.23501886  	0.11986039  	0.14743748  	0.07002868  	0.07739410  	0.17871955  	0.18777145  
2021-07-14 13:22:46.982: epoch 279:	0.05445049  	0.04175071  	0.15673620  	0.23342712  	0.11899202  	0.14559917  	0.06895911  	0.07602912  	0.17327279  	0.18209785  
2021-07-14 13:22:49.135: epoch 280:	0.05489746  	0.04137828  	0.15709427  	0.23294134  	0.12077138  	0.14680468  	0.07074735  	0.07773283  	0.17661566  	0.18509278  
2021-07-14 13:22:51.292: epoch 281:	0.05486019  	0.04139691  	0.15656720  	0.23142947  	0.11963128  	0.14541398  	0.06919038  	0.07606240  	0.17663352  	0.18524677  
2021-07-14 13:22:53.475: epoch 282:	0.05489741  	0.04169489  	0.15835378  	0.23270446  	0.11888258  	0.14469394  	0.06854572  	0.07534063  	0.17216858  	0.18065986  
2021-07-14 13:22:55.636: epoch 283:	0.05530714  	0.04182521  	0.16120133  	0.23404279  	0.12053485  	0.14595890  	0.06928790  	0.07606410  	0.17571877  	0.18410741  
2021-07-14 13:22:57.794: epoch 284:	0.05467396  	0.04156452  	0.15724425  	0.23285167  	0.11989681  	0.14621697  	0.06971202  	0.07674199  	0.17582063  	0.18510255  
2021-07-14 13:22:59.952: epoch 285:	0.05512092  	0.04160175  	0.15840721  	0.23315252  	0.12061799  	0.14641950  	0.06995303  	0.07694598  	0.17658316  	0.18489133  
2021-07-14 13:23:02.110: epoch 286:	0.05500918  	0.04180660  	0.15794919  	0.23204142  	0.12038067  	0.14623795  	0.06963729  	0.07665719  	0.17670320  	0.18492682  
2021-07-14 13:23:04.275: epoch 287:	0.05359386  	0.04203007  	0.15443768  	0.23399360  	0.11840126  	0.14624041  	0.06890875  	0.07631414  	0.17521626  	0.18464810  
2021-07-14 13:23:06.433: epoch 288:	0.05396631  	0.04145278  	0.15723580  	0.23360160  	0.11954454  	0.14603138  	0.06931411  	0.07641424  	0.17662770  	0.18532664  
2021-07-14 13:23:08.661: epoch 289:	0.05523262  	0.04167623  	0.15960595  	0.23393027  	0.12032630  	0.14605932  	0.06923455  	0.07601702  	0.17567690  	0.18426575  
2021-07-14 13:23:10.825: epoch 290:	0.05430149  	0.04189969  	0.15555708  	0.23389913  	0.11792219  	0.14496975  	0.06814254  	0.07522035  	0.17182438  	0.18073121  
2021-07-14 13:23:12.991: epoch 291:	0.05433875  	0.04141555  	0.15649575  	0.23141693  	0.11829908  	0.14435947  	0.06798922  	0.07488503  	0.17403741  	0.18288766  
2021-07-14 13:23:15.190: epoch 292:	0.05404082  	0.04121068  	0.15636088  	0.23082280  	0.11943258  	0.14529824  	0.06937114  	0.07631837  	0.17675567  	0.18525101  
2021-07-14 13:23:17.352: epoch 293:	0.05459948  	0.04124794  	0.15677187  	0.23060943  	0.11903495  	0.14468914  	0.06890602  	0.07568134  	0.17397623  	0.18300197  
2021-07-14 13:23:19.511: epoch 294:	0.05459946  	0.04145279  	0.15768418  	0.23394121  	0.12110455  	0.14734942  	0.07105928  	0.07803903  	0.17793819  	0.18671358  
2021-07-14 13:23:21.657: epoch 295:	0.05422704  	0.04113621  	0.15444683  	0.23075564  	0.12005714  	0.14631222  	0.06996367  	0.07701690  	0.18059838  	0.18927184  
2021-07-14 13:23:23.814: epoch 296:	0.05407808  	0.04119205  	0.15450674  	0.23176736  	0.11795349  	0.14467619  	0.06822427  	0.07534240  	0.17409940  	0.18334067  
2021-07-14 13:23:25.973: epoch 297:	0.05493468  	0.04108034  	0.15734208  	0.22987968  	0.11868846  	0.14370620  	0.06836151  	0.07475592  	0.17221652  	0.18116339  
2021-07-14 13:23:28.126: epoch 298:	0.05430152  	0.04094996  	0.15628286  	0.23003922  	0.11826684  	0.14376104  	0.06866744  	0.07527766  	0.17170161  	0.18045923  
2021-07-14 13:23:30.278: epoch 299:	0.05400358  	0.04134104  	0.15678859  	0.23190828  	0.11839027  	0.14446492  	0.06861767  	0.07534616  	0.17254367  	0.18148105  
2021-07-14 13:23:32.438: epoch 300:	0.05426427  	0.04104307  	0.15845285  	0.22904551  	0.11980727  	0.14472172  	0.06912906  	0.07574724  	0.17661183  	0.18514699  
2021-07-14 13:23:34.574: epoch 301:	0.05445049  	0.04139690  	0.15916573  	0.23347086  	0.12079597  	0.14682627  	0.07045867  	0.07719821  	0.17724171  	0.18655792  
2021-07-14 13:23:36.777: epoch 302:	0.05351935  	0.04154588  	0.15361875  	0.23373662  	0.11725724  	0.14501910  	0.06786767  	0.07535359  	0.17224923  	0.18158695  
2021-07-14 13:23:38.929: epoch 303:	0.05471120  	0.04124792  	0.15838817  	0.23052101  	0.12055090  	0.14581740  	0.07013889  	0.07668599  	0.17752029  	0.18654679  
2021-07-14 13:23:41.076: epoch 304:	0.05448774  	0.04093136  	0.15526627  	0.22804816  	0.11875255  	0.14404850  	0.06903899  	0.07562879  	0.17353737  	0.18244603  
2021-07-14 13:23:43.278: epoch 305:	0.05407803  	0.04158313  	0.15571786  	0.23278692  	0.11819454  	0.14499521  	0.06845859  	0.07559737  	0.17217211  	0.18116066  
2021-07-14 13:23:45.422: epoch 306:	0.05474844  	0.04130382  	0.15631878  	0.23174642  	0.11963334  	0.14553715  	0.06939787  	0.07636746  	0.17576484  	0.18441463  
2021-07-14 13:23:47.680: epoch 307:	0.05452498  	0.04115483  	0.15792796  	0.23046264  	0.11940809  	0.14478165  	0.06886461  	0.07571676  	0.17481866  	0.18355155  
2021-07-14 13:23:49.832: epoch 308:	0.05422703  	0.04087546  	0.15668368  	0.22863649  	0.11956417  	0.14469601  	0.06977196  	0.07643392  	0.17476080  	0.18360884  
2021-07-14 13:23:51.998: epoch 309:	0.05497194  	0.04130378  	0.15764281  	0.22793396  	0.12040039  	0.14506491  	0.07004789  	0.07656679  	0.17607112  	0.18448597  
2021-07-14 13:23:54.202: epoch 310:	0.05418980  	0.04122930  	0.15692015  	0.23099016  	0.11831211  	0.14428897  	0.06810971  	0.07504547  	0.17359099  	0.18266411  
2021-07-14 13:23:56.378: epoch 311:	0.05456224  	0.04139690  	0.15764956  	0.23126821  	0.11940730  	0.14512473  	0.06883238  	0.07566769  	0.17585567  	0.18452395  
2021-07-14 13:23:58.546: epoch 312:	0.05433876  	0.04160177  	0.15495287  	0.23257920  	0.11846011  	0.14531018  	0.06848713  	0.07576340  	0.17422660  	0.18298842  
2021-07-14 13:24:00.719: epoch 313:	0.05430149  	0.04160176  	0.15742441  	0.23404188  	0.11886962  	0.14550486  	0.06848647  	0.07568453  	0.17373320  	0.18271612  
2021-07-14 13:24:02.909: epoch 314:	0.05348211  	0.04143416  	0.15267435  	0.23206812  	0.11735588  	0.14482784  	0.06809036  	0.07542372  	0.17352858  	0.18322641  
2021-07-14 13:24:05.060: epoch 315:	0.05437602  	0.04104310  	0.15589970  	0.23025887  	0.11922062  	0.14507189  	0.06901954  	0.07600448  	0.17534451  	0.18394344  
2021-07-14 13:24:07.245: epoch 316:	0.05467395  	0.04137827  	0.15528001  	0.23342608  	0.11846399  	0.14504355  	0.06885854  	0.07579267  	0.17206272  	0.18124083  
2021-07-14 13:24:09.417: epoch 317:	0.05363111  	0.04102445  	0.15471473  	0.22952878  	0.11859214  	0.14490877  	0.06905195  	0.07616602  	0.17499983  	0.18390724  
2021-07-14 13:24:11.579: epoch 318:	0.05471122  	0.04108031  	0.15445779  	0.22749487  	0.11840206  	0.14374007  	0.06860423  	0.07535805  	0.17356504  	0.18228562  
2021-07-14 13:24:13.751: epoch 319:	0.05396629  	0.04061475  	0.15582670  	0.22651097  	0.11836990  	0.14307199  	0.06848308  	0.07489213  	0.17372140  	0.18232459  
2021-07-14 13:24:15.941: epoch 320:	0.05337038  	0.04076373  	0.15403628  	0.22844088  	0.11749114  	0.14340749  	0.06828453  	0.07502965  	0.17271610  	0.18199393  
2021-07-14 13:24:18.128: epoch 321:	0.05370561  	0.04122932  	0.15366144  	0.23044218  	0.11720800  	0.14386490  	0.06784683  	0.07490057  	0.17290969  	0.18198593  
2021-07-14 13:24:20.358: epoch 322:	0.05456224  	0.04113620  	0.15601665  	0.23047741  	0.11922576  	0.14497922  	0.06930223  	0.07619011  	0.17467207  	0.18330425  
2021-07-14 13:24:22.529: epoch 323:	0.05400357  	0.04124794  	0.15660967  	0.23182848  	0.11864553  	0.14497897  	0.06852219  	0.07554320  	0.17498700  	0.18417804  
2021-07-14 13:24:24.675: epoch 324:	0.05385456  	0.04042858  	0.15701029  	0.22717065  	0.11841634  	0.14307933  	0.06848613  	0.07494618  	0.17376712  	0.18266790  
2021-07-14 13:24:26.829: epoch 325:	0.05374284  	0.04115486  	0.15408310  	0.23019306  	0.11725148  	0.14338617  	0.06731782  	0.07417441  	0.17385244  	0.18256821  
2021-07-14 13:24:28.996: epoch 326:	0.05363111  	0.04063340  	0.15506852  	0.22851035  	0.11700685  	0.14253922  	0.06716038  	0.07388245  	0.17195469  	0.18074864  
2021-07-14 13:24:31.159: epoch 327:	0.05381732  	0.04121069  	0.15697990  	0.22915225  	0.11759082  	0.14325753  	0.06730648  	0.07420813  	0.17187570  	0.18076921  
2021-07-14 13:24:33.368: epoch 328:	0.05366833  	0.04068926  	0.15479574  	0.22834390  	0.11686490  	0.14236183  	0.06738114  	0.07401798  	0.17104183  	0.18005624  
2021-07-14 13:24:35.547: epoch 329:	0.05348210  	0.04048444  	0.15542047  	0.22869657  	0.11732244  	0.14269064  	0.06729764  	0.07388435  	0.17442511  	0.18322013  
2021-07-14 13:24:37.749: epoch 330:	0.05381732  	0.04040993  	0.15568402  	0.22798344  	0.11737762  	0.14245766  	0.06720915  	0.07392407  	0.17365152  	0.18211959  
2021-07-14 13:24:39.912: epoch 331:	0.05400356  	0.04046577  	0.15657146  	0.22646116  	0.11769479  	0.14226851  	0.06734393  	0.07401986  	0.17276721  	0.18093051  
2021-07-14 13:24:42.069: epoch 332:	0.05355659  	0.04080099  	0.15425742  	0.22969797  	0.11704277  	0.14322464  	0.06735854  	0.07434301  	0.17282045  	0.18186550  
2021-07-14 13:24:44.217: epoch 333:	0.05381733  	0.04080099  	0.15543726  	0.23093528  	0.11794321  	0.14403252  	0.06823982  	0.07509709  	0.17271049  	0.18175817  
2021-07-14 13:24:46.367: epoch 334:	0.05452496  	0.04096861  	0.15830851  	0.23134136  	0.11938646  	0.14450833  	0.06850349  	0.07508027  	0.17618100  	0.18454044  
2021-07-14 13:24:48.534: epoch 335:	0.05337036  	0.04001887  	0.15460259  	0.22659612  	0.11767597  	0.14251298  	0.06801090  	0.07447904  	0.17436324  	0.18320864  
2021-07-14 13:24:50.703: epoch 336:	0.05344486  	0.04091273  	0.15313122  	0.22945733  	0.11609862  	0.14252265  	0.06641921  	0.07340140  	0.17186946  	0.18085477  
2021-07-14 13:24:52.866: epoch 337:	0.05359386  	0.04055891  	0.15536882  	0.22911243  	0.11733995  	0.14293526  	0.06745223  	0.07422521  	0.17246214  	0.18136203  
2021-07-14 13:24:55.183: epoch 338:	0.05337037  	0.04072650  	0.15522127  	0.22883621  	0.11705735  	0.14274469  	0.06739640  	0.07406368  	0.17085257  	0.17982300  
2021-07-14 13:24:57.385: epoch 339:	0.05333311  	0.04050305  	0.15322058  	0.22806031  	0.11603994  	0.14198346  	0.06673932  	0.07363208  	0.16991290  	0.17874213  
2021-07-14 13:24:59.546: epoch 340:	0.05407804  	0.04055891  	0.15689670  	0.22942063  	0.11747751  	0.14264780  	0.06753834  	0.07415528  	0.17045327  	0.17955033  
2021-07-14 13:25:01.712: epoch 341:	0.05344487  	0.04048444  	0.15373127  	0.22651967  	0.11683328  	0.14217009  	0.06746388  	0.07412212  	0.17120133  	0.18022414  
2021-07-14 13:25:03.953: epoch 342:	0.05255098  	0.04059618  	0.15201053  	0.22694004  	0.11530364  	0.14152129  	0.06628259  	0.07321645  	0.17034839  	0.17940605  
2021-07-14 13:25:06.121: epoch 343:	0.05333311  	0.04046579  	0.15495458  	0.22530204  	0.11658178  	0.14150438  	0.06695731  	0.07354340  	0.17077272  	0.17948960  
2021-07-14 13:25:08.280: epoch 344:	0.05351935  	0.04040994  	0.15494260  	0.22600566  	0.11763456  	0.14251862  	0.06816217  	0.07473028  	0.17229137  	0.18078342  
2021-07-14 13:25:10.438: epoch 345:	0.05337036  	0.04054029  	0.15393874  	0.22876324  	0.11723190  	0.14302759  	0.06771871  	0.07451771  	0.17371289  	0.18253265  
2021-07-14 13:25:12.631: epoch 346:	0.05273722  	0.04037269  	0.15254293  	0.22479603  	0.11649074  	0.14189909  	0.06746679  	0.07418413  	0.17262584  	0.18143660  
2021-07-14 13:25:14.816: epoch 347:	0.05266271  	0.04013060  	0.15144522  	0.22596838  	0.11649020  	0.14233035  	0.06768850  	0.07451564  	0.17318943  	0.18226571  
2021-07-14 13:25:17.021: epoch 348:	0.05188056  	0.04070789  	0.14825015  	0.22887261  	0.11468715  	0.14271282  	0.06658673  	0.07401212  	0.17197049  	0.18192638  
2021-07-14 13:25:19.207: epoch 349:	0.05288621  	0.04070789  	0.15289891  	0.22951961  	0.11514688  	0.14178868  	0.06597849  	0.07289103  	0.16988084  	0.17946801  
2021-07-14 13:25:21.418: epoch 350:	0.05430152  	0.04061478  	0.15708423  	0.22793360  	0.11771345  	0.14227934  	0.06729565  	0.07386703  	0.17199464  	0.18026888  
2021-07-14 13:25:23.590: epoch 351:	0.05366835  	0.04063342  	0.15532909  	0.22746016  	0.11678227  	0.14199898  	0.06725919  	0.07387244  	0.16937545  	0.17825316  
2021-07-14 13:25:25.744: epoch 352:	0.05351936  	0.04100583  	0.15530971  	0.22862114  	0.11704155  	0.14274013  	0.06748869  	0.07437135  	0.17073591  	0.17943509  
2021-07-14 13:25:27.963: epoch 353:	0.05202955  	0.04048444  	0.15055920  	0.22714533  	0.11459839  	0.14139821  	0.06623989  	0.07327868  	0.16961139  	0.17905641  
2021-07-14 13:25:30.104: epoch 354:	0.05314691  	0.04055893  	0.15315814  	0.22841184  	0.11656339  	0.14270568  	0.06738454  	0.07429262  	0.17259794  	0.18186888  
2021-07-14 13:25:32.257: epoch 355:	0.05325865  	0.04018649  	0.15401280  	0.22515933  	0.11618522  	0.14108305  	0.06676494  	0.07337680  	0.17065248  	0.17949308  
2021-07-14 13:25:34.410: epoch 356:	0.05284895  	0.04044718  	0.15288815  	0.22458999  	0.11666106  	0.14204660  	0.06758243  	0.07427518  	0.17322709  	0.18236917  
2021-07-14 13:25:36.609: epoch 357:	0.05255099  	0.04039130  	0.15357801  	0.22584136  	0.11607237  	0.14160381  	0.06700435  	0.07373776  	0.17113316  	0.18009603  
2021-07-14 13:25:38.779: epoch 358:	0.05284894  	0.04054027  	0.15269697  	0.22744901  	0.11625578  	0.14225683  	0.06715704  	0.07404039  	0.17230633  	0.18122238  
2021-07-14 13:25:40.937: epoch 359:	0.05325864  	0.04014922  	0.15512466  	0.22592576  	0.11558797  	0.14022632  	0.06576913  	0.07226805  	0.16892833  	0.17729251  
2021-07-14 13:25:43.098: epoch 360:	0.05310966  	0.04037269  	0.15246457  	0.22597581  	0.11475955  	0.14027739  	0.06535458  	0.07208262  	0.16951880  	0.17827514  
2021-07-14 13:25:45.235: epoch 361:	0.05240202  	0.04039130  	0.15120448  	0.22707155  	0.11533739  	0.14162199  	0.06676522  	0.07357898  	0.17078546  	0.18007809  
2021-07-14 13:25:47.382: epoch 362:	0.05262545  	0.03988848  	0.15311381  	0.22317417  	0.11587864  	0.14050932  	0.06674119  	0.07326021  	0.17137319  	0.18011832  
2021-07-14 13:25:49.530: epoch 363:	0.05314689  	0.04024232  	0.15318802  	0.22646703  	0.11651196  	0.14182162  	0.06722912  	0.07389483  	0.17285493  	0.18164615  
2021-07-14 13:25:51.688: epoch 364:	0.05236476  	0.04000024  	0.15032358  	0.22447035  	0.11516204  	0.14090709  	0.06682119  	0.07352497  	0.17102611  	0.18031235  
2021-07-14 13:25:53.948: epoch 365:	0.05288619  	0.04007473  	0.15205887  	0.22510152  	0.11522416  	0.14064747  	0.06607464  	0.07283130  	0.17002003  	0.17890565  
2021-07-14 13:25:56.120: epoch 366:	0.05340760  	0.04007474  	0.15293488  	0.22566549  	0.11597722  	0.14099847  	0.06688285  	0.07348679  	0.16976102  	0.17834170  
2021-07-14 13:25:58.292: epoch 367:	0.05210404  	0.04027958  	0.15132725  	0.22723673  	0.11489639  	0.14120653  	0.06610478  	0.07301674  	0.17125931  	0.18034601  
2021-07-14 13:26:00.531: epoch 368:	0.05184331  	0.03985125  	0.15023687  	0.22465219  	0.11444665  	0.14030993  	0.06614400  	0.07293084  	0.17002812  	0.17908868  
2021-07-14 13:26:02.746: epoch 369:	0.05158260  	0.03942295  	0.14875332  	0.22177441  	0.11357342  	0.13895687  	0.06543804  	0.07210428  	0.16977294  	0.17865081  
2021-07-14 13:26:04.913: epoch 370:	0.05240199  	0.03998163  	0.15121207  	0.22597879  	0.11440828  	0.14011039  	0.06561348  	0.07228561  	0.16954982  	0.17876482  
2021-07-14 13:26:07.062: epoch 371:	0.05173158  	0.03953470  	0.14939009  	0.22261827  	0.11397387  	0.13941960  	0.06569918  	0.07224372  	0.16997656  	0.17937368  
2021-07-14 13:26:09.219: epoch 372:	0.05277446  	0.03990714  	0.15260346  	0.22535814  	0.11626931  	0.14143649  	0.06716631  	0.07354431  	0.17367348  	0.18271121  
2021-07-14 13:26:11.381: epoch 373:	0.05281170  	0.04007474  	0.15337466  	0.22672224  	0.11566645  	0.14105669  	0.06663011  	0.07317202  	0.17030956  	0.17938654  
2021-07-14 13:26:13.550: epoch 374:	0.05176881  	0.04011196  	0.14987594  	0.22577427  	0.11387692  	0.14044426  	0.06572225  	0.07269580  	0.16807804  	0.17763157  
2021-07-14 13:26:15.694: epoch 375:	0.05214129  	0.03979539  	0.15151900  	0.22435589  	0.11409595  	0.13959962  	0.06562439  	0.07233595  	0.16810048  	0.17714614  
2021-07-14 13:26:17.853: epoch 376:	0.05229027  	0.03960917  	0.15174206  	0.22392882  	0.11599758  	0.14103465  	0.06740746  	0.07399345  	0.17231478  	0.18095507  
2021-07-14 13:26:20.007: epoch 377:	0.05191780  	0.03983266  	0.15092346  	0.22395846  	0.11379116  	0.13930778  	0.06511454  	0.07176721  	0.17025405  	0.17935497  
2021-07-14 13:26:22.166: epoch 378:	0.05243924  	0.03953469  	0.15159331  	0.22269535  	0.11429320  	0.13895491  	0.06550829  	0.07195412  	0.16876681  	0.17734538  
2021-07-14 13:26:24.337: epoch 379:	0.05202953  	0.03942296  	0.15010418  	0.22272876  	0.11427104  	0.13937776  	0.06573194  	0.07234066  	0.17024018  	0.17899364  
2021-07-14 13:26:26.495: epoch 380:	0.05262547  	0.04013061  	0.15097283  	0.22515537  	0.11549298  	0.14119519  	0.06679852  	0.07367627  	0.17154239  	0.18029329  
2021-07-14 13:26:28.649: epoch 381:	0.05262547  	0.03990713  	0.15062699  	0.22519197  	0.11454303  	0.14007676  	0.06575012  	0.07231348  	0.17056917  	0.17949843  
2021-07-14 13:26:30.812: epoch 382:	0.05176883  	0.03970231  	0.15011984  	0.22350837  	0.11289572  	0.13847284  	0.06483912  	0.07143342  	0.16507359  	0.17447677  
2021-07-14 13:26:33.057: epoch 383:	0.05266274  	0.03983266  	0.14956908  	0.22318736  	0.11466676  	0.13994566  	0.06631321  	0.07280495  	0.16981208  	0.17875233  
2021-07-14 13:26:35.236: epoch 384:	0.05243924  	0.03990713  	0.15140359  	0.22458942  	0.11532880  	0.14056613  	0.06667067  	0.07318658  	0.17108180  	0.17985168  
2021-07-14 13:26:37.436: epoch 385:	0.05243924  	0.03977678  	0.15111056  	0.22509302  	0.11588033  	0.14119203  	0.06718721  	0.07362227  	0.17316151  	0.18211861  
2021-07-14 13:26:39.616: epoch 386:	0.05184333  	0.03949745  	0.14937098  	0.22270405  	0.11308201  	0.13846375  	0.06477568  	0.07137931  	0.16816466  	0.17713746  
2021-07-14 13:26:41.791: epoch 387:	0.05210403  	0.03932983  	0.15077583  	0.22075841  	0.11484275  	0.13933651  	0.06643407  	0.07285708  	0.17072979  	0.17930001  
2021-07-14 13:26:43.987: epoch 388:	0.05214128  	0.03916224  	0.15183157  	0.22095284  	0.11454190  	0.13849123  	0.06587135  	0.07203067  	0.16928074  	0.17773719  
2021-07-14 13:26:46.135: epoch 389:	0.05180606  	0.03973952  	0.14909123  	0.22440870  	0.11414345  	0.14008757  	0.06583676  	0.07270641  	0.17020337  	0.17873001  
2021-07-14 13:26:48.303: epoch 390:	0.05132187  	0.03968365  	0.14957348  	0.22316252  	0.11501192  	0.14067572  	0.06705942  	0.07364324  	0.17205971  	0.18133380  
2021-07-14 13:26:50.450: epoch 391:	0.05143361  	0.03936707  	0.14961559  	0.22246230  	0.11446740  	0.13984652  	0.06626997  	0.07291555  	0.17145137  	0.18049814  
2021-07-14 13:26:52.609: epoch 392:	0.05139637  	0.03953469  	0.14690928  	0.22229189  	0.11152671  	0.13767208  	0.06371533  	0.07054790  	0.16558798  	0.17499657  
2021-07-14 13:26:54.776: epoch 393:	0.05158259  	0.03979541  	0.14807487  	0.22298363  	0.11315567  	0.13924465  	0.06509610  	0.07191749  	0.16856214  	0.17796402  
2021-07-14 13:26:56.956: epoch 394:	0.05191780  	0.03916223  	0.15048547  	0.22050020  	0.11416963  	0.13854679  	0.06600161  	0.07233807  	0.16870999  	0.17756967  
2021-07-14 13:26:59.149: epoch 395:	0.05068871  	0.03960918  	0.14607826  	0.22102094  	0.11215030  	0.13842233  	0.06480342  	0.07163439  	0.16858572  	0.17814487  
2021-07-14 13:27:01.344: epoch 396:	0.05109840  	0.03972091  	0.14608395  	0.22185519  	0.11144857  	0.13789056  	0.06384206  	0.07077453  	0.16648740  	0.17591199  
2021-07-14 13:27:03.487: epoch 397:	0.05158259  	0.03929260  	0.14792506  	0.21981226  	0.11300423  	0.13797012  	0.06494248  	0.07147922  	0.16885774  	0.17764585  
2021-07-14 13:27:05.650: epoch 398:	0.05169434  	0.03906913  	0.14948574  	0.22008511  	0.11334681  	0.13772617  	0.06502756  	0.07132520  	0.16909932  	0.17772748  
2021-07-14 13:27:07.815: epoch 399:	0.05154536  	0.03927397  	0.14844748  	0.22071485  	0.11310747  	0.13820435  	0.06486104  	0.07144942  	0.16991332  	0.17871019  
2021-07-14 13:27:10.014: epoch 400:	0.05135911  	0.03947880  	0.14886244  	0.22101212  	0.11191482  	0.13714977  	0.06419587  	0.07072449  	0.16394520  	0.17291501  
2021-07-14 13:27:12.175: epoch 401:	0.05195504  	0.03946020  	0.14976895  	0.22055683  	0.11389475  	0.13854185  	0.06558744  	0.07205676  	0.16952728  	0.17816529  
2021-07-14 13:27:14.406: epoch 402:	0.05184331  	0.03908774  	0.14924459  	0.21838841  	0.11347429  	0.13768542  	0.06541602  	0.07176057  	0.16793485  	0.17662448  
2021-07-14 13:27:16.564: epoch 403:	0.05147085  	0.03934848  	0.14756240  	0.22066520  	0.11277197  	0.13805518  	0.06506673  	0.07165696  	0.16732618  	0.17607632  
2021-07-14 13:27:18.729: epoch 404:	0.05042800  	0.03912497  	0.14730093  	0.21865571  	0.11218093  	0.13742572  	0.06494123  	0.07155775  	0.16699915  	0.17603470  
2021-07-14 13:27:20.872: epoch 405:	0.05132188  	0.03908774  	0.14876767  	0.21960370  	0.11220019  	0.13678887  	0.06415416  	0.07055433  	0.16676857  	0.17554948  
2021-07-14 13:27:23.054: epoch 406:	0.05102392  	0.03892013  	0.14737588  	0.21820264  	0.11281870  	0.13764216  	0.06546626  	0.07201304  	0.16770402  	0.17652699  
2021-07-14 13:27:25.197: epoch 407:	0.05169434  	0.03901326  	0.14860806  	0.21923611  	0.11310606  	0.13743810  	0.06536733  	0.07170355  	0.16725834  	0.17576943  
2021-07-14 13:27:27.356: epoch 408:	0.05176884  	0.03966505  	0.14844516  	0.22132564  	0.11241335  	0.13764714  	0.06432974  	0.07093058  	0.16710086  	0.17573191  
2021-07-14 13:27:29.521: epoch 409:	0.05161981  	0.03901326  	0.14979520  	0.22086373  	0.11319724  	0.13768905  	0.06488793  	0.07113639  	0.16862239  	0.17754473  
2021-07-14 13:27:31.677: epoch 410:	0.05150808  	0.03936709  	0.14800684  	0.22254755  	0.11299127  	0.13864052  	0.06496386  	0.07163753  	0.16868544  	0.17793976  
2021-07-14 13:27:33.825: epoch 411:	0.05027901  	0.03890153  	0.14457147  	0.21920775  	0.11052511  	0.13642012  	0.06384303  	0.07055991  	0.16452736  	0.17424883  
2021-07-14 13:27:35.974: epoch 412:	0.05072594  	0.03897600  	0.14680487  	0.21903665  	0.11114403  	0.13627350  	0.06350281  	0.07011791  	0.16567732  	0.17438632  
2021-07-14 13:27:38.196: epoch 413:	0.05139640  	0.03903186  	0.14828146  	0.22053200  	0.11160614  	0.13662364  	0.06372187  	0.07029165  	0.16456243  	0.17330535  
2021-07-14 13:27:40.391: epoch 414:	0.05139636  	0.03869668  	0.14789946  	0.21778980  	0.11273161  	0.13698897  	0.06482431  	0.07119405  	0.16801783  	0.17657457  
2021-07-14 13:27:42.552: epoch 415:	0.05091218  	0.03884564  	0.14750518  	0.21947733  	0.11202231  	0.13709696  	0.06442805  	0.07100069  	0.16735646  	0.17634122  
2021-07-14 13:27:44.697: epoch 416:	0.05050249  	0.03908775  	0.14550550  	0.21970536  	0.11096057  	0.13670920  	0.06410500  	0.07068512  	0.16446261  	0.17386428  
2021-07-14 13:27:46.861: epoch 417:	0.05065145  	0.03901326  	0.14623837  	0.21823269  	0.11156081  	0.13674286  	0.06433649  	0.07083544  	0.16655402  	0.17578207  
2021-07-14 13:27:49.024: epoch 418:	0.05117291  	0.03886425  	0.14807628  	0.21830715  	0.11323076  	0.13757983  	0.06570154  	0.07198494  	0.16809075  	0.17654976  
2021-07-14 13:27:51.187: epoch 419:	0.05102391  	0.03916224  	0.14794360  	0.22130486  	0.11150109  	0.13676110  	0.06383726  	0.07032891  	0.16482976  	0.17366812  
2021-07-14 13:27:53.341: epoch 420:	0.05102393  	0.03878977  	0.14632741  	0.21781065  	0.11104566  	0.13577135  	0.06353028  	0.06996729  	0.16530785  	0.17398044  
2021-07-14 13:27:55.542: epoch 421:	0.04960863  	0.03901324  	0.14457999  	0.21927184  	0.10951673  	0.13584095  	0.06284413  	0.06974596  	0.16298051  	0.17240760  
2021-07-14 13:27:57.713: epoch 422:	0.05068871  	0.03890152  	0.14465332  	0.21829887  	0.11103489  	0.13638571  	0.06420126  	0.07069834  	0.16594763  	0.17494065  
2021-07-14 13:27:59.884: epoch 423:	0.05091218  	0.03849179  	0.14592010  	0.21636683  	0.11181863  	0.13614403  	0.06458487  	0.07092647  	0.16723651  	0.17573826  
2021-07-14 13:28:02.058: epoch 424:	0.04972035  	0.03877114  	0.14489849  	0.21709789  	0.11003633  	0.13541530  	0.06352776  	0.06999698  	0.16324712  	0.17271490  
2021-07-14 13:28:04.232: epoch 425:	0.05013003  	0.03832424  	0.14563790  	0.21693970  	0.11161698  	0.13624935  	0.06456257  	0.07082549  	0.16786531  	0.17706744  
2021-07-14 13:28:06.481: epoch 426:	0.05087492  	0.03782141  	0.14618462  	0.21446885  	0.11182296  	0.13531880  	0.06463599  	0.07075643  	0.16586119  	0.17448342  
2021-07-14 13:28:08.639: epoch 427:	0.05001830  	0.03813800  	0.14440469  	0.21517488  	0.11063402  	0.13514905  	0.06381505  	0.07016525  	0.16604522  	0.17495410  
2021-07-14 13:28:10.809: epoch 428:	0.05083768  	0.03871528  	0.14673613  	0.21727400  	0.11186471  	0.13635862  	0.06469012  	0.07097349  	0.16572055  	0.17455094  
2021-07-14 13:28:13.050: epoch 429:	0.05109841  	0.03899463  	0.14800468  	0.21846645  	0.11201064  	0.13651936  	0.06425892  	0.07056469  	0.16645473  	0.17529289  
2021-07-14 13:28:15.216: epoch 430:	0.05039074  	0.03849183  	0.14616363  	0.21549511  	0.11132786  	0.13560683  	0.06406417  	0.07042232  	0.16642255  	0.17496033  
2021-07-14 13:28:17.371: epoch 431:	0.05024176  	0.03824973  	0.14744003  	0.21426293  	0.11103266  	0.13461238  	0.06376583  	0.06981804  	0.16434614  	0.17302983  
2021-07-14 13:28:19.527: epoch 432:	0.05013004  	0.03826835  	0.14457344  	0.21612738  	0.10927748  	0.13408642  	0.06272451  	0.06900674  	0.16117278  	0.17047715  
2021-07-14 13:28:21.691: epoch 433:	0.05147086  	0.03873393  	0.14824054  	0.21705677  	0.11195751  	0.13581142  	0.06442748  	0.07043619  	0.16448867  	0.17328827  
2021-07-14 13:28:23.833: epoch 434:	0.04979484  	0.03834284  	0.14396998  	0.21531011  	0.11067177  	0.13557611  	0.06413237  	0.07066981  	0.16601075  	0.17492568  
2021-07-14 13:28:25.992: epoch 435:	0.05050248  	0.03841732  	0.14427827  	0.21647297  	0.10996511  	0.13473779  	0.06325535  	0.06964592  	0.16254352  	0.17160520  
2021-07-14 13:28:28.152: epoch 436:	0.04983207  	0.03838009  	0.14538735  	0.21444628  	0.10999870  	0.13429686  	0.06322701  	0.06949623  	0.16356611  	0.17241225  
2021-07-14 13:28:30.316: epoch 437:	0.04931065  	0.03886428  	0.14201488  	0.21913213  	0.10914018  	0.13587119  	0.06274419  	0.06964774  	0.16572468  	0.17530943  
2021-07-14 13:28:32.474: epoch 438:	0.04986932  	0.03819386  	0.14416055  	0.21528980  	0.10979635  	0.13443112  	0.06324600  	0.06952292  	0.16351943  	0.17271394  
2021-07-14 13:28:34.642: epoch 439:	0.05031626  	0.03823110  	0.14544630  	0.21432714  	0.11082053  	0.13480960  	0.06360544  	0.06989162  	0.16561522  	0.17434853  
2021-07-14 13:28:36.846: epoch 440:	0.05031625  	0.03845457  	0.14334960  	0.21468218  	0.11077943  	0.13543707  	0.06402318  	0.07036689  	0.16666129  	0.17577913  
2021-07-14 13:28:39.008: epoch 441:	0.05057696  	0.03841734  	0.14585194  	0.21543299  	0.11067555  	0.13481824  	0.06339920  	0.06958520  	0.16424678  	0.17292286  
2021-07-14 13:28:41.166: epoch 442:	0.05068870  	0.03893877  	0.14557675  	0.21765687  	0.11070210  	0.13572051  	0.06357264  	0.07001401  	0.16417962  	0.17312413  
2021-07-14 13:28:43.334: epoch 443:	0.04923617  	0.03849182  	0.14306095  	0.21643439  	0.10834854  	0.13412417  	0.06216849  	0.06877933  	0.16087297  	0.17061706  
2021-07-14 13:28:45.523: epoch 444:	0.05091216  	0.03843596  	0.14766002  	0.21399422  	0.11102126  	0.13434705  	0.06350621  	0.06945050  	0.16324316  	0.17183928  
2021-07-14 13:28:47.686: epoch 445:	0.04986931  	0.03836146  	0.14484885  	0.21561275  	0.11060351  	0.13526304  	0.06404670  	0.07035737  	0.16476797  	0.17394786  
2021-07-14 13:28:49.852: epoch 446:	0.05013003  	0.03841734  	0.14404283  	0.21444142  	0.10996480  	0.13451633  	0.06297570  	0.06920904  	0.16498974  	0.17414013  
2021-07-14 13:28:52.005: epoch 447:	0.05031626  	0.03864080  	0.14519319  	0.21701542  	0.11080619  	0.13577437  	0.06376974  	0.07029386  	0.16612677  	0.17504022  
2021-07-14 13:28:54.177: epoch 448:	0.05050248  	0.03851045  	0.14644231  	0.21700679  	0.11148707  	0.13582094  	0.06430230  	0.07034753  	0.16614906  	0.17523123  
2021-07-14 13:28:56.352: epoch 449:	0.05039075  	0.03856631  	0.14451019  	0.21676169  	0.11024190  	0.13511214  	0.06345589  	0.06988182  	0.16357294  	0.17254756  
2021-07-14 13:28:58.511: epoch 450:	0.05009280  	0.03810076  	0.14401244  	0.21519348  	0.10945626  	0.13389035  	0.06290054  	0.06911271  	0.16266313  	0.17164411  
2021-07-14 13:29:00.685: epoch 451:	0.04975760  	0.03830563  	0.14226924  	0.21449363  	0.10828418  	0.13341796  	0.06198078  	0.06840084  	0.16120887  	0.17065424  
2021-07-14 13:29:02.836: epoch 452:	0.04986933  	0.03813799  	0.14409257  	0.21315250  	0.10996337  	0.13420199  	0.06354187  	0.06976821  	0.16348590  	0.17275445  
2021-07-14 13:29:05.006: epoch 453:	0.04886373  	0.03821247  	0.14243199  	0.21403848  	0.10786487  	0.13314725  	0.06194338  	0.06837001  	0.16065595  	0.17031394  
2021-07-14 13:29:07.166: epoch 454:	0.04983208  	0.03849181  	0.14379296  	0.21735847  	0.10857310  	0.13408145  	0.06200043  	0.06858410  	0.16151364  	0.17076686  
2021-07-14 13:29:09.318: epoch 455:	0.04960862  	0.03821249  	0.14414997  	0.21521221  	0.10898308  	0.13385262  	0.06251553  	0.06885727  	0.16252136  	0.17189057  
2021-07-14 13:29:11.542: epoch 456:	0.05005554  	0.03824975  	0.14439981  	0.21481340  	0.10915121  	0.13371465  	0.06233708  	0.06878045  	0.16212764  	0.17073035  
2021-07-14 13:29:13.738: epoch 457:	0.04979482  	0.03819388  	0.14494891  	0.21500090  	0.10931444  	0.13379622  	0.06250428  	0.06885826  	0.16250205  	0.17133076  
2021-07-14 13:29:15.898: epoch 458:	0.04927342  	0.03802627  	0.14169089  	0.21446458  	0.10852697  	0.13381208  	0.06269774  	0.06934187  	0.16187043  	0.17095095  
2021-07-14 13:29:18.087: epoch 459:	0.05091218  	0.03810075  	0.14650358  	0.21511510  	0.11002261  	0.13356601  	0.06260701  	0.06864516  	0.16144682  	0.16977356  
2021-07-14 13:29:20.274: epoch 460:	0.05020453  	0.03847320  	0.14367117  	0.21467847  	0.10933897  	0.13403699  	0.06272990  	0.06907082  	0.16291700  	0.17186867  
2021-07-14 13:29:22.449: epoch 461:	0.04964587  	0.03810076  	0.14297159  	0.21477747  	0.10841352  	0.13332622  	0.06192713  	0.06837134  	0.16111591  	0.17020291  
2021-07-14 13:29:24.642: epoch 462:	0.04960861  	0.03795178  	0.14289331  	0.21333969  	0.10947672  	0.13394709  	0.06335553  	0.06965525  	0.16278796  	0.17157669  
2021-07-14 13:29:26.839: epoch 463:	0.04990658  	0.03798905  	0.14475167  	0.21496759  	0.11009948  	0.13433266  	0.06346640  	0.06956180  	0.16375907  	0.17290623  
2021-07-14 13:29:29.009: epoch 464:	0.04975759  	0.03793314  	0.14241412  	0.21490845  	0.10843317  	0.13333640  	0.06205813  	0.06854971  	0.16120845  	0.17012817  
2021-07-14 13:29:31.165: epoch 465:	0.04998107  	0.03806349  	0.14426187  	0.21429975  	0.10871091  	0.13307449  	0.06203747  	0.06841797  	0.16059603  	0.16930580  
2021-07-14 13:29:33.345: epoch 466:	0.05024176  	0.03798901  	0.14472033  	0.21400847  	0.11049565  	0.13444293  	0.06394906  	0.07008477  	0.16390346  	0.17265189  
2021-07-14 13:29:35.522: epoch 467:	0.05016728  	0.03789591  	0.14348209  	0.21379256  	0.10909202  	0.13335994  	0.06278281  	0.06906378  	0.16135374  	0.17031643  
2021-07-14 13:29:37.729: epoch 468:	0.04931065  	0.03767245  	0.14111915  	0.21277112  	0.10874157  	0.13348915  	0.06295484  	0.06933706  	0.16357532  	0.17264563  
2021-07-14 13:29:39.946: epoch 469:	0.04942240  	0.03737448  	0.14103541  	0.21157415  	0.10855772  	0.13281868  	0.06261648  	0.06886085  	0.16334036  	0.17237130  
2021-07-14 13:29:42.113: epoch 470:	0.04983209  	0.03791451  	0.14205608  	0.21339989  	0.10732015  	0.13193493  	0.06084501  	0.06714918  	0.15972279  	0.16886370  
2021-07-14 13:29:44.298: epoch 471:	0.04968311  	0.03752345  	0.14360966  	0.21150209  	0.10953036  	0.13302992  	0.06331465  	0.06930239  	0.16284588  	0.17143786  
2021-07-14 13:29:46.457: epoch 472:	0.04949689  	0.03743035  	0.14407730  	0.21088986  	0.10922170  	0.13250540  	0.06282909  	0.06880111  	0.16203652  	0.17053393  
2021-07-14 13:29:48.609: epoch 473:	0.04957137  	0.03769106  	0.14336972  	0.21234524  	0.10826867  	0.13218975  	0.06204725  	0.06823720  	0.15982334  	0.16849437  
2021-07-14 13:29:50.817: epoch 474:	0.04942239  	0.03690892  	0.14201790  	0.20705855  	0.10797133  	0.13060807  	0.06185846  	0.06761912  	0.16134502  	0.16986731  
2021-07-14 13:29:52.966: epoch 475:	0.05001830  	0.03746759  	0.14420862  	0.21001536  	0.10950837  	0.13238367  	0.06274527  	0.06869891  	0.16346890  	0.17154880  
2021-07-14 13:29:55.158: epoch 476:	0.04964585  	0.03756068  	0.14192694  	0.21068700  	0.10934173  	0.13302843  	0.06341249  	0.06951769  	0.16383433  	0.17224072  
2021-07-14 13:29:57.338: epoch 477:	0.04945964  	0.03787729  	0.14247864  	0.21121313  	0.10880656  	0.13283536  	0.06260589  	0.06878409  	0.16272028  	0.17137399  
2021-07-14 13:29:59.491: epoch 478:	0.04979486  	0.03785866  	0.14340658  	0.21123476  	0.10874962  	0.13251051  	0.06238870  	0.06847908  	0.16190620  	0.17063734  
2021-07-14 13:30:01.646: epoch 479:	0.04931067  	0.03795176  	0.14022623  	0.21304941  	0.10838362  	0.13343161  	0.06285281  	0.06922449  	0.16275899  	0.17182767  
2021-07-14 13:30:03.790: epoch 480:	0.04994382  	0.03776556  	0.14321618  	0.21240477  	0.10935186  	0.13322262  	0.06321643  	0.06927649  	0.16213284  	0.17078729  
2021-07-14 13:30:05.967: epoch 481:	0.04953414  	0.03787729  	0.14167398  	0.21357720  	0.10945128  	0.13411832  	0.06347971  	0.06975358  	0.16488947  	0.17377685  
2021-07-14 13:30:08.125: epoch 482:	0.04938516  	0.03770968  	0.14152841  	0.21134479  	0.10933433  	0.13343462  	0.06338143  	0.06944379  	0.16519417  	0.17414100  
2021-07-14 13:30:10.288: epoch 483:	0.04886372  	0.03752344  	0.14123476  	0.21110243  	0.10807302  	0.13228428  	0.06216714  	0.06831156  	0.16333432  	0.17214935  
2021-07-14 13:30:12.452: epoch 484:	0.04841677  	0.03739312  	0.13972539  	0.20960619  	0.10643831  	0.13088106  	0.06095302  	0.06717125  	0.15980636  	0.16897979  
2021-07-14 13:30:14.604: epoch 485:	0.04875198  	0.03683444  	0.14083883  	0.20817469  	0.10716470  	0.13052180  	0.06135922  	0.06728049  	0.16064520  	0.16938627  
2021-07-14 13:30:16.775: epoch 486:	0.04856576  	0.03785866  	0.13934161  	0.21337129  	0.10667060  	0.13226292  	0.06135222  	0.06790323  	0.15943965  	0.16875610  
2021-07-14 13:30:19.056: epoch 487:	0.04916169  	0.03772832  	0.14162913  	0.21143012  	0.10650721  	0.13081242  	0.06042765  	0.06661941  	0.15846105  	0.16724735  
2021-07-14 13:30:21.220: epoch 488:	0.04908719  	0.03770971  	0.14342694  	0.21123233  	0.10752868  	0.13130863  	0.06131805  	0.06732480  	0.15936637  	0.16827109  
2021-07-14 13:30:23.418: epoch 489:	0.04908719  	0.03765382  	0.13939568  	0.21150054  	0.10642115  	0.13127346  	0.06076045  	0.06717182  	0.15930471  	0.16838056  
2021-07-14 13:30:25.609: epoch 490:	0.04904995  	0.03769108  	0.14087723  	0.21117607  	0.10690134  	0.13141106  	0.06102309  	0.06741785  	0.16001897  	0.16892536  
2021-07-14 13:30:27.773: epoch 491:	0.04834227  	0.03724413  	0.13880791  	0.20897910  	0.10577241  	0.13021195  	0.06037367  	0.06663758  	0.15981042  	0.16880421  
2021-07-14 13:30:29.938: epoch 492:	0.04968311  	0.03748623  	0.14251783  	0.21061350  	0.10803231  	0.13157371  	0.06166115  	0.06766457  	0.16149200  	0.17010477  
2021-07-14 13:30:32.081: epoch 493:	0.04912443  	0.03752345  	0.14259726  	0.20954914  	0.10680863  	0.13037209  	0.06056458  	0.06670135  	0.15845440  	0.16700275  
2021-07-14 13:30:34.254: epoch 494:	0.04897547  	0.03690891  	0.14097303  	0.20785002  	0.10774020  	0.13086572  	0.06228718  	0.06808767  	0.16075338  	0.16951661  
2021-07-14 13:30:36.429: epoch 495:	0.04800708  	0.03739312  	0.13915060  	0.20991157  	0.10630962  	0.13110113  	0.06139328  	0.06771355  	0.15960808  	0.16900952  
2021-07-14 13:30:38.649: epoch 496:	0.04826780  	0.03735588  	0.13902938  	0.21034442  	0.10525933  	0.13000265  	0.06040504  	0.06664593  	0.15617514  	0.16552579  
2021-07-14 13:30:40.827: epoch 497:	0.04837952  	0.03713240  	0.13986887  	0.20927864  	0.10474379  	0.12895012  	0.05955777  	0.06571894  	0.15461200  	0.16362406  
2021-07-14 13:30:43.003: epoch 498:	0.04875198  	0.03729999  	0.14197516  	0.20921727  	0.10712252  	0.13071007  	0.06127376  	0.06729684  	0.15998375  	0.16893938  
2021-07-14 13:30:45.209: epoch 499:	0.04904994  	0.03754207  	0.14162283  	0.21141878  	0.10637243  	0.13059312  	0.06039754  	0.06657954  	0.15744577  	0.16633792  
2021-07-14 13:30:47.393: epoch 500:	0.04934791  	0.03756069  	0.14060014  	0.20959923  	0.10712502  	0.13102779  	0.06146216  	0.06760269  	0.15920080  	0.16785696  
2021-07-14 13:30:49.566: epoch 501:	0.04893824  	0.03718824  	0.13923661  	0.20820317  	0.10662167  	0.13046904  	0.06123368  	0.06738842  	0.15936682  	0.16787140  
2021-07-14 13:30:51.721: epoch 502:	0.04919894  	0.03784002  	0.14223023  	0.21228491  	0.10650222  	0.13097171  	0.06061159  	0.06694499  	0.15656981  	0.16544147  
2021-07-14 13:30:54.012: epoch 503:	0.04927342  	0.03720688  	0.14201231  	0.20914131  	0.10785563  	0.13110766  	0.06221947  	0.06805024  	0.15975246  	0.16847453  
2021-07-14 13:30:56.190: epoch 504:	0.04893821  	0.03716964  	0.14024483  	0.20899977  	0.10661259  	0.13046545  	0.06093159  	0.06708532  	0.15993588  	0.16875365  
2021-07-14 13:30:58.466: epoch 505:	0.04957138  	0.03707652  	0.14059882  	0.20712028  	0.10647900  	0.12946628  	0.06087051  	0.06681995  	0.15687062  	0.16518049  
2021-07-14 13:31:00.625: epoch 506:	0.04830505  	0.03689029  	0.13813324  	0.20708203  	0.10511575  	0.12896267  	0.06022829  	0.06631521  	0.15701464  	0.16591686  
2021-07-14 13:31:02.795: epoch 507:	0.04882647  	0.03713239  	0.13967198  	0.20836800  	0.10643422  	0.13029274  	0.06094519  	0.06708150  	0.15977496  	0.16841350  
2021-07-14 13:31:04.978: epoch 508:	0.04849125  	0.03716962  	0.13888541  	0.20821950  	0.10496258  	0.12912586  	0.05980506  	0.06599489  	0.15583898  	0.16459996  
2021-07-14 13:31:07.157: epoch 509:	0.04811880  	0.03690893  	0.13816704  	0.20766599  	0.10480119  	0.12898567  	0.05990897  	0.06626810  	0.15596546  	0.16463335  
2021-07-14 13:31:09.331: epoch 510:	0.04897547  	0.03666685  	0.14107846  	0.20623983  	0.10734018  	0.12998901  	0.06169811  	0.06753739  	0.15994242  	0.16829300  
2021-07-14 13:31:11.516: epoch 511:	0.04785810  	0.03724414  	0.13857311  	0.20785956  	0.10496327  	0.12928025  	0.06009650  	0.06626815  	0.15684652  	0.16593643  
2021-07-14 13:31:13.715: epoch 512:	0.04852850  	0.03692753  	0.13974494  	0.20792273  	0.10632839  	0.12996000  	0.06073455  	0.06679109  	0.16008708  	0.16863407  
2021-07-14 13:31:15.887: epoch 513:	0.04804432  	0.03657372  	0.13882497  	0.20478155  	0.10547976  	0.12842754  	0.06034104  	0.06622491  	0.15823175  	0.16644219  
2021-07-14 13:31:18.115: epoch 514:	0.04856576  	0.03683443  	0.14062816  	0.20738612  	0.10625342  	0.12954247  	0.06078827  	0.06686661  	0.15788421  	0.16619059  
2021-07-14 13:31:20.320: epoch 515:	0.04834229  	0.03666684  	0.13990721  	0.20572646  	0.10634826  	0.12939869  	0.06096318  	0.06698193  	0.15885684  	0.16709608  
2021-07-14 13:31:22.525: epoch 516:	0.04849127  	0.03690894  	0.13994674  	0.20696001  	0.10611862  	0.12951149  	0.06092351  	0.06697460  	0.15768574  	0.16624042  
2021-07-14 13:31:24.725: epoch 517:	0.04904995  	0.03687168  	0.14103167  	0.20662621  	0.10631308  	0.12907727  	0.06077247  	0.06652199  	0.15669064  	0.16522914  
2021-07-14 13:31:26.956: epoch 518:	0.04919894  	0.03690894  	0.13975376  	0.20578536  	0.10617321  	0.12905690  	0.06059778  	0.06653504  	0.15818244  	0.16649641  
2021-07-14 13:31:29.102: epoch 519:	0.04890097  	0.03702066  	0.14114030  	0.20756507  	0.10551883  	0.12855810  	0.05944308  	0.06540010  	0.15708688  	0.16537562  
2021-07-14 13:31:31.322: epoch 520:	0.04800708  	0.03694616  	0.13795899  	0.20608735  	0.10526838  	0.12906657  	0.06022491  	0.06627402  	0.15882120  	0.16753595  
2021-07-14 13:31:33.477: epoch 521:	0.04834229  	0.03674130  	0.13787104  	0.20592996  	0.10534798  	0.12894042  	0.05998724  	0.06618708  	0.15965554  	0.16783375  
2021-07-14 13:31:35.619: epoch 522:	0.04904995  	0.03640613  	0.13984133  	0.20530854  	0.10577045  	0.12824322  	0.05993858  	0.06577576  	0.15837985  	0.16633120  
2021-07-14 13:31:37.858: epoch 523:	0.04837953  	0.03703927  	0.13937519  	0.20521751  	0.10645270  	0.12971818  	0.06127674  	0.06733614  	0.15983170  	0.16811107  
2021-07-14 13:31:40.007: epoch 524:	0.04867750  	0.03677856  	0.14003913  	0.20722353  	0.10667126  	0.12984043  	0.06136681  	0.06727177  	0.15891910  	0.16727959  
2021-07-14 13:31:42.165: epoch 525:	0.04756015  	0.03685306  	0.13717172  	0.20665284  	0.10491031  	0.12918654  	0.06030709  	0.06656714  	0.15853426  	0.16734762  
2021-07-14 13:31:44.308: epoch 526:	0.04815606  	0.03689028  	0.13919483  	0.20720753  	0.10574131  	0.12956947  	0.06036323  	0.06658601  	0.15870489  	0.16716358  
2021-07-14 13:31:46.467: epoch 527:	0.04849125  	0.03685305  	0.13911591  	0.20712958  	0.10564742  	0.12914264  	0.06010067  	0.06622783  	0.15909675  	0.16744646  
2021-07-14 13:31:48.613: epoch 528:	0.04860300  	0.03687168  	0.13955788  	0.20746887  	0.10656985  	0.13012387  	0.06109612  	0.06716757  	0.16010794  	0.16858590  
2021-07-14 13:31:50.781: epoch 529:	0.04823056  	0.03672270  	0.13871141  	0.20661490  	0.10615564  	0.12970737  	0.06108333  	0.06708404  	0.15989120  	0.16840497  
2021-07-14 13:31:52.953: epoch 530:	0.04823055  	0.03692755  	0.13735792  	0.20761548  	0.10517010  	0.12936015  	0.06041862  	0.06658776  	0.15788612  	0.16668004  
2021-07-14 13:31:55.105: epoch 531:	0.04878924  	0.03679718  	0.13785231  	0.20477204  	0.10551594  	0.12857729  	0.06027421  	0.06609071  	0.15867186  	0.16707058  
2021-07-14 13:31:57.360: epoch 532:	0.04774638  	0.03687167  	0.13715072  	0.20792022  	0.10442190  	0.12894501  	0.05975837  	0.06612967  	0.15597175  	0.16477320  
2021-07-14 13:31:59.515: epoch 533:	0.04767188  	0.03679719  	0.13639046  	0.20755313  	0.10408107  	0.12863651  	0.05955786  	0.06588991  	0.15630379  	0.16545539  
2021-07-14 13:32:01.700: epoch 534:	0.04867750  	0.03651786  	0.14042047  	0.20682912  	0.10592014  	0.12873064  	0.06037815  	0.06610373  	0.15712598  	0.16566822  
2021-07-14 13:32:03.902: epoch 535:	0.04785810  	0.03675995  	0.13857199  	0.20903291  	0.10467760  	0.12895612  	0.05935271  	0.06560684  	0.15781412  	0.16652806  
2021-07-14 13:32:06.092: epoch 536:	0.04893821  	0.03681581  	0.14149605  	0.20635654  	0.10555128  	0.12803909  	0.05988817  	0.06550059  	0.15565856  	0.16420446  
2021-07-14 13:32:08.262: epoch 537:	0.04830503  	0.03700205  	0.13884769  	0.20850134  	0.10606772  	0.13007072  	0.06108231  	0.06715344  	0.15843619  	0.16726330  
2021-07-14 13:32:10.460: epoch 538:	0.04811880  	0.03659235  	0.13746257  	0.20639291  	0.10481884  	0.12854576  	0.06019018  	0.06627019  	0.15592597  	0.16460004  
2021-07-14 13:32:12.635: epoch 539:	0.04767187  	0.03683443  	0.13669105  	0.20705317  	0.10401010  	0.12843432  	0.05959661  	0.06566933  	0.15481739  	0.16425012  
2021-07-14 13:32:14.799: epoch 540:	0.04841676  	0.03603366  	0.13972290  	0.20323582  	0.10588875  	0.12783602  	0.06065261  	0.06615943  	0.15718484  	0.16537276  
2021-07-14 13:32:16.956: epoch 541:	0.04819330  	0.03646199  	0.13942084  	0.20474270  	0.10445566  	0.12721969  	0.05940375  	0.06509346  	0.15408395  	0.16265363  
2021-07-14 13:32:19.109: epoch 542:	0.04763464  	0.03655509  	0.13632734  	0.20762664  	0.10330027  	0.12772484  	0.05887140  	0.06503683  	0.15456602  	0.16358532  
2021-07-14 13:32:21.264: epoch 543:	0.04830504  	0.03689029  	0.14028977  	0.20883885  	0.10586782  	0.12949178  	0.06047416  	0.06652372  	0.15854506  	0.16690397  
2021-07-14 13:32:23.454: epoch 544:	0.04800707  	0.03674132  	0.13735823  	0.20726725  	0.10398652  	0.12807868  	0.05910180  	0.06527079  	0.15553309  	0.16436985  
2021-07-14 13:32:25.599: epoch 545:	0.04711322  	0.03648062  	0.13738278  	0.20708957  	0.10295041  	0.12719883  	0.05849932  	0.06474220  	0.15383616  	0.16261803  
2021-07-14 13:32:27.757: epoch 546:	0.04703873  	0.03668546  	0.13483119  	0.20629099  	0.10251244  	0.12724359  	0.05856930  	0.06486260  	0.15330203  	0.16231333  
2021-07-14 13:32:29.905: epoch 547:	0.04849125  	0.03601505  	0.13955107  	0.20431347  	0.10436717  	0.12656716  	0.05916127  	0.06472830  	0.15426911  	0.16249213  
2021-07-14 13:32:32.059: epoch 548:	0.04770913  	0.03607092  	0.13789143  	0.20469482  	0.10389520  	0.12685856  	0.05901912  	0.06483943  	0.15503013  	0.16334370  
2021-07-14 13:32:34.219: epoch 549:	0.04752291  	0.03640614  	0.13722110  	0.20645183  	0.10362452  	0.12751156  	0.05917551  	0.06524405  	0.15396272  	0.16287370  
2021-07-14 13:32:36.415: epoch 550:	0.04737394  	0.03618266  	0.13588259  	0.20443451  	0.10326445  	0.12676328  	0.05908331  	0.06503376  	0.15473704  	0.16307987  
2021-07-14 13:32:38.612: epoch 551:	0.04666631  	0.03629439  	0.13349220  	0.20526633  	0.10158620  	0.12627444  	0.05806937  	0.06440226  	0.15192860  	0.16108121  
2021-07-14 13:32:40.761: epoch 552:	0.04633110  	0.03627575  	0.13503513  	0.20421039  	0.10191493  	0.12603270  	0.05828721  	0.06442381  	0.15162784  	0.16040787  
2021-07-14 13:32:42.929: epoch 553:	0.04703874  	0.03605230  	0.13609147  	0.20239203  	0.10305297  	0.12624222  	0.05881709  	0.06488699  	0.15431073  	0.16266941  
2021-07-14 13:32:45.095: epoch 554:	0.04770911  	0.03592193  	0.13783771  	0.20220411  	0.10540734  	0.12776330  	0.06063199  	0.06636915  	0.15872425  	0.16685136  
2021-07-14 13:32:47.231: epoch 555:	0.04763463  	0.03651785  	0.13714047  	0.20420238  	0.10455072  	0.12782748  	0.06018206  	0.06609141  	0.15601110  	0.16436546  
2021-07-14 13:32:49.392: epoch 556:	0.04752291  	0.03631301  	0.13895813  	0.20472212  	0.10368998  	0.12664470  	0.05907122  	0.06490356  	0.15285979  	0.16128868  
2021-07-14 13:32:51.540: epoch 557:	0.04793258  	0.03610815  	0.13666414  	0.20332891  	0.10442765  	0.12732723  	0.06024088  	0.06616573  	0.15506260  	0.16310517  
2021-07-14 13:32:53.714: epoch 558:	0.04763464  	0.03625714  	0.13677900  	0.20597476  	0.10405971  	0.12767862  	0.05964628  	0.06561298  	0.15592845  	0.16459598  
2021-07-14 13:32:55.873: epoch 559:	0.04655458  	0.03625716  	0.13427426  	0.20464295  	0.10300794  	0.12735718  	0.05926725  	0.06553303  	0.15597248  	0.16480258  
2021-07-14 13:32:58.060: epoch 560:	0.04752291  	0.03601505  	0.13805896  	0.20367496  	0.10442531  	0.12712704  	0.05980235  	0.06560175  	0.15588994  	0.16418137  
2021-07-14 13:33:00.218: epoch 561:	0.04718771  	0.03586608  	0.13545430  	0.20137930  	0.10299892  	0.12590997  	0.05871253  	0.06460182  	0.15480986  	0.16325435  
2021-07-14 13:33:02.400: epoch 562:	0.04696426  	0.03618265  	0.13673948  	0.20543851  	0.10293523  	0.12678659  	0.05860015  	0.06483911  	0.15371135  	0.16218331  
2021-07-14 13:33:04.609: epoch 563:	0.04770913  	0.03571709  	0.13706473  	0.20126389  	0.10360318  	0.12580052  	0.05896698  	0.06464338  	0.15440771  	0.16251738  
2021-07-14 13:33:06.772: epoch 564:	0.04677803  	0.03582882  	0.13560306  	0.20100771  	0.10333862  	0.12630259  	0.05923467  	0.06517027  	0.15559715  	0.16409913  
2021-07-14 13:33:08.977: epoch 565:	0.04688976  	0.03649922  	0.13507855  	0.20359793  	0.10250311  	0.12655440  	0.05845777  	0.06466275  	0.15423837  	0.16265057  
2021-07-14 13:33:11.154: epoch 566:	0.04599591  	0.03595920  	0.13275692  	0.20202127  	0.10164865  	0.12589678  	0.05830460  	0.06457195  	0.15424307  	0.16293310  
2021-07-14 13:33:13.301: epoch 567:	0.04796983  	0.03595918  	0.13808668  	0.20269266  	0.10335133  	0.12573040  	0.05836619  	0.06411325  	0.15392077  	0.16199352  
2021-07-14 13:33:15.479: epoch 568:	0.04707597  	0.03681581  	0.13602237  	0.20664541  	0.10294034  	0.12760149  	0.05868689  	0.06508177  	0.15467313  	0.16358450  
2021-07-14 13:33:17.629: epoch 569:	0.04703873  	0.03592194  	0.13642737  	0.20297292  	0.10233906  	0.12552412  	0.05783952  	0.06376461  	0.15374558  	0.16248269  
2021-07-14 13:33:19.811: epoch 570:	0.04674079  	0.03584746  	0.13555272  	0.20148233  	0.10267703  	0.12583201  	0.05861232  	0.06473151  	0.15391095  	0.16201793  
2021-07-14 13:33:21.982: epoch 571:	0.04644284  	0.03534463  	0.13378127  	0.20016447  	0.10216619  	0.12501803  	0.05821569  	0.06408946  	0.15517753  	0.16341482  
2021-07-14 13:33:24.158: epoch 572:	0.04692701  	0.03590332  	0.13549575  	0.20213403  	0.10334800  	0.12642880  	0.05924351  	0.06518319  	0.15572698  	0.16407278  
2021-07-14 13:33:26.347: epoch 573:	0.04677804  	0.03573572  	0.13592383  	0.20250772  	0.10295691  	0.12603907  	0.05893226  	0.06477874  	0.15419813  	0.16289294  
2021-07-14 13:33:28.519: epoch 574:	0.04655457  	0.03601504  	0.13551511  	0.20244959  	0.10288548  	0.12638600  	0.05916124  	0.06519203  	0.15361194  	0.16223764  
2021-07-14 13:33:30.700: epoch 575:	0.04662906  	0.03573572  	0.13398497  	0.20168322  	0.10275799  	0.12628713  	0.05893264  	0.06501428  	0.15567647  	0.16426504  
2021-07-14 13:33:32.854: epoch 576:	0.04700149  	0.03560536  	0.13642038  	0.20138353  	0.10334285  	0.12592889  	0.05896833  	0.06482233  	0.15549727  	0.16325819  
2021-07-14 13:33:35.004: epoch 577:	0.04703873  	0.03543776  	0.13534699  	0.20001890  	0.10365441  	0.12596405  	0.05944860  	0.06517044  	0.15729150  	0.16529563  
2021-07-14 13:33:37.203: epoch 578:	0.04610765  	0.03562399  	0.13216749  	0.20155004  	0.10189665  	0.12588006  	0.05872128  	0.06495848  	0.15455057  	0.16322285  
2021-07-14 13:33:39.367: epoch 579:	0.04674081  	0.03525152  	0.13516673  	0.20009248  	0.10324655  	0.12585096  	0.05934266  	0.06517369  	0.15595746  	0.16426224  
2021-07-14 13:33:41.524: epoch 580:	0.04711323  	0.03605228  	0.13608888  	0.20414637  	0.10336909  	0.12694740  	0.05921401  	0.06532414  	0.15535772  	0.16389698  
2021-07-14 13:33:43.714: epoch 581:	0.04614488  	0.03573572  	0.13340671  	0.20100413  	0.10172755  	0.12535821  	0.05840249  	0.06463774  	0.15349391  	0.16194686  
2021-07-14 13:33:45.875: epoch 582:	0.04662906  	0.03562396  	0.13550304  	0.19965789  	0.10384498  	0.12635659  	0.05992845  	0.06591044  	0.15711790  	0.16500132  
