2021-07-14 12:49:01.249: Dataset name: ml-100k
The number of users: 943
The number of items: 1682
The number of ratings: 100000
Average actions of users: 106.04
Average actions of items: 59.45
The sparsity of the dataset: 93.695331%
2021-07-14 12:49:01.249: 

NeuRec hyperparameters:
recommender=CDAE
config_dir=./conf
gpu_id=0
gpu_mem=0.5
data.input.path=dataset
data.input.dataset=ml-100k
data.column.format=UIRT
data.convert.separator='\t'
user_min=0
item_min=0
splitter=ratio
ratio=0.8
by_time=False
metric=["Precision", "Recall", "NDCG", "MAP", "MRR"]
topk=[10, 20]
group_view=None
rec.evaluate.neg=0
test_batch_size=128
num_thread=8

CDAE's hyperparameters:
lr=0.001
reg=0.001
hidden_dim=64
dropout=0.5
num_neg=5
epochs=5000
batch_size=32
hidden_act=sigmoid
loss_func=sigmoid_cross_entropy

2021-07-14 12:49:01.969: metrics:	Precision@10	Precision@20	Recall@10   	Recall@20   	NDCG@10     	NDCG@20     	MAP@10      	MAP@20      	MRR@10      	MRR@20      
2021-07-14 12:49:03.234: epoch 0:	0.18759291  	0.15562063  	0.10284442  	0.16434255  	0.21422523  	0.21103297  	0.11448877  	0.09527066  	0.41503707  	0.42277798  
2021-07-14 12:49:04.206: epoch 1:	0.18748686  	0.14989424  	0.10676877  	0.16344252  	0.21700123  	0.21017158  	0.11564205  	0.09428172  	0.41980994  	0.42672512  
2021-07-14 12:49:05.173: epoch 2:	0.18483587  	0.15397690  	0.10349540  	0.16400519  	0.21267073  	0.21100067  	0.11258885  	0.09501644  	0.41253185  	0.41879186  
2021-07-14 12:49:06.163: epoch 3:	0.19353135  	0.15524946  	0.11350522  	0.16575332  	0.22262795  	0.21552822  	0.11905682  	0.09890132  	0.42233300  	0.42812935  
2021-07-14 12:49:07.132: epoch 4:	0.19024399  	0.15349968  	0.10976487  	0.16476448  	0.21925503  	0.21250173  	0.11744354  	0.09636641  	0.41829211  	0.42415825  
2021-07-14 12:49:08.103: epoch 5:	0.18515395  	0.15699920  	0.09859762  	0.16651008  	0.21582370  	0.21570836  	0.11700276  	0.09845665  	0.42252135  	0.43092048  
2021-07-14 12:49:09.057: epoch 6:	0.18632023  	0.15577964  	0.10169894  	0.16541386  	0.21655530  	0.21505450  	0.11757268  	0.09838962  	0.41973177  	0.42856511  
2021-07-14 12:49:10.014: epoch 7:	0.18759292  	0.15466617  	0.10302163  	0.16570325  	0.21677808  	0.21359307  	0.11692084  	0.09680095  	0.41959473  	0.42785504  
2021-07-14 12:49:10.980: epoch 8:	0.18250279  	0.15402991  	0.09908346  	0.16318031  	0.21199988  	0.21047555  	0.11499308  	0.09520019  	0.41264603  	0.42123926  
2021-07-14 12:49:11.941: epoch 9:	0.19035016  	0.15302254  	0.10671096  	0.16431198  	0.21849489  	0.21216401  	0.11743955  	0.09615763  	0.41649789  	0.42361459  
2021-07-14 12:49:12.901: epoch 10:	0.18515386  	0.15254529  	0.09930269  	0.16413251  	0.21452495  	0.21168748  	0.11659183  	0.09577601  	0.41700378  	0.42601368  
2021-07-14 12:49:13.866: epoch 11:	0.18759286  	0.15456025  	0.10653079  	0.15954235  	0.21831913  	0.21273668  	0.11773355  	0.09796491  	0.42424107  	0.42989329  
2021-07-14 12:49:14.834: epoch 12:	0.18928975  	0.15137886  	0.10735353  	0.16503133  	0.21550824  	0.21089523  	0.11449909  	0.09482960  	0.40594852  	0.41249886  
2021-07-14 12:49:15.795: epoch 13:	0.18759298  	0.15646900  	0.10329271  	0.16723426  	0.21712220  	0.21533857  	0.11763664  	0.09816796  	0.41982150  	0.42811942  
2021-07-14 12:49:16.757: epoch 14:	0.18388127  	0.15461323  	0.10311834  	0.16687082  	0.21504243  	0.21440183  	0.11664855  	0.09747986  	0.41977912  	0.42917305  
2021-07-14 12:49:17.715: epoch 15:	0.18282083  	0.15609787  	0.09924461  	0.16875416  	0.21171238  	0.21329053  	0.11393634  	0.09601489  	0.41391897  	0.42337450  
2021-07-14 12:49:18.685: epoch 16:	0.18748687  	0.15392394  	0.10271872  	0.16260678  	0.21582095  	0.21116707  	0.11668352  	0.09574768  	0.41526166  	0.42304036  
2021-07-14 12:49:19.649: epoch 17:	0.18960774  	0.15715833  	0.11017616  	0.16847421  	0.21951123  	0.21632458  	0.11712655  	0.09825560  	0.42399651  	0.43052739  
2021-07-14 12:49:20.609: epoch 18:	0.18716876  	0.15418907  	0.10323888  	0.16702871  	0.21687564  	0.21503164  	0.11680680  	0.09754288  	0.41948855  	0.42782629  
2021-07-14 12:49:21.572: epoch 19:	0.17985152  	0.15583269  	0.09370929  	0.16826841  	0.21036904  	0.21386832  	0.11461402  	0.09636588  	0.41459277  	0.42631501  
2021-07-14 12:49:22.531: epoch 20:	0.18875948  	0.15461320  	0.10605425  	0.16253404  	0.21837598  	0.21358502  	0.11696023  	0.09776790  	0.42083612  	0.42693302  
2021-07-14 12:49:23.496: epoch 21:	0.18589622  	0.15551463  	0.10046667  	0.16121595  	0.21582036  	0.21245635  	0.11745567  	0.09732391  	0.41895938  	0.42583618  
2021-07-14 12:49:24.450: epoch 22:	0.18589620  	0.15471923  	0.10675940  	0.16693310  	0.21397445  	0.21248187  	0.11249892  	0.09521784  	0.41508225  	0.42156619  
2021-07-14 12:49:25.423: epoch 23:	0.19406170  	0.15540858  	0.10810372  	0.16549547  	0.22017273  	0.21307690  	0.11999908  	0.09748179  	0.41013750  	0.41694155  
2021-07-14 12:49:26.379: epoch 24:	0.18854734  	0.15588574  	0.10452491  	0.16550308  	0.21736750  	0.21448776  	0.11706168  	0.09816852  	0.41798636  	0.42481464  
2021-07-14 12:49:27.351: epoch 25:	0.18568419  	0.15312855  	0.10554640  	0.16269763  	0.21623670  	0.21187913  	0.11611193  	0.09627363  	0.41887867  	0.42627487  
2021-07-14 12:49:28.310: epoch 26:	0.18536595  	0.14883377  	0.10009543  	0.15759256  	0.20920415  	0.20261882  	0.11275320  	0.09074052  	0.38700345  	0.39465836  
2021-07-14 12:49:29.277: epoch 27:	0.18621428  	0.15805961  	0.10095929  	0.16955531  	0.21531494  	0.21640155  	0.11682586  	0.09867135  	0.41518402  	0.42451283  
2021-07-14 12:49:30.237: epoch 28:	0.19045612  	0.15609783  	0.10800704  	0.16404459  	0.21865302  	0.21396236  	0.11662713  	0.09722459  	0.42319307  	0.42890936  
2021-07-14 12:49:31.204: epoch 29:	0.18769906  	0.15318160  	0.10692468  	0.16647780  	0.21789603  	0.21371587  	0.11642669  	0.09665618  	0.42111167  	0.42846665  
2021-07-14 12:49:32.164: epoch 30:	0.18822920  	0.15079570  	0.10573228  	0.16327040  	0.21609740  	0.20942521  	0.11636411  	0.09430349  	0.41205639  	0.41903529  
2021-07-14 12:49:33.127: epoch 31:	0.19098632  	0.15323472  	0.10905746  	0.16230525  	0.21735975  	0.21159689  	0.11645214  	0.09718911  	0.40519986  	0.41120416  
2021-07-14 12:49:34.110: epoch 32:	0.19013801  	0.15477224  	0.11267261  	0.16766119  	0.21741062  	0.21383202  	0.11442331  	0.09642707  	0.41113859  	0.41644442  
2021-07-14 12:49:35.077: epoch 33:	0.18907757  	0.15418911  	0.10668994  	0.15752240  	0.21539374  	0.20927516  	0.11481608  	0.09558654  	0.40752873  	0.41347060  
2021-07-14 12:49:36.047: epoch 34:	0.18822917  	0.15577969  	0.10423224  	0.16543518  	0.21865945  	0.21467334  	0.11777583  	0.09764988  	0.42668211  	0.43320781  
2021-07-14 12:49:37.017: epoch 35:	0.18865342  	0.15424199  	0.10798205  	0.16655126  	0.21572800  	0.21217228  	0.11408364  	0.09569097  	0.40949368  	0.41542032  
2021-07-14 12:49:37.973: epoch 36:	0.18525998  	0.15609784  	0.10496797  	0.17052133  	0.21366264  	0.21402138  	0.11292345  	0.09573286  	0.41703075  	0.42407703  
2021-07-14 12:49:38.936: epoch 37:	0.19098631  	0.15360573  	0.11222405  	0.16208833  	0.21632235  	0.21057419  	0.11410815  	0.09586824  	0.40417597  	0.40973890  
2021-07-14 12:49:39.906: epoch 38:	0.18791097  	0.15084869  	0.10997161  	0.16301288  	0.21531032  	0.20928988  	0.11416318  	0.09442329  	0.40574181  	0.41207540  
2021-07-14 12:49:40.906: epoch 39:	0.18801714  	0.15334077  	0.10171220  	0.15996152  	0.21775636  	0.21204512  	0.11861902  	0.09698118  	0.42141607  	0.42952141  
2021-07-14 12:49:41.879: epoch 40:	0.19109234  	0.15477233  	0.11217304  	0.16509977  	0.21660019  	0.21047214  	0.11423773  	0.09444208  	0.40867418  	0.41430122  
2021-07-14 12:49:42.845: epoch 41:	0.18780507  	0.15509033  	0.10986989  	0.16910394  	0.21689163  	0.21499985  	0.11374067  	0.09667770  	0.42039773  	0.42681533  
2021-07-14 12:49:43.817: epoch 42:	0.18865339  	0.15562066  	0.10898115  	0.16793789  	0.21621178  	0.21321788  	0.11471104  	0.09608123  	0.41510975  	0.42101812  
2021-07-14 12:49:44.781: epoch 43:	0.18865345  	0.15127282  	0.10635917  	0.15888606  	0.21906267  	0.21066505  	0.11853302  	0.09620707  	0.42309126  	0.42935559  
2021-07-14 12:49:45.739: epoch 44:	0.19003199  	0.15169701  	0.10429443  	0.15761301  	0.21934122  	0.21125484  	0.11907294  	0.09746712  	0.41929549  	0.42555019  
2021-07-14 12:49:46.703: epoch 45:	0.18123026  	0.15673403  	0.10191131  	0.17249781  	0.21110244  	0.21430269  	0.11203197  	0.09514953  	0.41477022  	0.42395923  
2021-07-14 12:49:47.670: epoch 46:	0.18759288  	0.15249231  	0.10871161  	0.16507064  	0.21317303  	0.20956023  	0.11175450  	0.09379873  	0.40444037  	0.41097206  
2021-07-14 12:49:48.633: epoch 47:	0.19056216  	0.15556765  	0.10576529  	0.16172369  	0.22096352  	0.21569027  	0.12067454  	0.10045362  	0.42193311  	0.42856899  
2021-07-14 12:49:49.611: epoch 48:	0.18292689  	0.15360577  	0.09969842  	0.16463758  	0.21474686  	0.21280429  	0.11614853  	0.09595493  	0.42334059  	0.43174455  
2021-07-14 12:49:50.586: epoch 49:	0.19013800  	0.15408298  	0.11296073  	0.16697973  	0.21544231  	0.21234703  	0.11272505  	0.09585045  	0.40202588  	0.40828708  
2021-07-14 12:49:51.551: epoch 50:	0.18642628  	0.15238626  	0.10427736  	0.16401589  	0.21640331  	0.21135889  	0.11658240  	0.09548633  	0.41770646  	0.42525011  
2021-07-14 12:49:52.511: epoch 51:	0.18271478  	0.15371187  	0.09879784  	0.16661844  	0.21397887  	0.21338579  	0.11638200  	0.09625631  	0.41845921  	0.42823294  
2021-07-14 12:49:53.482: epoch 52:	0.18759292  	0.15567364  	0.10604471  	0.16457188  	0.21719030  	0.21354170  	0.11599644  	0.09664742  	0.42315719  	0.42972845  
2021-07-14 12:49:54.441: epoch 53:	0.19035013  	0.15275750  	0.11014184  	0.15927316  	0.22019804  	0.21203370  	0.11776921  	0.09743626  	0.42246768  	0.42694166  
2021-07-14 12:49:55.396: epoch 54:	0.18928958  	0.15684018  	0.10352243  	0.16823193  	0.21846259  	0.21629792  	0.11916169  	0.09894920  	0.41924956  	0.42799759  
2021-07-14 12:49:56.354: epoch 55:	0.19119845  	0.15556766  	0.11182097  	0.16682908  	0.21917981  	0.21457556  	0.11638544  	0.09728686  	0.41704020  	0.42347109  
2021-07-14 12:49:57.314: epoch 56:	0.19416758  	0.15387090  	0.11149401  	0.16390258  	0.22198033  	0.21345012  	0.11906303  	0.09757356  	0.41802952  	0.42378455  
2021-07-14 12:49:58.266: epoch 57:	0.18844126  	0.15323465  	0.10748724  	0.16529274  	0.21603322  	0.21165967  	0.11618207  	0.09594777  	0.40397665  	0.41157669  
2021-07-14 12:49:59.230: epoch 58:	0.19024408  	0.15583269  	0.10989591  	0.16509126  	0.21662642  	0.21257111  	0.11516024  	0.09666533  	0.40862402  	0.41465411  
2021-07-14 12:50:00.191: epoch 59:	0.18738091  	0.15127279  	0.10568341  	0.16161001  	0.21759737  	0.21144195  	0.11667640  	0.09604021  	0.42235214  	0.42885235  
2021-07-14 12:50:01.154: epoch 60:	0.18409346  	0.15747640  	0.10450758  	0.16999918  	0.20993285  	0.21287628  	0.11006588  	0.09482965  	0.40155795  	0.40909606  
2021-07-14 12:50:02.118: epoch 61:	0.18918352  	0.15402994  	0.10494582  	0.16645826  	0.21552405  	0.21200497  	0.11526102  	0.09565853  	0.41421309  	0.42174318  
2021-07-14 12:50:03.083: epoch 62:	0.19077440  	0.15535554  	0.10916296  	0.16652402  	0.21584152  	0.21164086  	0.11413525  	0.09506863  	0.40682250  	0.41344681  
2021-07-14 12:50:04.044: epoch 63:	0.18144231  	0.15514347  	0.09109527  	0.16626880  	0.21285239  	0.21368408  	0.11815519  	0.09687506  	0.42069453  	0.43233472  
2021-07-14 12:50:04.991: epoch 64:	0.18928964  	0.15487827  	0.10372306  	0.16261050  	0.21910819  	0.21382400  	0.11937159  	0.09846505  	0.42318314  	0.43036178  
2021-07-14 12:50:05.994: epoch 65:	0.18313912  	0.15588568  	0.09920886  	0.16824213  	0.21392100  	0.21501647  	0.11569420  	0.09724152  	0.42074713  	0.42998788  
2021-07-14 12:50:06.961: epoch 66:	0.19172861  	0.15482527  	0.10940714  	0.16762897  	0.22033812  	0.21458267  	0.11776030  	0.09681505  	0.42372918  	0.43035045  
2021-07-14 12:50:07.934: epoch 67:	0.18525994  	0.15281053  	0.09750265  	0.15919054  	0.21332031  	0.20928401  	0.11633714  	0.09557740  	0.41173798  	0.41962230  
2021-07-14 12:50:08.903: epoch 68:	0.19035004  	0.15636291  	0.10717247  	0.16459846  	0.21974482  	0.21476503  	0.11883767  	0.09844603  	0.42164114  	0.42865363  
2021-07-14 12:50:09.869: epoch 69:	0.18388137  	0.15445413  	0.09699223  	0.16493261  	0.21294452  	0.21227443  	0.11596471  	0.09638462  	0.41732180  	0.42710140  
2021-07-14 12:50:10.845: epoch 70:	0.18992588  	0.15652199  	0.10716055  	0.16674243  	0.21633151  	0.21242961  	0.11505024  	0.09596271  	0.41140854  	0.41811189  
2021-07-14 12:50:11.833: epoch 71:	0.18568407  	0.15503742  	0.10264886  	0.16495839  	0.21584871  	0.21421903  	0.11686009  	0.09776952  	0.41833884  	0.42705777  
2021-07-14 12:50:12.799: epoch 72:	0.18706273  	0.15408298  	0.10302563  	0.16519757  	0.21722269  	0.21434340  	0.11797983  	0.09773575  	0.42079133  	0.42983934  
2021-07-14 12:50:13.772: epoch 73:	0.18091209  	0.15694624  	0.09911644  	0.17151298  	0.21244876  	0.21586293  	0.11388069  	0.09681389  	0.42190111  	0.43029365  
2021-07-14 12:50:14.738: epoch 74:	0.18886542  	0.15530251  	0.10954395  	0.16705374  	0.22001201  	0.21520256  	0.11812714  	0.09794361  	0.42642424  	0.43290022  
