2021-07-14 12:48:29.157: Dataset name: ml-100k
The number of users: 943
The number of items: 1682
The number of ratings: 100000
Average actions of users: 106.04
Average actions of items: 59.45
The sparsity of the dataset: 93.695331%
2021-07-14 12:48:29.157: 

NeuRec hyperparameters:
recommender=MF
config_dir=./conf
gpu_id=0
gpu_mem=0.5
data.input.path=dataset
data.input.dataset=ml-100k
data.column.format=UIRT
data.convert.separator='\t'
user_min=0
item_min=0
splitter=ratio
ratio=0.8
by_time=False
metric=["Precision", "Recall", "NDCG", "MAP", "MRR"]
topk=[10, 20]
group_view=None
rec.evaluate.neg=0
test_batch_size=128
num_thread=8

MF's hyperparameters:
epochs=300
batch_size=512
embedding_size=64
reg_mf=0.0
learning_rate=0.001
learner=adam
num_negatives=1
is_pairwise=True
loss_function=bpr
init_method=normal
stddev=0.01
verbose=1

2021-07-14 12:48:29.672: metrics:	Precision@10	Precision@20	Recall@10   	Recall@20   	NDCG@10     	NDCG@20     	MAP@10      	MAP@20      	MRR@10      	MRR@20      
2021-07-14 12:48:30.223: [iter 1 : loss : 348.501007, time: 0.504990]
2021-07-14 12:48:30.285: epoch 1:	0.20540835  	0.16733859  	0.10550319  	0.16546032  	0.24152315  	0.23194769  	0.14136903  	0.11513507  	0.45625988  	0.46235552  
2021-07-14 12:48:30.681: [iter 2 : loss : 238.279352, time: 0.396256]
2021-07-14 12:48:30.745: epoch 2:	0.21664929  	0.17412554  	0.12347361  	0.18794025  	0.25444317  	0.24698265  	0.14645192  	0.12122509  	0.46155599  	0.46761060  
2021-07-14 12:48:31.137: [iter 3 : loss : 178.530952, time: 0.392578]
2021-07-14 12:48:31.205: epoch 3:	0.22693563  	0.18298027  	0.13710506  	0.20605275  	0.27376229  	0.26706722  	0.15930563  	0.13294055  	0.50717670  	0.51262629  
2021-07-14 12:48:31.602: [iter 4 : loss : 162.893109, time: 0.396628]
2021-07-14 12:48:31.664: epoch 4:	0.24220590  	0.19316049  	0.15107770  	0.22506312  	0.29036415  	0.28346834  	0.17171870  	0.14413776  	0.51785725  	0.52327704  
2021-07-14 12:48:32.165: [iter 5 : loss : 152.506194, time: 0.499848]
2021-07-14 12:48:32.232: epoch 5:	0.25228027  	0.20387085  	0.15911165  	0.24281922  	0.30160683  	0.29905543  	0.18109885  	0.15539175  	0.52886027  	0.53334302  
2021-07-14 12:48:32.650: [iter 6 : loss : 144.777778, time: 0.417122]
2021-07-14 12:48:32.713: epoch 6:	0.26214239  	0.21113494  	0.16584010  	0.25513282  	0.31275108  	0.31102702  	0.19011359  	0.16453269  	0.53867209  	0.54394239  
2021-07-14 12:48:33.100: [iter 7 : loss : 139.406351, time: 0.386503]
2021-07-14 12:48:33.160: epoch 7:	0.26542974  	0.21829294  	0.16997333  	0.26355782  	0.31928611  	0.32047361  	0.19576281  	0.17144357  	0.55105335  	0.55639523  
2021-07-14 12:48:33.573: [iter 8 : loss : 131.686093, time: 0.412000]
2021-07-14 12:48:33.640: epoch 8:	0.27179247  	0.22290571  	0.17287210  	0.26927719  	0.32504213  	0.32615423  	0.20122653  	0.17610073  	0.54996347  	0.55489147  
2021-07-14 12:48:34.047: [iter 9 : loss : 129.298308, time: 0.406494]
2021-07-14 12:48:34.104: epoch 9:	0.28282109  	0.22762464  	0.18034734  	0.27534935  	0.33375695  	0.33185565  	0.20722611  	0.18017137  	0.55611998  	0.56069624  
2021-07-14 12:48:34.564: [iter 10 : loss : 124.708684, time: 0.460716]
2021-07-14 12:48:34.631: epoch 10:	0.28006384  	0.23011671  	0.17611016  	0.27741134  	0.33238435  	0.33438948  	0.20778164  	0.18224438  	0.55723363  	0.56285065  
2021-07-14 12:48:35.036: [iter 11 : loss : 120.577702, time: 0.404557]
2021-07-14 12:48:35.108: epoch 11:	0.28854749  	0.23313898  	0.18177952  	0.28018966  	0.34126991  	0.33969691  	0.21463515  	0.18674457  	0.56542224  	0.57009715  
2021-07-14 12:48:35.513: [iter 12 : loss : 117.399712, time: 0.405021]
2021-07-14 12:48:35.584: epoch 12:	0.28833538  	0.23446463  	0.18101855  	0.28214210  	0.34090671  	0.34089237  	0.21595223  	0.18836671  	0.56163168  	0.56658041  
2021-07-14 12:48:35.997: [iter 13 : loss : 114.035901, time: 0.412257]
2021-07-14 12:48:36.068: epoch 13:	0.29024431  	0.23833537  	0.18344828  	0.28936803  	0.34162661  	0.34427062  	0.21480583  	0.18929820  	0.56082886  	0.56566316  
2021-07-14 12:48:36.550: [iter 14 : loss : 112.451634, time: 0.481519]
2021-07-14 12:48:36.613: epoch 14:	0.29183480  	0.23838826  	0.18395281  	0.29192990  	0.34405714  	0.34645411  	0.21643502  	0.19062610  	0.56616014  	0.57124019  
2021-07-14 12:48:37.022: [iter 15 : loss : 110.211059, time: 0.409278]
2021-07-14 12:48:37.106: epoch 15:	0.29597044  	0.24045616  	0.18955471  	0.29539299  	0.34880403  	0.35003594  	0.21950042  	0.19321458  	0.57280058  	0.57718289  
2021-07-14 12:48:37.508: [iter 16 : loss : 107.908277, time: 0.401722]
2021-07-14 12:48:37.580: epoch 16:	0.29777333  	0.24183469  	0.18701512  	0.29520658  	0.35138816  	0.35190356  	0.22194269  	0.19439374  	0.58396852  	0.58825439  
2021-07-14 12:48:37.974: [iter 17 : loss : 105.028717, time: 0.394442]
2021-07-14 12:48:38.036: epoch 17:	0.30042446  	0.24485704  	0.19061485  	0.30124739  	0.35290962  	0.35525817  	0.22333166  	0.19653389  	0.57258797  	0.57745230  
2021-07-14 12:48:38.425: [iter 18 : loss : 102.877686, time: 0.388979]
2021-07-14 12:48:38.492: epoch 18:	0.30031833  	0.24427369  	0.18973204  	0.29918870  	0.35189620  	0.35358012  	0.22310303  	0.19562289  	0.56909186  	0.57346439  
2021-07-14 12:48:38.948: [iter 19 : loss : 102.473095, time: 0.455950]
2021-07-14 12:48:39.035: epoch 19:	0.30265138  	0.24586436  	0.18978953  	0.29844189  	0.35555121  	0.35611770  	0.22596803  	0.19769987  	0.57769603  	0.58145767  
2021-07-14 12:48:39.439: [iter 20 : loss : 99.292368, time: 0.403902]
2021-07-14 12:48:39.501: epoch 20:	0.30699930  	0.24989408  	0.19313765  	0.30673531  	0.36081642  	0.36243820  	0.22984491  	0.20156293  	0.58661610  	0.59061539  
2021-07-14 12:48:39.914: [iter 21 : loss : 98.171042, time: 0.412793]
2021-07-14 12:48:39.985: epoch 21:	0.30816564  	0.25053024  	0.19378966  	0.30592537  	0.36543468  	0.36599952  	0.23442876  	0.20540090  	0.59594363  	0.59967798  
2021-07-14 12:48:40.378: [iter 22 : loss : 96.014884, time: 0.392996]
2021-07-14 12:48:40.442: epoch 22:	0.31007457  	0.25318140  	0.19703610  	0.31047982  	0.36631998  	0.36809134  	0.23515354  	0.20703514  	0.58926076  	0.59294647  
2021-07-14 12:48:40.912: [iter 23 : loss : 93.328722, time: 0.470312]
2021-07-14 12:48:40.977: epoch 23:	0.31124094  	0.25540823  	0.19709975  	0.31232721  	0.36821979  	0.37114948  	0.23686954  	0.20916353  	0.59349710  	0.59817225  
2021-07-14 12:48:41.378: [iter 24 : loss : 91.793901, time: 0.400787]
2021-07-14 12:48:41.441: epoch 24:	0.31251350  	0.25599149  	0.19737452  	0.31590742  	0.37200764  	0.37488785  	0.24106985  	0.21187565  	0.60166544  	0.60610533  
2021-07-14 12:48:41.838: [iter 25 : loss : 89.760960, time: 0.396429]
2021-07-14 12:48:41.900: epoch 25:	0.31314978  	0.25742310  	0.19947915  	0.31608838  	0.37210131  	0.37536711  	0.24052490  	0.21245173  	0.60107893  	0.60539246  
2021-07-14 12:48:42.293: [iter 26 : loss : 89.507250, time: 0.393240]
2021-07-14 12:48:42.347: epoch 26:	0.31664914  	0.25774133  	0.20156653  	0.31736389  	0.37610170  	0.37759846  	0.24414822  	0.21408506  	0.60556620  	0.60999793  
2021-07-14 12:48:42.807: [iter 27 : loss : 85.554001, time: 0.459969]
2021-07-14 12:48:42.868: epoch 27:	0.31633115  	0.25975606  	0.20291117  	0.31872579  	0.37688923  	0.38000682  	0.24344054  	0.21589784  	0.60893363  	0.61243308  
2021-07-14 12:48:43.272: [iter 28 : loss : 85.762010, time: 0.403430]
2021-07-14 12:48:43.335: epoch 28:	0.31696746  	0.26081645  	0.20103215  	0.32039484  	0.37743992  	0.38168475  	0.24514426  	0.21725479  	0.60821992  	0.61265087  
2021-07-14 12:48:43.744: [iter 29 : loss : 83.268347, time: 0.408732]
2021-07-14 12:48:43.814: epoch 29:	0.32269362  	0.26155874  	0.20620252  	0.32356477  	0.38318664  	0.38470450  	0.24906515  	0.21963811  	0.61380500  	0.61773354  
2021-07-14 12:48:44.208: [iter 30 : loss : 82.785021, time: 0.392846]
2021-07-14 12:48:44.269: epoch 30:	0.32078487  	0.26235405  	0.20700228  	0.32312241  	0.38193148  	0.38493139  	0.24815179  	0.22043155  	0.61042142  	0.61487871  
2021-07-14 12:48:44.665: [iter 31 : loss : 80.773088, time: 0.396050]
2021-07-14 12:48:44.733: epoch 31:	0.32428455  	0.26527026  	0.20891930  	0.32664570  	0.38443220  	0.38757151  	0.25048438  	0.22251908  	0.60994172  	0.61342621  
2021-07-14 12:48:45.206: [iter 32 : loss : 80.357017, time: 0.472104]
2021-07-14 12:48:45.267: epoch 32:	0.32258779  	0.26564151  	0.20765440  	0.32710162  	0.38488397  	0.38918394  	0.25150359  	0.22359566  	0.61555988  	0.61977375  
2021-07-14 12:48:45.659: [iter 33 : loss : 79.135574, time: 0.391868]
2021-07-14 12:48:45.725: epoch 33:	0.32682958  	0.26585361  	0.20843172  	0.32748502  	0.38794285  	0.38951176  	0.25476703  	0.22375226  	0.61959803  	0.62381935  
2021-07-14 12:48:46.126: [iter 34 : loss : 76.677692, time: 0.400893]
2021-07-14 12:48:46.200: epoch 34:	0.32661760  	0.26802748  	0.20793101  	0.33206758  	0.38961643  	0.39374936  	0.25649741  	0.22708713  	0.62672102  	0.63078403  
